T9D0566C0 000:001.606   SEGGER J-Link V7.96j Log File
T9D0566C0 000:001.681   DLL Compiled: May 29 2024 15:42:37
T9D0566C0 000:001.683   Logging started @ 2024-08-21 07:03
T9D0566C0 000:001.686   Process: /home/truongchu/.eclipse/com.renesas.platform_626254658/DebugComp/RA/e2-server-gdb
T9D0566C0 000:001.688 - 1.688ms
T9D0566C0 000:001.692 JLINK_GetDLLVersion()
T9D0566C0 000:001.694 - 0.002ms returns 79610
T9D0566C0 000:001.930 JLINK_OpenEx(...)
T9D0566C0 000:005.962   Firmware: J-Link OB-S124 compiled Apr 23 2024 10:48:24
T9D0566C0 000:007.267   Firmware: J-Link OB-S124 compiled Apr 23 2024 10:48:24
T9D0566C0 000:034.174   Hardware: V1.00
T9D0566C0 000:034.188   S/N: 831155721
T9D0566C0 000:034.192   OEM: SEGGER
T9D0566C0 000:034.195   Feature(s): None
T9D0566C0 000:035.298   Bootloader: 2019 Oct 15
T9D0566C0 000:036.364   USB speed mode: Full speed (12 MBit/s)
T9D0566C0 000:037.227   TELNET listener socket opened on port 19021
T9D0566C0 000:037.443   WEBSRV WEBSRV_Init(): Starting webserver thread(s)
T9D0566C0 000:037.587   WEBSRV Webserver running on local port 19080
T9D0566C0 000:037.637   Looking for J-Link GUI Server exe at: ARM/Segger_v7.96.10/JLinkGUIServerExe
T9D0566C0 000:037.679   Looking for J-Link GUI Server exe at: /opt/SEGGER/JLink/JLinkGUIServerExe
T9D0566C0 000:037.715   Forking J-Link GUI Server: /opt/SEGGER/JLink/JLinkGUIServerExe
T9D0566C0 000:084.566   J-Link GUI Server info: "J-Link GUI server V7.88d "
T9D0566C0 000:084.797   J-Link GUI Server: Connection breakdown.
T9D0566C0 000:084.864 - 82.922ms returns "O.K."
T9D0566C0 000:084.915 JLINK_ExecCommand("ProjectFile="/home/truongchu/Academic/HK9/IoT/BlinkyRA/BlinkyRA Debug_Flat.jlink"", ...). 
T9D0566C0 000:105.902 - 20.986ms returns 0x00
T9D0566C0 000:106.047 JLINK_ExecCommand("device=R7FA6M5BH", ...). 
T9D0566C0 000:107.954   Flash bank @ 0x0100A100: SFL: Parsing sectorization info from ELF file
T9D0566C0 000:107.965     FlashDevice.SectorInfo[0]: .SectorSize = 0x00000010, .SectorStartAddr = 0x00000000
T9D0566C0 000:107.970   FlashBank @0x0100A100: Sectorization info from SFL ELF file ignored because sectorization override from DLL / XML file is active.
T9D0566C0 000:108.822   Flash bank @ 0x60000000: SFL: Parsing sectorization info from ELF file
T9D0566C0 000:108.833     FlashDevice.SectorInfo[0]: .SectorSize = 0x00010000, .SectorStartAddr = 0x00000000
T9D0566C0 000:116.344   Device "R7FA6M5BH" selected.
T9D0566C0 000:116.452 - 10.397ms returns 0x00
T9D0566C0 000:116.470 JLINK_TIF_GetAvailable(...)
T9D0566C0 000:116.860 - 0.389ms
T9D0566C0 000:116.871 JLINK_TIF_Select(JLINKARM_TIF_SWD)
T9D0566C0 000:118.031 - 1.159ms returns 0x00
T9D0566C0 000:118.040 JLINK_SetSpeed(4000)
T9D0566C0 000:118.169 - 0.128ms
T9D0566C0 000:118.187 JLINK_ReadMem(0xE000EDF0, 0x4 Bytes, ...)
T9D0566C0 000:118.532   ConfigTargetSettings() start
T9D0566C0 000:118.541    J-Link Script File: Executing ConfigTargetSettings()
T9D0566C0 000:118.549   Configuring FlashDLNoRMWThreshold=0x200 in order to make sure that option bytes programming is done via read-modify-write
T9D0566C0 000:120.345   ConfigTargetSettings() end - Took 1.80ms
T9D0566C0 000:120.356   InitTarget() start
T9D0566C0 000:120.360    J-Link Script File: Executing InitTarget()
T9D0566C0 000:120.364   SWD selected. Executing JTAG -> SWD switching sequence.
T9D0566C0 000:123.798   DAP initialized successfully.
T9D0566C0 000:123.807   Determining TrustZone configuration...
T9D0566C0 000:126.007     Secure Debug: Enabled (SSD)
T9D0566C0 000:126.041   Determining currently configured transfer type by reading the AHB-AP CSW register.
T9D0566C0 000:127.715     --> Correct transfer type configured. Done.
T9D0566C0 000:127.753   InitTarget() end - Took 7.39ms
T9D0566C0 000:129.040   Found SW-DP with ID 0x6BA02477
T9D0566C0 000:133.627   DPIDR: 0x6BA02477
T9D0566C0 000:133.660   CoreSight SoC-400 or earlier
T9D0566C0 000:133.674   Scanning AP map to find all available APs
T9D0566C0 000:135.803   AP[2]: Stopped AP scan as end of AP map has been reached
T9D0566C0 000:135.837   AP[0]: AHB-AP (IDR: 0x84770001)
T9D0566C0 000:135.868   AP[1]: APB-AP (IDR: 0x54770002)
T9D0566C0 000:135.881   Iterating through AP map to find AHB-AP to use
T9D0566C0 000:137.804   AP[0]: Core found
T9D0566C0 000:137.836   AP[0]: AHB-AP ROM base: 0xE00FE000
T9D0566C0 000:138.764   CPUID register: 0x410FD214. Implementer code: 0x41 (ARM)
T9D0566C0 000:138.796   Feature set: Mainline
T9D0566C0 000:139.668   Cache: No cache
T9D0566C0 000:139.703   Found Cortex-M33 r0p4, Little endian.
T9D0566C0 000:140.531   -- Max. mem block: 0x00001B00
T9D0566C0 000:142.145   CPU_ReadMem(4 bytes @ 0xE000EDF0)
T9D0566C0 000:143.059   CPU_WriteMem(4 bytes @ 0xE000EDF0)
T9D0566C0 000:143.797   CPU_ReadMem(4 bytes @ 0xE0002000)
T9D0566C0 000:144.484   FPUnit: 8 code (BP) slots and 0 literal slots
T9D0566C0 000:144.519   CPU_ReadMem(4 bytes @ 0xE000EDFC)
T9D0566C0 000:145.164   CPU_WriteMem(4 bytes @ 0xE000EDFC)
T9D0566C0 000:145.880   CPU_ReadMem(4 bytes @ 0xE0001000)
T9D0566C0 000:146.495   CPU_ReadMem(4 bytes @ 0xE0001000)
T9D0566C0 000:147.131   CPU_ReadMem(4 bytes @ 0xE0001028)
T9D0566C0 000:147.837   CPU_ReadMem(4 bytes @ 0xE0001038)
T9D0566C0 000:148.434   CPU_ReadMem(4 bytes @ 0xE0001048)
T9D0566C0 000:149.125   CPU_ReadMem(4 bytes @ 0xE0001058)
T9D0566C0 000:149.916   CPU_WriteMem(4 bytes @ 0xE0001000)
T9D0566C0 000:150.596   CPU_ReadMem(4 bytes @ 0xE000ED88)
T9D0566C0 000:151.398   CPU_WriteMem(4 bytes @ 0xE000ED88)
T9D0566C0 000:152.092   CPU_ReadMem(4 bytes @ 0xE000ED88)
T9D0566C0 000:152.815   CPU_WriteMem(4 bytes @ 0xE000ED88)
T9D0566C0 000:153.542   CPU_ReadMem(4 bytes @ 0xE000EFB8)
T9D0566C0 000:154.245   Security extension: implemented
T9D0566C0 000:154.265   Secure debug: enabled
T9D0566C0 000:154.277   CoreSight components:
T9D0566C0 000:154.290   ROMTbl[0] @ E00FE000
T9D0566C0 000:154.305   CPU_ReadMem(64 bytes @ 0xE00FE000)
T9D0566C0 000:155.738   CPU_ReadMem(32 bytes @ 0xE0044FE0)
T9D0566C0 000:156.813   CPU_ReadMem(4 bytes @ 0xE0044FBC)
T9D0566C0 000:157.495   CPU_ReadMem(4 bytes @ 0xE0044FCC)
T9D0566C0 000:158.141   [0][0]: E0044000 CID B105900D PID 005BB906 DEVARCH 00000000 DEVTYPE 14 CTI (?)
T9D0566C0 000:158.167   CPU_ReadMem(32 bytes @ 0xE0047FE0)
T9D0566C0 000:159.262   CPU_ReadMem(4 bytes @ 0xE0047FBC)
T9D0566C0 000:160.008   CPU_ReadMem(4 bytes @ 0xE0047FCC)
T9D0566C0 000:160.756   [0][1]: E0047000 CID B105900D PID 003BB908 DEVARCH 00000000 DEVTYPE 12 CSTF
T9D0566C0 000:160.792   CPU_ReadMem(32 bytes @ 0xE0048FE0)
T9D0566C0 000:161.857   CPU_ReadMem(4 bytes @ 0xE0048FBC)
T9D0566C0 000:162.682   CPU_ReadMem(4 bytes @ 0xE0048FCC)
T9D0566C0 000:163.370   [0][2]: E0048000 CID B105900D PID 001BB961 DEVARCH 00000000 DEVTYPE 21 ETB
T9D0566C0 000:163.410   CPU_ReadMem(32 bytes @ 0xE0049FE0)
T9D0566C0 000:164.455   [0][3]: E0049000 CID B105F00D PID 001BB101 TSG
T9D0566C0 000:164.492   CPU_ReadMem(32 bytes @ 0xE0040FE0)
T9D0566C0 000:165.550   CPU_ReadMem(4 bytes @ 0xE0040FBC)
T9D0566C0 000:166.265   CPU_ReadMem(4 bytes @ 0xE0040FCC)
T9D0566C0 000:166.900   [0][4]: E0040000 CID B105900D PID 000BBD21 DEVARCH 00000000 DEVTYPE 11 TPIU
T9D0566C0 000:166.936   CPU_ReadMem(32 bytes @ 0xE00FFFE0)
T9D0566C0 000:168.041   [0][5]: E00FF000 CID B105100D PID 000BB4C9 ROM Table
T9D0566C0 000:168.076   ROMTbl[1] @ E00FF000
T9D0566C0 000:168.093   CPU_ReadMem(64 bytes @ 0xE00FF000)
T9D0566C0 000:169.519   CPU_ReadMem(32 bytes @ 0xE000EFE0)
T9D0566C0 000:170.603   CPU_ReadMem(4 bytes @ 0xE000EFBC)
T9D0566C0 000:171.341   CPU_ReadMem(4 bytes @ 0xE000EFCC)
T9D0566C0 000:171.992   [1][0]: E000E000 CID B105900D PID 000BBD21 DEVARCH 47702A04 DEVTYPE 00 Cortex-M33
T9D0566C0 000:172.029   CPU_ReadMem(32 bytes @ 0xE0001FE0)
T9D0566C0 000:173.049   CPU_ReadMem(4 bytes @ 0xE0001FBC)
T9D0566C0 000:173.775   CPU_ReadMem(4 bytes @ 0xE0001FCC)
T9D0566C0 000:174.478   [1][1]: E0001000 CID B105900D PID 000BBD21 DEVARCH 47701A02 DEVTYPE 00 DWT
T9D0566C0 000:174.515   CPU_ReadMem(32 bytes @ 0xE0002FE0)
T9D0566C0 000:175.636   CPU_ReadMem(4 bytes @ 0xE0002FBC)
T9D0566C0 000:176.338   CPU_ReadMem(4 bytes @ 0xE0002FCC)
T9D0566C0 000:177.172   [1][2]: E0002000 CID B105900D PID 000BBD21 DEVARCH 47701A03 DEVTYPE 00 FPB
T9D0566C0 000:177.208   CPU_ReadMem(32 bytes @ 0xE0000FE0)
T9D0566C0 000:178.243   CPU_ReadMem(4 bytes @ 0xE0000FBC)
T9D0566C0 000:178.937   CPU_ReadMem(4 bytes @ 0xE0000FCC)
T9D0566C0 000:179.654   [1][3]: E0000000 CID B105900D PID 000BBD21 DEVARCH 47701A01 DEVTYPE 43 ITM
T9D0566C0 000:179.693   CPU_ReadMem(32 bytes @ 0xE0041FE0)
T9D0566C0 000:180.751   CPU_ReadMem(4 bytes @ 0xE0041FBC)
T9D0566C0 000:181.451   CPU_ReadMem(4 bytes @ 0xE0041FCC)
T9D0566C0 000:182.168   [1][5]: E0041000 CID B105900D PID 002BBD21 DEVARCH 47724A13 DEVTYPE 13 ETM
T9D0566C0 000:182.205   CPU_ReadMem(32 bytes @ 0xE0042FE0)
T9D0566C0 000:183.264   CPU_ReadMem(4 bytes @ 0xE0042FBC)
T9D0566C0 000:183.981   CPU_ReadMem(4 bytes @ 0xE0042FCC)
T9D0566C0 000:184.705   [1][6]: E0042000 CID B105900D PID 000BBD21 DEVARCH 47701A14 DEVTYPE 14 CSS600-CTI
T9D0566C0 000:184.846   CPU_ReadMem(4 bytes @ 0xE000EDF0)
T9D0566C0 000:185.536   Data:  01 00 10 01
T9D0566C0 000:185.570   Debug reg: DHCSR
T9D0566C0 000:185.585 - 67.397ms returns 0
T9D0566C0 000:185.615 JLINK_ReadMem(0x400E002C, 0x4 Bytes, ...)
T9D0566C0 000:185.649   CPU_ReadMem(4 bytes @ 0x400E002C)
T9D0566C0 000:186.325   Data:  02 00 00 00
T9D0566C0 000:186.360 - 0.745ms returns 0
T9D0566C0 000:186.457 JLINK_ReadMem(0xE000EDF0, 0x4 Bytes, ...)
T9D0566C0 000:186.494   CPU_ReadMem(4 bytes @ 0xE000EDF0)
T9D0566C0 000:187.171   Data:  01 00 10 01
T9D0566C0 000:187.204   Debug reg: DHCSR
T9D0566C0 000:187.257 - 0.800ms returns 0
T9D0566C0 000:187.304 JLINK_ReadMem(0xE000EDF0, 0x4 Bytes, ...)
T9D0566C0 000:187.329   CPU_ReadMem(4 bytes @ 0xE000EDF0)
T9D0566C0 000:187.951   Data:  01 00 10 01
T9D0566C0 000:187.985   Debug reg: DHCSR
T9D0566C0 000:187.999 - 0.696ms returns 0
T9D0566C0 000:188.018 JLINK_ReadMem(0x400E001C, 0x4 Bytes, ...)
T9D0566C0 000:188.042   CPU_ReadMem(4 bytes @ 0x400E001C)
T9D0566C0 000:188.734   Data:  00 0C 00 00
T9D0566C0 000:188.768 - 0.751ms returns 0
T9D0566C0 000:188.797 JLINK_ReadMem(0xE000EDF0, 0x4 Bytes, ...)
T9D0566C0 000:188.821   CPU_ReadMem(4 bytes @ 0xE000EDF0)
T9D0566C0 000:189.533   Data:  01 00 10 01
T9D0566C0 000:189.567   Debug reg: DHCSR
T9D0566C0 000:189.581 - 0.784ms returns 0
T9D0566C0 000:189.599 JLINK_ReadMem(0x400E0018, 0x4 Bytes, ...)
T9D0566C0 000:189.623   CPU_ReadMem(4 bytes @ 0x400E0018)
T9D0566C0 000:190.328   Data:  00 80 00 00
T9D0566C0 000:190.362 - 0.763ms returns 0
T9D0566C0 000:190.392 JLINK_ReadMem(0xE000EDF0, 0x4 Bytes, ...)
T9D0566C0 000:190.415   CPU_ReadMem(4 bytes @ 0xE000EDF0)
T9D0566C0 000:191.115   Data:  01 00 10 01
T9D0566C0 000:191.148   Debug reg: DHCSR
T9D0566C0 000:191.163 - 0.772ms returns 0
T9D0566C0 000:191.181 JLINK_ReadMem(0x400E0020, 0x4 Bytes, ...)
T9D0566C0 000:191.205   CPU_ReadMem(4 bytes @ 0x400E0020)
T9D0566C0 000:191.974   Data:  00 00 00 00
T9D0566C0 000:192.009 - 0.827ms returns 0
T9D0566C0 000:192.040 JLINK_ReadMem(0xE000EDF0, 0x4 Bytes, ...)
T9D0566C0 000:192.064   CPU_ReadMem(4 bytes @ 0xE000EDF0)
T9D0566C0 000:192.769   Data:  01 00 10 01
T9D0566C0 000:192.802   Debug reg: DHCSR
T9D0566C0 000:192.816 - 0.777ms returns 0
T9D0566C0 000:192.834 JLINK_ReadMem(0x400E0028, 0x4 Bytes, ...)
T9D0566C0 000:192.858   CPU_ReadMem(4 bytes @ 0x400E0028)
T9D0566C0 000:193.515   Data:  00 08 00 00
T9D0566C0 000:193.549 - 0.714ms returns 0
T9D0566C0 000:193.579 JLINK_ReadMem(0xE000EDF0, 0x4 Bytes, ...)
T9D0566C0 000:193.603   CPU_ReadMem(4 bytes @ 0xE000EDF0)
T9D0566C0 000:194.300   Data:  01 00 10 01
T9D0566C0 000:194.333   Debug reg: DHCSR
T9D0566C0 000:194.348 - 0.769ms returns 0
T9D0566C0 000:194.366 JLINK_ReadMem(0x400E0024, 0x4 Bytes, ...)
T9D0566C0 000:194.389   CPU_ReadMem(4 bytes @ 0x400E0024)
T9D0566C0 000:195.096   Data:  00 20 00 00
T9D0566C0 000:195.130 - 0.765ms returns 0
T9D0566C0 000:195.159 JLINK_ReadMem(0xE000EDF0, 0x4 Bytes, ...)
T9D0566C0 000:195.183   CPU_ReadMem(4 bytes @ 0xE000EDF0)
T9D0566C0 000:195.928   Data:  01 00 10 01
T9D0566C0 000:195.980   Debug reg: DHCSR
T9D0566C0 000:195.995 - 0.836ms returns 0
T9D0566C0 000:196.013 JLINK_ReadMem(0x400E002C, 0x4 Bytes, ...)
T9D0566C0 000:196.037   CPU_ReadMem(4 bytes @ 0x400E002C)
T9D0566C0 000:196.747   Data:  02 00 00 00
T9D0566C0 000:196.782 - 0.768ms returns 0
T9D0566C0 000:196.810 JLINK_ReadMem(0xE000EDF0, 0x4 Bytes, ...)
T9D0566C0 000:196.834   CPU_ReadMem(4 bytes @ 0xE000EDF0)
T9D0566C0 000:197.556   Data:  01 00 10 01
T9D0566C0 000:197.589   Debug reg: DHCSR
T9D0566C0 000:197.603 - 0.794ms returns 0
T9D0566C0 000:197.622 JLINK_ReadMem(0x400E002C, 0x4 Bytes, ...)
T9D0566C0 000:197.645   CPU_ReadMem(4 bytes @ 0x400E002C)
T9D0566C0 000:198.355   Data:  02 00 00 00
T9D0566C0 000:198.389 - 0.767ms returns 0
T9D0566C0 000:198.592 JLINK_ReadMem(0xE000EDF0, 0x4 Bytes, ...)
T9D0566C0 000:198.630   CPU_ReadMem(4 bytes @ 0xE000EDF0)
T9D0566C0 000:199.365   Data:  01 00 10 01
T9D0566C0 000:199.400   Debug reg: DHCSR
T9D0566C0 000:199.414 - 0.823ms returns 0
T9D0566C0 000:199.432 JLINK_ReadMem(0x400E002C, 0x4 Bytes, ...)
T9D0566C0 000:199.456   CPU_ReadMem(4 bytes @ 0x400E002C)
T9D0566C0 000:200.158   Data:  02 00 00 00
T9D0566C0 000:200.193 - 0.760ms returns 0
T9D0566C0 000:200.222 JLINK_ReadMem(0xE000EDF0, 0x4 Bytes, ...)
T9D0566C0 000:200.246   CPU_ReadMem(4 bytes @ 0xE000EDF0)
T9D0566C0 000:200.976   Data:  01 00 10 01
T9D0566C0 000:201.009   Debug reg: DHCSR
T9D0566C0 000:201.024 - 0.802ms returns 0
T9D0566C0 000:201.042 JLINK_ReadMem(0x400E001C, 0x4 Bytes, ...)
T9D0566C0 000:201.065   CPU_ReadMem(4 bytes @ 0x400E001C)
T9D0566C0 000:201.772   Data:  00 0C 00 00
T9D0566C0 000:201.806 - 0.764ms returns 0
T9D0566C0 000:201.836 JLINK_ReadMem(0xE000EDF0, 0x4 Bytes, ...)
T9D0566C0 000:201.859   CPU_ReadMem(4 bytes @ 0xE000EDF0)
T9D0566C0 000:202.574   Data:  01 00 10 01
T9D0566C0 000:202.607   Debug reg: DHCSR
T9D0566C0 000:202.621 - 0.786ms returns 0
T9D0566C0 000:202.639 JLINK_ReadMem(0x400E0018, 0x4 Bytes, ...)
T9D0566C0 000:202.663   CPU_ReadMem(4 bytes @ 0x400E0018)
T9D0566C0 000:203.355   Data:  00 80 00 00
T9D0566C0 000:203.392 - 0.753ms returns 0
T9D0566C0 000:203.421 JLINK_ReadMem(0xE000EDF0, 0x4 Bytes, ...)
T9D0566C0 000:203.445   CPU_ReadMem(4 bytes @ 0xE000EDF0)
T9D0566C0 000:204.214   Data:  01 00 10 01
T9D0566C0 000:204.247   Debug reg: DHCSR
T9D0566C0 000:204.262 - 0.841ms returns 0
T9D0566C0 000:204.280 JLINK_ReadMem(0x400E0020, 0x4 Bytes, ...)
T9D0566C0 000:204.304   CPU_ReadMem(4 bytes @ 0x400E0020)
T9D0566C0 000:204.930   Data:  00 00 00 00
T9D0566C0 000:204.954 - 0.674ms returns 0
T9D0566C0 000:204.983 JLINK_ReadMem(0xE000EDF0, 0x4 Bytes, ...)
T9D0566C0 000:205.003   CPU_ReadMem(4 bytes @ 0xE000EDF0)
T9D0566C0 000:205.601   Data:  01 00 10 01
T9D0566C0 000:205.622   Debug reg: DHCSR
T9D0566C0 000:205.636 - 0.653ms returns 0
T9D0566C0 000:205.651 JLINK_ReadMem(0x400E0028, 0x4 Bytes, ...)
T9D0566C0 000:205.670   CPU_ReadMem(4 bytes @ 0x400E0028)
T9D0566C0 000:206.236   Data:  00 08 00 00
T9D0566C0 000:206.270 - 0.619ms returns 0
T9D0566C0 000:206.300 JLINK_ReadMem(0xE000EDF0, 0x4 Bytes, ...)
T9D0566C0 000:206.325   CPU_ReadMem(4 bytes @ 0xE000EDF0)
T9D0566C0 000:206.929   Data:  01 00 10 01
T9D0566C0 000:206.962   Debug reg: DHCSR
T9D0566C0 000:206.977 - 0.677ms returns 0
T9D0566C0 000:206.995 JLINK_ReadMem(0x400E0024, 0x4 Bytes, ...)
T9D0566C0 000:207.019   CPU_ReadMem(4 bytes @ 0x400E0024)
T9D0566C0 000:207.721   Data:  00 20 00 00
T9D0566C0 000:207.758 - 0.763ms returns 0
T9D0566C0 000:207.989 JLINK_TIF_GetAvailable(...)
T9D0566C0 000:208.345 - 0.355ms
T9D0566C0 000:208.378 JLINK_TIF_Select(JLINKARM_TIF_SWD)
T9D0566C0 000:208.389 - 0.010ms returns 0x00
T9D0566C0 000:208.399 JLINK_SetSpeed(4000)
T9D0566C0 000:208.549 - 0.149ms
T9D0566C0 000:208.582 JLINK_SetEndian(ARM_ENDIAN_LITTLE)
T9D0566C0 000:208.592 - 0.010ms returns 0
T9D0566C0 000:208.603 JLINK_SetInitRegsOnReset(OFF)
T9D0566C0 000:208.613 - 0.010ms returns 1
T9D0566C0 000:208.623 JLINK_SetResetType(JLINKARM_CM3_RESET_TYPE_NORMAL)
T9D0566C0 000:208.634 - 0.010ms returns JLINKARM_CM3_RESET_TYPE_NORMAL
T9D0566C0 000:208.673 JLINK_ExecCommand("EnableFlashBPs", ...). 
T9D0566C0 000:208.688 - 0.002ms returns 0x00
T9D0566C0 000:208.702 JLINK_ExecCommand("SetAllowFlashCache = 1", ...). 
T9D0566C0 000:208.717 - 0.003ms returns 0x01
T9D0566C0 000:208.729 JLINK_ExecCommand("SetRestartOnClose = 0", ...). 
T9D0566C0 000:208.746 - 0.005ms returns 0x01
T9D0566C0 000:208.757 JLINK_EnableSoftBPs(ON)
T9D0566C0 000:208.766 - 0.009ms
T9D0566C0 000:208.775 JLINK_Connect()
T9D0566C0 000:209.164   ConfigTargetSettings() start
T9D0566C0 000:209.196    J-Link Script File: Executing ConfigTargetSettings()
T9D0566C0 000:209.210   Configuring FlashDLNoRMWThreshold=0x200 in order to make sure that option bytes programming is done via read-modify-write
T9D0566C0 000:213.802   ConfigTargetSettings() end - Took 4.60ms
T9D0566C0 000:213.834   InitTarget() start
T9D0566C0 000:213.847    J-Link Script File: Executing InitTarget()
T9D0566C0 000:213.861   SWD selected. Executing JTAG -> SWD switching sequence.
T9D0566C0 000:217.259   DAP initialized successfully.
T9D0566C0 000:217.291   Determining TrustZone configuration...
T9D0566C0 000:219.330     Secure Debug: Enabled (SSD)
T9D0566C0 000:219.363   Determining currently configured transfer type by reading the AHB-AP CSW register.
T9D0566C0 000:220.905     --> Correct transfer type configured. Done.
T9D0566C0 000:220.936   InitTarget() end - Took 7.08ms
T9D0566C0 000:221.961   Found SW-DP with ID 0x6BA02477
T9D0566C0 000:225.988   DPIDR: 0x6BA02477
T9D0566C0 000:226.018   CoreSight SoC-400 or earlier
T9D0566C0 000:226.031   AP map detection skipped. Manually configured AP map found.
T9D0566C0 000:226.043   AP[0]: AHB-AP (IDR: Not set)
T9D0566C0 000:227.765   AP[0]: Core found
T9D0566C0 000:227.796   AP[0]: AHB-AP ROM base: 0xE00FE000
T9D0566C0 000:228.601   CPUID register: 0x410FD214. Implementer code: 0x41 (ARM)
T9D0566C0 000:228.620   Feature set: Mainline
T9D0566C0 000:229.470   Cache: No cache
T9D0566C0 000:229.490   Found Cortex-M33 r0p4, Little endian.
T9D0566C0 000:229.751   -- Max. mem block: 0x000018A0
T9D0566C0 000:229.780   CPU_ReadMem(4 bytes @ 0xE000EDF0)
T9D0566C0 000:230.401   CPU_ReadMem(4 bytes @ 0xE0002000)
T9D0566C0 000:231.035   FPUnit: 8 code (BP) slots and 0 literal slots
T9D0566C0 000:231.057   CPU_ReadMem(4 bytes @ 0xE000EDFC)
T9D0566C0 000:231.622   CPU_ReadMem(4 bytes @ 0xE0001000)
T9D0566C0 000:232.258   CPU_ReadMem(4 bytes @ 0xE0001000)
T9D0566C0 000:232.944   CPU_ReadMem(4 bytes @ 0xE0001028)
T9D0566C0 000:233.563   CPU_ReadMem(4 bytes @ 0xE0001038)
T9D0566C0 000:234.225   CPU_ReadMem(4 bytes @ 0xE0001048)
T9D0566C0 000:234.857   CPU_ReadMem(4 bytes @ 0xE0001058)
T9D0566C0 000:235.463   CPU_WriteMem(4 bytes @ 0xE0001000)
T9D0566C0 000:236.132   CPU_ReadMem(4 bytes @ 0xE000ED88)
T9D0566C0 000:236.822   CPU_WriteMem(4 bytes @ 0xE000ED88)
T9D0566C0 000:237.545   CPU_ReadMem(4 bytes @ 0xE000ED88)
T9D0566C0 000:238.201   CPU_WriteMem(4 bytes @ 0xE000ED88)
T9D0566C0 000:238.917   CPU_ReadMem(4 bytes @ 0xE000EFB8)
T9D0566C0 000:239.644   Security extension: implemented
T9D0566C0 000:239.666   Secure debug: enabled
T9D0566C0 000:239.676   CoreSight components:
T9D0566C0 000:239.688   ROMTbl[0] @ E00FE000
T9D0566C0 000:239.702   CPU_ReadMem(64 bytes @ 0xE00FE000)
T9D0566C0 000:241.243   CPU_ReadMem(32 bytes @ 0xE0044FE0)
T9D0566C0 000:242.245   CPU_ReadMem(4 bytes @ 0xE0044FBC)
T9D0566C0 000:242.927   CPU_ReadMem(4 bytes @ 0xE0044FCC)
T9D0566C0 000:243.603   [0][0]: E0044000 CID B105900D PID 005BB906 DEVARCH 00000000 DEVTYPE 14 CTI (?)
T9D0566C0 000:243.631   CPU_ReadMem(32 bytes @ 0xE0047FE0)
T9D0566C0 000:244.602   CPU_ReadMem(4 bytes @ 0xE0047FBC)
T9D0566C0 000:245.304   CPU_ReadMem(4 bytes @ 0xE0047FCC)
T9D0566C0 000:246.004   [0][1]: E0047000 CID B105900D PID 003BB908 DEVARCH 00000000 DEVTYPE 12 CSTF
T9D0566C0 000:246.029   CPU_ReadMem(32 bytes @ 0xE0048FE0)
T9D0566C0 000:247.005   CPU_ReadMem(4 bytes @ 0xE0048FBC)
T9D0566C0 000:247.678   CPU_ReadMem(4 bytes @ 0xE0048FCC)
T9D0566C0 000:248.386   [0][2]: E0048000 CID B105900D PID 001BB961 DEVARCH 00000000 DEVTYPE 21 ETB
T9D0566C0 000:248.410   CPU_ReadMem(32 bytes @ 0xE0049FE0)
T9D0566C0 000:249.428   [0][3]: E0049000 CID B105F00D PID 001BB101 TSG
T9D0566C0 000:249.453   CPU_ReadMem(32 bytes @ 0xE0040FE0)
T9D0566C0 000:250.493   CPU_ReadMem(4 bytes @ 0xE0040FBC)
T9D0566C0 000:251.186   CPU_ReadMem(4 bytes @ 0xE0040FCC)
T9D0566C0 000:251.852   [0][4]: E0040000 CID B105900D PID 000BBD21 DEVARCH 00000000 DEVTYPE 11 TPIU
T9D0566C0 000:251.879   CPU_ReadMem(32 bytes @ 0xE00FFFE0)
T9D0566C0 000:252.887   [0][5]: E00FF000 CID B105100D PID 000BB4C9 ROM Table
T9D0566C0 000:252.908   ROMTbl[1] @ E00FF000
T9D0566C0 000:252.924   CPU_ReadMem(64 bytes @ 0xE00FF000)
T9D0566C0 000:254.386   CPU_ReadMem(32 bytes @ 0xE000EFE0)
T9D0566C0 000:255.376   CPU_ReadMem(4 bytes @ 0xE000EFBC)
T9D0566C0 000:256.058   CPU_ReadMem(4 bytes @ 0xE000EFCC)
T9D0566C0 000:256.720   [1][0]: E000E000 CID B105900D PID 000BBD21 DEVARCH 47702A04 DEVTYPE 00 Cortex-M33
T9D0566C0 000:256.745   CPU_ReadMem(32 bytes @ 0xE0001FE0)
T9D0566C0 000:257.767   CPU_ReadMem(4 bytes @ 0xE0001FBC)
T9D0566C0 000:258.446   CPU_ReadMem(4 bytes @ 0xE0001FCC)
T9D0566C0 000:259.187   [1][1]: E0001000 CID B105900D PID 000BBD21 DEVARCH 47701A02 DEVTYPE 00 DWT
T9D0566C0 000:259.232   CPU_ReadMem(32 bytes @ 0xE0002FE0)
T9D0566C0 000:260.341   CPU_ReadMem(4 bytes @ 0xE0002FBC)
T9D0566C0 000:261.042   CPU_ReadMem(4 bytes @ 0xE0002FCC)
T9D0566C0 000:261.717   [1][2]: E0002000 CID B105900D PID 000BBD21 DEVARCH 47701A03 DEVTYPE 00 FPB
T9D0566C0 000:261.741   CPU_ReadMem(32 bytes @ 0xE0000FE0)
T9D0566C0 000:262.769   CPU_ReadMem(4 bytes @ 0xE0000FBC)
T9D0566C0 000:263.351   CPU_ReadMem(4 bytes @ 0xE0000FCC)
T9D0566C0 000:264.013   [1][3]: E0000000 CID B105900D PID 000BBD21 DEVARCH 47701A01 DEVTYPE 43 ITM
T9D0566C0 000:264.036   CPU_ReadMem(32 bytes @ 0xE0041FE0)
T9D0566C0 000:265.041   CPU_ReadMem(4 bytes @ 0xE0041FBC)
T9D0566C0 000:265.623   CPU_ReadMem(4 bytes @ 0xE0041FCC)
T9D0566C0 000:266.241   [1][5]: E0041000 CID B105900D PID 002BBD21 DEVARCH 47724A13 DEVTYPE 13 ETM
T9D0566C0 000:266.265   CPU_ReadMem(32 bytes @ 0xE0042FE0)
T9D0566C0 000:267.207   CPU_ReadMem(4 bytes @ 0xE0042FBC)
T9D0566C0 000:267.836   CPU_ReadMem(4 bytes @ 0xE0042FCC)
T9D0566C0 000:268.571   [1][6]: E0042000 CID B105900D PID 000BBD21 DEVARCH 47701A14 DEVTYPE 14 CSS600-CTI
T9D0566C0 000:268.605 - 59.829ms returns 0x00
T9D0566C0 000:268.626 JLINK_Halt()
T9D0566C0 000:275.081 - 6.454ms returns 0x00
T9D0566C0 000:275.110 JLINK_IsHalted()
T9D0566C0 000:275.127 - 0.017ms returns TRUE
T9D0566C0 000:275.146 JLINK_ResetPullsRESET(ON)
T9D0566C0 000:275.161 - 0.015ms
T9D0566C0 000:275.174 JLINK_Reset()
T9D0566C0 000:275.207   CPU_WriteMem(4 bytes @ 0xE000EDF0)
T9D0566C0 000:275.961   CPU_ReadMem(4 bytes @ 0xE000ED44)
T9D0566C0 000:276.646   CPU_ReadMem(4 bytes @ 0xE000EE08)
T9D0566C0 000:277.412   CPU_WriteMem(4 bytes @ 0xE000EE08)
T9D0566C0 000:278.179   CPU_ReadMem(4 bytes @ 0xE000EE08)
T9D0566C0 000:278.811   Reset: ARMv8M core with Security Extension enabled detected. Switch to secure domain.
T9D0566C0 000:278.849   CPU_WriteMem(4 bytes @ 0xE000EDFC)
T9D0566C0 000:279.550   Reset: Halt core after reset via DEMCR.VC_CORERESET.
T9D0566C0 000:280.460   Reset: Reset device via AIRCR.SYSRESETREQ.
T9D0566C0 000:280.501   CPU_WriteMem(4 bytes @ 0xE000ED0C)
T9D0566C0 000:335.882   CPU_ReadMem(4 bytes @ 0xE000EDF0)
T9D0566C0 000:336.862   CPU_ReadMem(4 bytes @ 0xE000EDF0)
T9D0566C0 000:337.798   CPU_WriteMem(4 bytes @ 0xE000EDFC)
T9D0566C0 000:344.487   CPU_ReadMem(4 bytes @ 0xE000EDF0)
T9D0566C0 000:352.021   CPU_ReadMem(4 bytes @ 0xE000EE08)
T9D0566C0 000:353.094   CPU_WriteMem(4 bytes @ 0xE0002000)
T9D0566C0 000:354.207   CPU_ReadMem(4 bytes @ 0xE000EDFC)
T9D0566C0 000:355.183   CPU_ReadMem(4 bytes @ 0xE0001000)
T9D0566C0 000:355.980   CPU_ReadMem(4 bytes @ 0xE000EE08)
T9D0566C0 000:356.775 - 81.598ms
T9D0566C0 000:356.908 JLINK_ReadMem(0xE000EDF0, 0x4 Bytes, ...)
T9D0566C0 000:356.974   CPU_ReadMem(4 bytes @ 0xE000EDF0)
T9D0566C0 000:357.954   Data:  03 00 13 00
T9D0566C0 000:357.989   Debug reg: DHCSR
T9D0566C0 000:358.004 - 1.096ms returns 0
T9D0566C0 000:358.061 JLINK_ReadMem(0x010080F0, 0x10 Bytes, ...)
T9D0566C0 000:358.089   CPU_ReadMem(16 bytes @ 0x010080F0)
T9D0566C0 000:358.935   Data:  52 37 46 41 36 4D 35 42 48 33 43 46 43 20 20 20
T9D0566C0 000:358.971 - 0.910ms returns 0
T9D0566C0 000:359.006 JLINK_IsHalted()
T9D0566C0 000:359.020 - 0.014ms returns TRUE
T9D0566C0 000:359.412 JLINK_ReadMem(0xE000EDF0, 0x4 Bytes, ...)
T9D0566C0 000:359.469   CPU_ReadMem(4 bytes @ 0xE000EDF0)
T9D0566C0 000:360.288   Data:  03 00 13 00
T9D0566C0 000:360.326   Debug reg: DHCSR
T9D0566C0 000:360.341 - 0.930ms returns 0
T9D0566C0 000:360.365 JLINK_ReadMem(0x400E002C, 0x4 Bytes, ...)
T9D0566C0 000:360.393   CPU_ReadMem(4 bytes @ 0x400E002C)
T9D0566C0 000:361.203   Data:  02 00 00 00
T9D0566C0 000:361.241 - 0.876ms returns 0
T9D0566C0 000:361.284 JLINK_MeasureCPUSpeed(RAMAddr = 0x20000000)
T9D0566C0 000:361.305   CPU_ReadMem(16 bytes @ 0x20000000)
T9D0566C0 000:362.167   CPU_ReadMem(4 bytes @ 0xE000EDFC)
T9D0566C0 000:363.015   CPU_ReadMem(4 bytes @ 0xE0001000)
T9D0566C0 000:364.026   CPU_ReadMem(6 bytes @ 0x20000000)
T9D0566C0 000:365.044   CPU_ReadMem(4 bytes @ 0xE000ED90)
T9D0566C0 000:365.900   CPU_ReadMem(4 bytes @ 0xE000ED94)
T9D0566C0 000:366.843   CPU_WriteMem(16 bytes @ 0x20000000)
T9D0566C0 000:367.901   CPU_WriteMem(6 bytes @ 0x20000000)
T9D0566C0 000:369.084   CPU_ReadMem(6 bytes @ 0x20000000)
T9D0566C0 000:370.243   CPU_ReadMem(4 bytes @ 0xE000EE08)
T9D0566C0 000:371.138   CPU_WriteMem(4 bytes @ 0xE0002008)
T9D0566C0 000:371.177   CPU_WriteMem(4 bytes @ 0xE000200C)
T9D0566C0 000:371.193   CPU_WriteMem(4 bytes @ 0xE0002010)
T9D0566C0 000:371.210   CPU_WriteMem(4 bytes @ 0xE0002014)
T9D0566C0 000:371.269   CPU_WriteMem(4 bytes @ 0xE0002018)
T9D0566C0 000:371.286   CPU_WriteMem(4 bytes @ 0xE000201C)
T9D0566C0 000:371.301   CPU_WriteMem(4 bytes @ 0xE0002020)
T9D0566C0 000:371.315   CPU_WriteMem(4 bytes @ 0xE0002024)
T9D0566C0 000:375.304   CPU_WriteMem(4 bytes @ 0xE0001004)
T9D0566C0 000:387.562   CPU_ReadMem(4 bytes @ 0xE0001004)
T9D0566C0 000:388.464   CPU_ReadMem(4 bytes @ 0xE000EE08)
T9D0566C0 000:389.434   CPU_WriteMem(4 bytes @ 0xE0002008)
T9D0566C0 000:390.276   CPU_WriteMem(4 bytes @ 0xE000200C)
T9D0566C0 000:391.052   CPU_WriteMem(4 bytes @ 0xE0002010)
T9D0566C0 000:391.891   CPU_WriteMem(4 bytes @ 0xE0002014)
T9D0566C0 000:392.685   CPU_WriteMem(4 bytes @ 0xE0002018)
T9D0566C0 000:393.573   CPU_WriteMem(4 bytes @ 0xE000201C)
T9D0566C0 000:394.426   CPU_WriteMem(4 bytes @ 0xE0002020)
T9D0566C0 000:395.283   CPU_WriteMem(4 bytes @ 0xE0002024)
T9D0566C0 000:396.075   CPU_ReadMem(4 bytes @ 0xE000EE08)
T9D0566C0 000:396.825   CPU_ReadMem(4 bytes @ 0xE000EE08)
T9D0566C0 000:397.525   CPU_WriteMem(4 bytes @ 0xE0001004)
T9D0566C0 000:428.942   CPU_ReadMem(4 bytes @ 0xE0001004)
T9D0566C0 000:429.812   CPU_WriteMem(6 bytes @ 0x20000000)
T9D0566C0 000:430.804   ClockFreq: 2079600 Hz
T9D0566C0 000:430.847 - 69.563ms returns 2079600
T9D0566C0 000:430.880 JLINK_ReadReg(XPSR)
T9D0566C0 000:430.917   CPU_ReadMem(4 bytes @ 0xE000EE08)
T9D0566C0 000:431.712 - 0.829ms returns 0xF9000000
T95012700 000:454.228 JLINK_ReadReg(XPSR)
T95012700 000:454.305   CPU_ReadMem(4 bytes @ 0xE000EE08)
T95012700 000:454.928 - 0.700ms returns 0xF9000000
T95012700 000:476.064 JLINK_ReadReg(XPSR)
T95012700 000:476.095   CPU_ReadMem(4 bytes @ 0xE000EE08)
T95012700 000:476.692 - 0.627ms returns 0xF9000000
T95012700 000:628.585 JLINK_ReadReg(XPSR)
T95012700 000:628.607   CPU_ReadMem(4 bytes @ 0xE000EE08)
T95012700 000:629.170 - 0.584ms returns 0xF9000000
T95012700 000:631.607 JLINK_BeginDownload(Flags = 0x00000000)
T95012700 000:631.622 - 0.017ms
T95012700 000:633.103 JLINK_ReadMem(0xE000EDF0, 0x4 Bytes, ...)
T95012700 000:633.128   CPU_ReadMem(4 bytes @ 0xE000EDF0)
T95012700 000:633.647   Data:  03 00 13 00
T95012700 000:633.655   Debug reg: DHCSR
T95012700 000:633.670 - 0.568ms returns 0
T95012700 000:634.124 JLINK_WriteMem(0x00000000, 0xB6C Bytes, ...)
T95012700 000:634.133   Data:  A0 04 00 20 75 06 00 00 DD 04 00 00 71 06 00 00 ...
T95012700 000:634.536   completely In flash
T95012700 000:634.544 - 0.421ms returns 0xB6C
T95012700 000:634.771 JLINK_WriteMem(0x00000B6C, 0x8 Bytes, ...)
T95012700 000:634.780   Data:  AD 00 00 00 85 00 00 00
T95012700 000:634.791   completely In flash
T95012700 000:634.795 - 0.024ms returns 0x8
T95012700 000:635.026 JLINK_WriteMem(0x0100A100, 0x14 Bytes, ...)
T95012700 000:635.033   Data:  FF FF FF FF FF FF FF FF FF FF FF FF FF FF FF FF ...
T95012700 000:635.492   completely In flash
T95012700 000:635.503 - 0.476ms returns 0x14
T95012700 000:635.834 JLINK_WriteMem(0x0100A134, 0x4 Bytes, ...)
T95012700 000:635.844   Data:  FF FF FF FF
T95012700 000:635.854   completely In flash
T95012700 000:635.861 - 0.028ms returns 0x4
T95012700 000:636.239 JLINK_WriteMem(0x0100A200, 0xD0 Bytes, ...)
T95012700 000:636.250   Data:  FF FD FF FF FF FF FF FF FF FF FF FF FF FF FF FF ...
T95012700 000:636.260   completely In flash
T95012700 000:636.267 - 0.028ms returns 0xD0
T95012700 000:637.736 JLINK_EndDownload()
T95012700 000:638.025   CPU_ReadMem(4 bytes @ 0xE000ED90)
T95012700 000:638.582   CPU_ReadMem(4 bytes @ 0xE000ED94)
T95012700 000:639.158    -- --------------------------------------
T95012700 000:639.175    -- Start of determining flash info (Bank @ 0x0100A100)
T95012700 000:639.192    -- End of determining flash info
T95012700 000:639.198    -- Start of determining dirty areas in flash cache
T95012700 000:639.206    -- Filling invalid ranges in sector buffer (flash cache) for sector @ 0x0100A100 if necessary
T95012700 000:639.227    -- Filling invalid ranges in sector buffer (flash cache) for sector @ 0x0100A110 if necessary
T95012700 000:639.236    -- Filling invalid ranges in sector buffer (flash cache) for sector @ 0x0100A130 if necessary
T95012700 000:639.243    -- Filling invalid ranges in sector buffer (flash cache) for sector @ 0x0100A200 if necessary
T95012700 000:639.248    -- Filling invalid ranges in sector buffer (flash cache) for sector @ 0x0100A210 if necessary
T95012700 000:639.254    -- Filling invalid ranges in sector buffer (flash cache) for sector @ 0x0100A220 if necessary
T95012700 000:639.259    -- Filling invalid ranges in sector buffer (flash cache) for sector @ 0x0100A230 if necessary
T95012700 000:639.265    -- Filling invalid ranges in sector buffer (flash cache) for sector @ 0x0100A240 if necessary
T95012700 000:639.271    -- Filling invalid ranges in sector buffer (flash cache) for sector @ 0x0100A250 if necessary
T95012700 000:639.276    -- Filling invalid ranges in sector buffer (flash cache) for sector @ 0x0100A260 if necessary
T95012700 000:639.282    -- Filling invalid ranges in sector buffer (flash cache) for sector @ 0x0100A270 if necessary
T95012700 000:639.287    -- Filling invalid ranges in sector buffer (flash cache) for sector @ 0x0100A280 if necessary
T95012700 000:639.294    -- Filling invalid ranges in sector buffer (flash cache) for sector @ 0x0100A290 if necessary
T95012700 000:639.300    -- Filling invalid ranges in sector buffer (flash cache) for sector @ 0x0100A2A0 if necessary
T95012700 000:639.306    -- Filling invalid ranges in sector buffer (flash cache) for sector @ 0x0100A2B0 if necessary
T95012700 000:639.312    -- Filling invalid ranges in sector buffer (flash cache) for sector @ 0x0100A2C0 if necessary
T95012700 000:639.319    -- End of determining dirty areas
T95012700 000:639.325    -- Start of preparing flash programming
T95012700 000:639.332    -- Preparing RAMCode
T95012700 000:639.338    -- Calculating RAM usage
T95012700 000:639.344    -- RAM usage = 5120 Bytes
T95012700 000:639.350    -- Preserving CPU registers
T95012700 000:656.255    -- Preparing memory
T95012700 000:656.291    -- Determining CPU clock frequency
T95012700 000:716.596    -- CPU frequency = 2079 kHz
T95012700 000:716.619    -- Preparing target
T95012700 000:716.635    -- Preserving target RAM temporarily used for programming
T95012700 000:776.773    -- Downloading RAMCode
T95012700 000:857.068    -- Initializing RAMCode (InitType: 3 = Verify)
T95012700 000:857.095    -- Executing Init(3)
T95012700 000:876.869    -- End of preparing flash programming
T95012700 000:876.894   
  ***** Warning: 
T95012700 000:876.900   CPU is running at low speed (2079 kHz).
T95012700 000:876.906    -- CPU is running at 2079 kHz.
T95012700 000:876.912    -- Start of comparing flash
T95012700 000:876.919    -- Flash algorithm supports a native verify function which is used to compare the flash content.
T95012700 000:876.929    -- Comparing range 0x100A100 - 0x100A11F (2 Sectors, 32 Bytes), using verify function of the RAMCode
T95012700 000:879.383    -- Data matches for sectors 0-1
T95012700 000:879.409    -- Comparing range 0x100A130 - 0x100A13F (1 Sector, 16 Bytes), using verify function of the RAMCode
T95012700 000:881.741    -- Data matches for sector 3
T95012700 000:881.767    -- Comparing range 0x100A200 - 0x100A2CF (13 Sectors, 208 Bytes), using verify function of the RAMCode
T95012700 000:886.878    -- Data matches for sectors 16-28
T95012700 000:886.895    -- End of comparing flash
T95012700 000:886.901    -- Start of erasing sectors
T95012700 000:886.906    -- End of erasing sectors
T95012700 000:886.910    -- Start of flash programming
T95012700 000:886.914    -- End of flash programming
T95012700 000:886.918    -- Start of verifying flash
T95012700 000:886.922    -- End of verifying flash
T95012700 000:886.926    -- Start of restoring
T95012700 000:886.931    -- Executing UnInit()
T95012700 000:895.177    -- Restoring target memory
T95012700 000:947.270    -- Restoring CPU registers
T95012700 000:947.886    -- End of restoring
T95012700 000:947.896    -- Bank 0 @ 0x0100A100: Skipped. Contents already match
T95012700 000:947.900    -- Bank 0 @ 0x0100A100: Skipped. Contents already match
T95012700 000:947.905    -- --------------------------------------
T95012700 000:947.909    -- Flash bank @ 0x00000000: Default: L2 verify disabled because algorithm performs L1 verify
T95012700 000:947.912    -- Start of determining dirty areas in flash cache
T95012700 000:947.917    -- Filling invalid ranges in sector buffer (flash cache) for sector @ 0x00000000 if necessary
T95012700 000:948.295    -- End of determining dirty areas
T95012700 000:948.300    -- Start of preparing flash programming
T95012700 000:948.305    -- Calculating RAM usage
T95012700 000:948.319    -- RAM usage = 3476 Bytes
T95012700 000:948.323    -- Preserving CPU registers
T95012700 000:948.346    -- Determining CPU clock frequency
T95012700 001:001.317    -- Preparing target
T95012700 001:001.338    -- Preserving target RAM temporarily used for programming
T95012700 001:042.155    -- Downloading RAMCode
T95012700 001:089.318    -- Preparing RAMCode
T95012700 001:108.805    -- CPU frequency = 100000 kHz
T95012700 001:108.827    -- End of preparing flash programming
T95012700 001:108.834    -- CPU is running at 100000 kHz.
T95012700 001:108.838    -- Start of comparing flash
T95012700 001:108.843    -- CRC check was estimated as fastest method
T95012700 001:108.847    -- Comparing range 0x0000 - 0x1FFF (1 Sector, 8 KB), using multi-block CRC calculation
T95012700 001:114.779    -- All CRCs match
T95012700 001:114.798    -- Comparing range 0x0000 - 0x1FFF (1 Sector, 8 KB), using alternative multi-block CRC calculation
T95012700 001:120.830    -- All CRCs match
T95012700 001:120.846    -- End of comparing flash
T95012700 001:120.850    -- Start of erasing sectors
T95012700 001:120.854    -- End of erasing sectors
T95012700 001:120.857    -- Start of flash programming
T95012700 001:120.861    -- End of flash programming
T95012700 001:120.864    -- Start of restoring
T95012700 001:120.868    -- Restoring RAMCode
T95012700 001:129.049    -- Restoring target memory
T95012700 001:164.854    -- Restore target
T95012700 001:164.871    -- Restoring CPU registers
T95012700 001:165.515    -- End of restoring
T95012700 001:165.527    -- Bank 1 @ 0x00000000: Skipped. Contents already match
T95012700 001:165.531    -- Bank 1 @ 0x00000000: Skipped. Contents already match
T95012700 001:178.189 - 540.453ms returns 0 (0x0)
T95012700 001:178.853 JLINK_WriteReg(R15 (PC), 0x00000674)
T95012700 001:178.871 - 0.018ms returns 0
T95012700 001:178.877 JLINK_WriteReg(XPSR, 0x01000000)
T95012700 001:178.882 - 0.005ms returns 0
T95012700 001:178.891 JLINK_SetEndian(ARM_ENDIAN_LITTLE)
T95012700 001:178.895 - 0.004ms returns 0
T95012700 001:179.166 JLINK_ResetPullsRESET(ON)
T95012700 001:179.173 - 0.008ms
T95012700 001:179.176 JLINK_Halt()
T95012700 001:179.179 - 0.003ms returns 0x00
T95012700 001:179.181 JLINK_IsHalted()
T95012700 001:179.185 - 0.004ms returns TRUE
T95012700 001:179.188 JLINK_Reset()
T95012700 001:179.196   CPU_WriteMem(4 bytes @ 0xE000EDF0)
T95012700 001:179.812   CPU_ReadMem(4 bytes @ 0xE000ED44)
T95012700 001:180.462   CPU_ReadMem(4 bytes @ 0xE000EE08)
T95012700 001:181.076   CPU_WriteMem(4 bytes @ 0xE000EE08)
T95012700 001:181.697   CPU_ReadMem(4 bytes @ 0xE000EE08)
T95012700 001:182.274   Reset: ARMv8M core with Security Extension enabled detected. Switch to secure domain.
T95012700 001:182.284   CPU_WriteMem(4 bytes @ 0xE000EDFC)
T95012700 001:182.996   Reset: Halt core after reset via DEMCR.VC_CORERESET.
T95012700 001:183.803   Reset: Reset device via AIRCR.SYSRESETREQ.
T95012700 001:183.814   CPU_WriteMem(4 bytes @ 0xE000ED0C)
T95012700 001:237.580   CPU_ReadMem(4 bytes @ 0xE000EDF0)
T95012700 001:238.195   CPU_ReadMem(4 bytes @ 0xE000EDF0)
T95012700 001:238.984   CPU_WriteMem(4 bytes @ 0xE000EDFC)
T95012700 001:245.357   CPU_ReadMem(4 bytes @ 0xE000EDF0)
T95012700 001:252.961   CPU_ReadMem(4 bytes @ 0xE000EE08)
T95012700 001:253.807   CPU_WriteMem(4 bytes @ 0xE0002000)
T95012700 001:254.471   CPU_ReadMem(4 bytes @ 0xE000EDFC)
T95012700 001:255.392   CPU_ReadMem(4 bytes @ 0xE0001000)
T95012700 001:256.129   CPU_ReadMem(4 bytes @ 0xE000EE08)
T95012700 001:256.854 - 77.666ms
T95012700 001:256.869 JLINK_SetEndian(ARM_ENDIAN_LITTLE)
T95012700 001:256.872 - 0.004ms returns 0
T95012700 001:259.900 JLINK_ReadReg(XPSR)
T95012700 001:259.923   CPU_ReadMem(4 bytes @ 0xE000EE08)
T95012700 001:260.442 - 0.541ms returns 0xF9000000
T95012700 001:260.815 JLINK_ReadMem(0x00000674, 0x4 Bytes, ...)
T95012700 001:260.832    -- Read from flash cache (4 bytes @ 0x00000674)
T95012700 001:260.839   Data:  08 B5 00 F0
T95012700 001:260.845 - 0.031ms returns 0
T95012700 001:262.079 JLINK_ReadReg(XPSR)
T95012700 001:262.109 - 0.030ms returns 0xF9000000
T95012700 001:262.346 JLINK_ReadMem(0x00000674, 0x4 Bytes, ...)
T95012700 001:262.356    -- Read from flash cache (4 bytes @ 0x00000674)
T95012700 001:262.360   Data:  08 B5 00 F0
T95012700 001:262.365 - 0.020ms returns 0
T95012700 001:264.032 JLINK_ReadMem(0x0000013A, 0x2 Bytes, ...)
T95012700 001:264.048    -- Read from flash cache (2 bytes @ 0x0000013A)
T95012700 001:264.053   Data:  3A F8
T95012700 001:264.058 - 0.028ms returns 0
T95012700 001:264.136 JLINK_ReadMem(0x000000C0, 0x40 Bytes, ...)
T95012700 001:264.143    -- Read from flash cache (64 bytes @ 0x000000C0)
T95012700 001:264.148   Data:  CD BF 00 BF 00 00 00 00 2C 00 00 20 68 0B 00 00 ...
T95012700 001:264.152 - 0.016ms returns 0
T95012700 001:264.252 JLINK_ReadMem(0x0000013A, 0x2 Bytes, ...)
T95012700 001:264.258    -- Read from flash cache (2 bytes @ 0x0000013A)
T95012700 001:264.262   Data:  3A F8
T95012700 001:264.266 - 0.015ms returns 0
T95012700 001:605.663 JLINK_GetNumBPUnits(Type = 0xFFFFFF00)
T95012700 001:605.675 - 0.012ms returns 0x08
T95012700 001:605.678 JLINK_GetNumWPUnits()
T95012700 001:605.681 - 0.002ms returns 4
T95012700 001:605.683 JLINK_GetNumWPUnits()
T95012700 001:605.685 - 0.002ms returns 4
T95012700 001:605.691 JLINK_GetNumBPUnits(Type = 0xFFFFFF00)
T95012700 001:605.694 - 0.003ms returns 0x08
T95012700 001:605.696 JLINK_GetNumWPUnits()
T95012700 001:605.699 - 0.003ms returns 4
T95012700 001:605.701 JLINK_GetNumWPUnits()
T95012700 001:605.709 - 0.008ms returns 4
T95012700 001:605.714 JLINK_GetNumBPUnits(Type = 0xFFFFFF00)
T95012700 001:605.717 - 0.003ms returns 0x08
T95012700 001:605.719 JLINK_GetNumWPUnits()
T95012700 001:605.722 - 0.003ms returns 4
T95012700 001:605.724 JLINK_GetNumWPUnits()
T95012700 001:605.727 - 0.002ms returns 4
T95012700 001:605.751 JLINK_SetBPEx(Addr = 0x000001D0, Type = 0xFFFFFF00)
T95012700 001:605.758 - 0.007ms returns 0x00000001
T95012700 001:605.763 JLINK_ClrBPEx(BPHandle = 0x00000001)
T95012700 001:605.766 - 0.003ms returns 0x00
T95012700 001:606.435 JLINK_ReadMem(0x000001C0, 0x40 Bytes, ...)
T95012700 001:606.447    -- Read from flash cache (64 bytes @ 0x000001C0)
T95012700 001:606.452   Data:  02 48 00 F0 AF B8 00 BF F8 07 00 00 44 00 00 20 ...
T95012700 001:606.455 - 0.021ms returns 0
T95012700 001:606.574 JLINK_ReadMem(0x000001D0, 0x2 Bytes, ...)
T95012700 001:606.581    -- Read from flash cache (2 bytes @ 0x000001D0)
T95012700 001:606.584   Data:  08 B5
T95012700 001:606.588 - 0.014ms returns 0
T95012700 001:606.692 JLINK_SetBPEx(Addr = 0x000001D0, Type = 0xFFFFFF00)
T95012700 001:606.700 - 0.008ms returns 0x00000002
T95012700 001:609.336 JLINK_ReadRegs(NumRegs = 22, Indexes: 0, 1, 2, 3, 4, 5, 6, 7, 8, 9, 10, 11, 12, 13, 14, 15, 16, 17, 18, 86, 87, 20)
T95012700 001:609.382    -- R0=0x00, R1=0x00, R2=0x00, R3=0x00, R4=0x00, R5=0x00, R6=0x00, R7=0x00, R8=0x40080D00, R9=0x01, R10=0xB5C, R11=0xFFFE3FFE, R12=0x2000D888, R13 (SP)=0x200004A0, R14=0xFFFFFFFF, R15 (PC)=0x674, XPSR=0xF9000000, MSP=0x200004A0, PSP=0x00, MSPLIM=0x00, PSPLIM=0x00, CFBP=0x00
T95012700 001:609.390 - 0.054ms returns 0x00
T95012700 001:609.615 JLINK_ReadReg(XPSR)
T95012700 001:609.639 - 0.024ms returns 0xF9000000
T95012700 001:610.287 JLINK_ReadMem(0x00000674, 0x4 Bytes, ...)
T95012700 001:610.338    -- Read from flash cache (4 bytes @ 0x00000674)
T95012700 001:610.347   Data:  08 B5 00 F0
T95012700 001:610.357 - 0.073ms returns 0
T94811700 001:661.382 JLINK_GetNumBPUnits(Type = 0xFFFFFF00)
T94811700 001:661.398 - 0.016ms returns 0x08
T94811700 001:661.401 JLINK_GetNumWPUnits()
T94811700 001:661.404 - 0.003ms returns 4
T94811700 001:661.407 JLINK_GetNumWPUnits()
T94811700 001:661.410 - 0.003ms returns 4
T94811700 001:661.533 JLINK_GetNumBPUnits(Type = 0xFFFFFF00)
T94811700 001:661.539 - 0.007ms returns 0x08
T94811700 001:661.542 JLINK_GetNumWPUnits()
T94811700 001:661.545 - 0.003ms returns 4
T94811700 001:661.548 JLINK_GetNumWPUnits()
T94811700 001:661.551 - 0.002ms returns 4
T94811700 001:661.686 JLINK_GetNumBPUnits(Type = 0xFFFFFF00)
T94811700 001:661.702 - 0.015ms returns 0x08
T94811700 001:661.706 JLINK_GetNumWPUnits()
T94811700 001:661.711 - 0.004ms returns 4
T94811700 001:661.715 JLINK_GetNumWPUnits()
T94811700 001:661.719 - 0.004ms returns 4
T94811700 001:661.930 JLINK_GetNumBPUnits(Type = 0xFFFFFF00)
T94811700 001:661.942 - 0.012ms returns 0x08
T94811700 001:661.947 JLINK_GetNumWPUnits()
T94811700 001:661.951 - 0.004ms returns 4
T94811700 001:661.955 JLINK_GetNumWPUnits()
T94811700 001:661.959 - 0.004ms returns 4
T94811700 001:662.230 JLINK_GetNumBPUnits(Type = 0xFFFFFF00)
T94811700 001:662.241 - 0.012ms returns 0x08
T94811700 001:662.246 JLINK_GetNumWPUnits()
T94811700 001:662.250 - 0.003ms returns 4
T94811700 001:662.254 JLINK_GetNumWPUnits()
T94811700 001:662.258 - 0.004ms returns 4
T94811700 001:662.617 JLINK_GetNumBPUnits(Type = 0xFFFFFF00)
T94811700 001:662.628 - 0.012ms returns 0x08
T94811700 001:662.633 JLINK_GetNumWPUnits()
T94811700 001:662.637 - 0.004ms returns 4
T94811700 001:662.641 JLINK_GetNumWPUnits()
T94811700 001:662.645 - 0.004ms returns 4
T94811700 001:662.821 JLINK_ReadReg(XPSR)
T94811700 001:662.843 - 0.022ms returns 0xF9000000
T94811700 001:662.849 JLINK_ReadReg(R15 (PC))
T94811700 001:662.854 - 0.006ms returns 0x00000674
T94811700 001:662.935 JLINK_GetNumBPUnits(Type = 0xFFFFFF00)
T94811700 001:662.943 - 0.007ms returns 0x08
T94811700 001:662.947 JLINK_GetNumWPUnits()
T94811700 001:662.951 - 0.004ms returns 4
T94811700 001:662.965 JLINK_GetNumWPUnits()
T94811700 001:662.969 - 0.004ms returns 4
T94811700 001:663.075 JLINK_GetNumBPUnits(Type = 0xFFFFFF00)
T94811700 001:663.083 - 0.007ms returns 0x08
T94811700 001:663.087 JLINK_GetNumWPUnits()
T94811700 001:663.091 - 0.003ms returns 4
T94811700 001:663.094 JLINK_GetNumWPUnits()
T94811700 001:663.099 - 0.004ms returns 4
T95012700 001:842.938 JLINK_ReadMem(0x00000674, 0x4 Bytes, ...)
T95012700 001:842.963    -- Read from flash cache (4 bytes @ 0x00000674)
T95012700 001:842.968   Data:  08 B5 00 F0
T95012700 001:842.972 - 0.036ms returns 0
T95012700 001:872.269 JLINK_ReadReg(XPSR)
T95012700 001:872.779 - 0.510ms returns 0xF9000000
T95012700 001:873.052 JLINK_ReadReg(XPSR)
T95012700 001:873.060 - 0.008ms returns 0xF9000000
T95012700 003:935.425 JLINK_STRACE_Read(..., NumItems = 0x10000)
T95012700 003:935.736 - 0.311ms NumItemsRead = 0x00
T95012700 003:935.752 JLINK_IsHalted()
T95012700 003:936.205 - 0.452ms returns TRUE
T95012700 003:936.215 JLINK_STRACE_Read(..., NumItems = 0x10000)
T95012700 003:936.219 - 0.005ms NumItemsRead = 0x00
T95012700 003:936.223 JLINK_GoEx(MaxEmulInsts = 0, Flags = 0x01)
T95012700 003:936.236   CPU_WriteMem(4 bytes @ 0xE0002000)
T95012700 003:936.819   CPU_ReadMem(4 bytes @ 0xE0001000)
T95012700 003:937.496   CPU_WriteMem(4 bytes @ 0xE0002008)
T95012700 003:937.508   CPU_WriteMem(4 bytes @ 0xE000200C)
T95012700 003:937.512   CPU_WriteMem(4 bytes @ 0xE0002010)
T95012700 003:937.516   CPU_WriteMem(4 bytes @ 0xE0002014)
T95012700 003:937.520   CPU_WriteMem(4 bytes @ 0xE0002018)
T95012700 003:937.524   CPU_WriteMem(4 bytes @ 0xE000201C)
T95012700 003:937.527   CPU_WriteMem(4 bytes @ 0xE0002020)
T95012700 003:937.531   CPU_WriteMem(4 bytes @ 0xE0002024)
T95012700 003:941.319   CPU_WriteMem(4 bytes @ 0xE0001004)
T95012700 003:942.902   Memory map 'after startup completion point' is active
T95012700 003:942.916 - 6.692ms
T95012700 004:043.321 JLINK_IsHalted()
T95012700 004:049.526 - 6.204ms returns TRUE
T95012700 004:049.550 JLINK_ReadReg(XPSR)
T95012700 004:049.562   CPU_ReadMem(4 bytes @ 0xE000EE08)
T95012700 004:050.128 - 0.577ms returns 0x69000000
T95012700 004:050.140 JLINK_ReadReg(R15 (PC))
T95012700 004:050.148 - 0.008ms returns 0x000001D0
T95012700 004:050.174 JLINK_ReadReg(XPSR)
T95012700 004:050.182 - 0.007ms returns 0x69000000
T95012700 004:050.186 JLINK_ReadReg(XPSR)
T95012700 004:050.189 - 0.003ms returns 0x69000000
T95012700 004:050.192 JLINK_ReadReg(R15 (PC))
T95012700 004:050.196 - 0.003ms returns 0x000001D0
T95012700 004:050.199 JLINK_ReadReg(XPSR)
T95012700 004:050.202 - 0.003ms returns 0x69000000
T95012700 004:050.205 JLINK_ReadReg(XPSR)
T95012700 004:050.208 - 0.003ms returns 0x69000000
T95012700 004:050.212 JLINK_ReadMem(0x000001D0, 0x1 Bytes, ...)
T95012700 004:050.218    -- Read from flash cache (1 bytes @ 0x000001D0)
T95012700 004:050.222   Data:  08
T95012700 004:050.226 - 0.014ms returns 0
T95012700 004:050.230 JLINK_IsHalted()
T95012700 004:050.233 - 0.003ms returns TRUE
T95012700 004:050.236 JLINK_ReadReg(XPSR)
T95012700 004:050.240 - 0.003ms returns 0x69000000
T95012700 004:050.243 JLINK_ReadReg(XPSR)
T95012700 004:050.246 - 0.004ms returns 0x69000000
T95012700 004:050.249 JLINK_ReadReg(R15 (PC))
T95012700 004:050.252 - 0.004ms returns 0x000001D0
T95012700 004:050.255 JLINK_ReadReg(XPSR)
T95012700 004:050.258 - 0.003ms returns 0x69000000
T95012700 004:050.261 JLINK_ReadReg(XPSR)
T95012700 004:050.264 - 0.003ms returns 0x69000000
T95012700 004:050.267 JLINK_ReadMem(0x000001D0, 0x1 Bytes, ...)
T95012700 004:050.270    -- Read from flash cache (1 bytes @ 0x000001D0)
T95012700 004:050.274   Data:  08
T95012700 004:050.278 - 0.011ms returns 0
T95012700 004:050.568 JLINK_ReadRegs(NumRegs = 22, Indexes: 0, 1, 2, 3, 4, 5, 6, 7, 8, 9, 10, 11, 12, 13, 14, 15, 16, 17, 18, 86, 87, 20)
T95012700 004:050.594    -- R0=0x00, R1=0x11F, R2=0x00, R3=0x60, R4=0x00, R5=0x00, R6=0x00, R7=0x00, R8=0x40080D00, R9=0x01, R10=0xB5C, R11=0xFFFE3FFE, R12=0x10, R13 (SP)=0x20000498, R14=0x67F, R15 (PC)=0x1D0, XPSR=0x69000000, MSP=0x20000498, PSP=0x00, MSPLIM=0x200000A0, PSPLIM=0x00, CFBP=0x00
T95012700 004:050.609 - 0.042ms returns 0x00
T95012700 004:051.167 JLINK_ReadReg(XPSR)
T95012700 004:051.176 - 0.008ms returns 0x69000000
T95012700 004:051.405 JLINK_ReadMem(0x000001D0, 0x4 Bytes, ...)
T95012700 004:051.422    -- Read from flash cache (4 bytes @ 0x000001D0)
T95012700 004:051.427   Data:  08 B5 FF F7
T95012700 004:051.431 - 0.027ms returns 0
T95012700 004:051.871 JLINK_ClrBPEx(BPHandle = 0x00000002)
T95012700 004:051.883 - 0.012ms returns 0x00
T95012700 004:057.833 JLINK_ReadMem(0x000001D0, 0x4 Bytes, ...)
T95012700 004:057.853    -- Read from flash cache (4 bytes @ 0x000001D0)
T95012700 004:057.858   Data:  08 B5 FF F7
T95012700 004:057.863 - 0.032ms returns 0
T95012700 004:102.341 JLINK_ReadReg(XPSR)
T95012700 004:102.374 - 0.033ms returns 0x69000000
T95012700 004:102.748 JLINK_ReadReg(XPSR)
T95012700 004:102.775 - 0.026ms returns 0x69000000
T95012700 004:408.998 JLINK_STRACE_Read(..., NumItems = 0x10000)
T95012700 004:409.024 - 0.026ms NumItemsRead = 0x00
T95012700 004:409.030 JLINK_IsHalted()
T95012700 004:409.035 - 0.004ms returns TRUE
T95012700 004:409.038 JLINK_STRACE_Read(..., NumItems = 0x10000)
T95012700 004:409.041 - 0.003ms NumItemsRead = 0x00
T95012700 004:409.045 JLINK_GoEx(MaxEmulInsts = 0, Flags = 0x01)
T95012700 004:409.066   CPU_ReadMem(4 bytes @ 0xE0001000)
T95012700 004:409.646   CPU_WriteMem(4 bytes @ 0xE0002008)
T95012700 004:411.316 - 2.269ms
T95012700 004:512.333 JLINK_IsHalted()
T95012700 004:513.019 - 0.686ms returns FALSE
T95012700 004:513.028 JLINK_IsHalted()
T95012700 004:513.646 - 0.617ms returns FALSE
T95012700 004:614.294 JLINK_IsHalted()
T95012700 004:614.888 - 0.595ms returns FALSE
T95012700 004:614.900 JLINK_IsHalted()
T95012700 004:615.437 - 0.537ms returns FALSE
T95012700 004:716.357 JLINK_IsHalted()
T95012700 004:716.922 - 0.565ms returns FALSE
T95012700 004:716.931 JLINK_IsHalted()
T95012700 004:717.470 - 0.538ms returns FALSE
T95012700 004:818.359 JLINK_IsHalted()
T95012700 004:819.237 - 0.878ms returns FALSE
T95012700 004:819.253 JLINK_IsHalted()
T95012700 004:819.849 - 0.595ms returns FALSE
T95012700 004:920.315 JLINK_IsHalted()
T95012700 004:920.978 - 0.663ms returns FALSE
T95012700 004:920.992 JLINK_IsHalted()
T95012700 004:921.742 - 0.749ms returns FALSE
T95012700 005:022.250 JLINK_IsHalted()
T95012700 005:023.102 - 0.852ms returns FALSE
T95012700 005:023.119 JLINK_IsHalted()
T95012700 005:023.741 - 0.622ms returns FALSE
T94811700 005:052.762 JLINK_ReadReg(XPSR)
T94811700 005:053.451   CPU is running
T94811700 005:053.473   
  ***** Error: 
T94811700 005:053.481   Cannot read register 16 (XPSR) while CPU is running
T94811700 005:053.491 - 0.730ms returns 0x00000000
T94811700 005:053.501 JLINK_ReadReg(R15 (PC))
T94811700 005:054.100   CPU is running
T94811700 005:054.126   
  ***** Error: 
T94811700 005:054.140   Cannot read register 15 (R15) while CPU is running
T94811700 005:054.150 - 0.649ms returns 0x00000000
T94811700 005:054.690 JLINK_IsHalted()
T94811700 005:055.330 - 0.639ms returns FALSE
T94811700 005:055.355 JLINK_IsHalted()
T94811700 005:055.928 - 0.573ms returns FALSE
T95012700 005:124.371 JLINK_IsHalted()
T95012700 005:124.961 - 0.590ms returns FALSE
T95012700 005:124.972 JLINK_IsHalted()
T95012700 005:125.634 - 0.661ms returns FALSE
T95012700 005:226.248 JLINK_IsHalted()
T95012700 005:226.822 - 0.576ms returns FALSE
T95012700 005:226.830 JLINK_IsHalted()
T95012700 005:227.376 - 0.545ms returns FALSE
T95012700 005:328.311 JLINK_IsHalted()
T95012700 005:328.908 - 0.597ms returns FALSE
T95012700 005:328.926 JLINK_IsHalted()
T95012700 005:329.496 - 0.569ms returns FALSE
T94811700 005:411.421 JLINK_IsHalted()
T94811700 005:412.044 - 0.623ms returns FALSE
T94811700 005:412.062 JLINK_IsHalted()
T94811700 005:412.643 - 0.581ms returns FALSE
T95012700 005:430.397 JLINK_IsHalted()
T95012700 005:431.126 - 0.729ms returns FALSE
T95012700 005:431.145 JLINK_IsHalted()
T95012700 005:431.705 - 0.560ms returns FALSE
T95012700 005:532.297 JLINK_IsHalted()
T95012700 005:533.038 - 0.741ms returns FALSE
T95012700 005:533.069 JLINK_IsHalted()
T95012700 005:533.758 - 0.688ms returns FALSE
T95012700 005:634.384 JLINK_IsHalted()
T95012700 005:635.135 - 0.751ms returns FALSE
T95012700 005:635.170 JLINK_IsHalted()
T95012700 005:635.750 - 0.578ms returns FALSE
T95012700 005:736.426 JLINK_IsHalted()
T95012700 005:737.244 - 0.815ms returns FALSE
T95012700 005:737.282 JLINK_IsHalted()
T95012700 005:737.887 - 0.604ms returns FALSE
T95012700 005:838.385 JLINK_IsHalted()
T95012700 005:839.331 - 0.945ms returns FALSE
T95012700 005:839.378 JLINK_IsHalted()
T95012700 005:840.209 - 0.830ms returns FALSE
T95012700 005:941.267 JLINK_IsHalted()
T95012700 005:942.091 - 0.823ms returns FALSE
T95012700 005:942.129 JLINK_IsHalted()
T95012700 005:942.881 - 0.751ms returns FALSE
T95012700 006:043.352 JLINK_IsHalted()
T95012700 006:044.119 - 0.766ms returns FALSE
T95012700 006:044.155 JLINK_IsHalted()
T95012700 006:044.854 - 0.696ms returns FALSE
T95012700 006:145.343 JLINK_IsHalted()
T95012700 006:146.228 - 0.884ms returns FALSE
T95012700 006:146.265 JLINK_IsHalted()
T95012700 006:147.085 - 0.819ms returns FALSE
T95012700 006:247.308 JLINK_IsHalted()
T95012700 006:248.021 - 0.713ms returns FALSE
T95012700 006:248.058 JLINK_IsHalted()
T95012700 006:248.880 - 0.821ms returns FALSE
T95012700 006:349.432 JLINK_IsHalted()
T95012700 006:350.153 - 0.721ms returns FALSE
T95012700 006:350.190 JLINK_IsHalted()
T95012700 006:350.859 - 0.668ms returns FALSE
T94811700 006:413.331 JLINK_IsHalted()
T94811700 006:414.058 - 0.727ms returns FALSE
T94811700 006:414.095 JLINK_IsHalted()
T94811700 006:414.792 - 0.695ms returns FALSE
T95012700 006:451.483 JLINK_IsHalted()
T95012700 006:452.184 - 0.701ms returns FALSE
T95012700 006:452.219 JLINK_IsHalted()
T95012700 006:452.869 - 0.647ms returns FALSE
T95012700 006:553.391 JLINK_IsHalted()
T95012700 006:554.095 - 0.702ms returns FALSE
T95012700 006:554.135 JLINK_IsHalted()
T95012700 006:554.725 - 0.588ms returns FALSE
T95012700 006:655.384 JLINK_IsHalted()
T95012700 006:656.016 - 0.632ms returns FALSE
T95012700 006:656.029 JLINK_IsHalted()
T95012700 006:656.849 - 0.819ms returns FALSE
T95012700 006:757.320 JLINK_IsHalted()
T95012700 006:757.907 - 0.587ms returns FALSE
T95012700 006:757.918 JLINK_IsHalted()
T95012700 006:758.533 - 0.614ms returns FALSE
T95012700 006:859.413 JLINK_IsHalted()
T95012700 006:860.146 - 0.742ms returns FALSE
T95012700 006:860.185 JLINK_IsHalted()
T95012700 006:860.845 - 0.658ms returns FALSE
T95012700 006:961.303 JLINK_IsHalted()
T95012700 006:962.057 - 0.752ms returns FALSE
T95012700 006:962.096 JLINK_IsHalted()
T95012700 006:962.852 - 0.754ms returns FALSE
T95012700 007:063.300 JLINK_IsHalted()
T95012700 007:064.044 - 0.743ms returns FALSE
T95012700 007:064.082 JLINK_IsHalted()
T95012700 007:064.795 - 0.711ms returns FALSE
T95012700 007:165.283 JLINK_IsHalted()
T95012700 007:166.096 - 0.812ms returns FALSE
T95012700 007:166.134 JLINK_IsHalted()
T95012700 007:166.823 - 0.687ms returns FALSE
T95012700 007:267.463 JLINK_IsHalted()
T95012700 007:268.249 - 0.782ms returns FALSE
T95012700 007:268.288 JLINK_IsHalted()
T95012700 007:269.029 - 0.739ms returns FALSE
T95012700 007:369.355 JLINK_IsHalted()
T95012700 007:369.983 - 0.626ms returns FALSE
T95012700 007:370.007 JLINK_IsHalted()
T95012700 007:370.649 - 0.640ms returns FALSE
T94811700 007:415.335 JLINK_IsHalted()
T94811700 007:415.914 - 0.578ms returns FALSE
T94811700 007:415.925 JLINK_IsHalted()
T94811700 007:416.474 - 0.548ms returns FALSE
T95012700 007:471.404 JLINK_IsHalted()
T95012700 007:472.013 - 0.610ms returns FALSE
T95012700 007:472.032 JLINK_IsHalted()
T95012700 007:472.639 - 0.607ms returns FALSE
T95012700 007:573.421 JLINK_IsHalted()
T95012700 007:574.111 - 0.690ms returns FALSE
T95012700 007:574.145 JLINK_IsHalted()
T95012700 007:574.737 - 0.590ms returns FALSE
T95012700 007:675.298 JLINK_IsHalted()
T95012700 007:676.019 - 0.716ms returns FALSE
T95012700 007:676.060 JLINK_IsHalted()
T95012700 007:676.768 - 0.706ms returns FALSE
T95012700 007:777.291 JLINK_IsHalted()
T95012700 007:777.988 - 0.696ms returns FALSE
T95012700 007:778.009 JLINK_IsHalted()
T95012700 007:778.599 - 0.588ms returns FALSE
T95012700 007:879.388 JLINK_IsHalted()
T95012700 007:880.126 - 0.738ms returns FALSE
T95012700 007:880.163 JLINK_IsHalted()
T95012700 007:880.944 - 0.779ms returns FALSE
T95012700 007:981.323 JLINK_IsHalted()
T95012700 007:982.078 - 0.753ms returns FALSE
T95012700 007:982.115 JLINK_IsHalted()
T95012700 007:982.827 - 0.709ms returns FALSE
T95012700 008:083.362 JLINK_IsHalted()
T95012700 008:084.249 - 0.887ms returns FALSE
T95012700 008:084.286 JLINK_IsHalted()
T95012700 008:085.176 - 0.888ms returns FALSE
T95012700 008:186.339 JLINK_IsHalted()
T95012700 008:187.159 - 0.819ms returns FALSE
T95012700 008:187.197 JLINK_IsHalted()
T95012700 008:187.978 - 0.779ms returns FALSE
T95012700 008:288.311 JLINK_IsHalted()
T95012700 008:289.181 - 0.869ms returns FALSE
T95012700 008:289.219 JLINK_IsHalted()
T95012700 008:290.102 - 0.881ms returns FALSE
T95012700 008:390.357 JLINK_IsHalted()
T95012700 008:391.088 - 0.730ms returns FALSE
T95012700 008:391.124 JLINK_IsHalted()
T95012700 008:392.016 - 0.890ms returns FALSE
T94811700 008:417.148 JLINK_IsHalted()
T94811700 008:417.847 - 0.697ms returns FALSE
T94811700 008:417.884 JLINK_IsHalted()
T94811700 008:418.517 - 0.632ms returns FALSE
T95012700 008:492.328 JLINK_IsHalted()
T95012700 008:493.099 - 0.770ms returns FALSE
T95012700 008:493.137 JLINK_IsHalted()
T95012700 008:493.841 - 0.702ms returns FALSE
T95012700 008:594.400 JLINK_IsHalted()
T95012700 008:595.100 - 0.699ms returns FALSE
T95012700 008:595.137 JLINK_IsHalted()
T95012700 008:595.847 - 0.707ms returns FALSE
T95012700 008:696.282 JLINK_IsHalted()
T95012700 008:696.957 - 0.673ms returns FALSE
T95012700 008:696.995 JLINK_IsHalted()
T95012700 008:697.828 - 0.830ms returns FALSE
T95012700 008:798.314 JLINK_IsHalted()
T95012700 008:799.059 - 0.744ms returns FALSE
T95012700 008:799.096 JLINK_IsHalted()
T95012700 008:799.779 - 0.681ms returns FALSE
T95012700 008:900.436 JLINK_IsHalted()
T95012700 008:901.155 - 0.717ms returns FALSE
T95012700 008:901.192 JLINK_IsHalted()
T95012700 008:901.856 - 0.662ms returns FALSE
T95012700 009:002.399 JLINK_IsHalted()
T95012700 009:003.114 - 0.715ms returns FALSE
T95012700 009:003.140 JLINK_IsHalted()
T95012700 009:003.792 - 0.650ms returns FALSE
T95012700 009:104.440 JLINK_IsHalted()
T95012700 009:105.353 - 0.913ms returns FALSE
T95012700 009:105.390 JLINK_IsHalted()
T95012700 009:106.058 - 0.666ms returns FALSE
T95012700 009:206.376 JLINK_IsHalted()
T95012700 009:207.145 - 0.767ms returns FALSE
T95012700 009:207.182 JLINK_IsHalted()
T95012700 009:207.965 - 0.782ms returns FALSE
T95012700 009:308.400 JLINK_IsHalted()
T95012700 009:309.124 - 0.723ms returns FALSE
T95012700 009:309.162 JLINK_IsHalted()
T95012700 009:309.828 - 0.665ms returns FALSE
T95012700 009:410.391 JLINK_IsHalted()
T95012700 009:411.104 - 0.712ms returns FALSE
T95012700 009:411.141 JLINK_IsHalted()
T95012700 009:411.827 - 0.683ms returns FALSE
T94811700 009:419.359 JLINK_IsHalted()
T94811700 009:420.108 - 0.748ms returns FALSE
T94811700 009:420.145 JLINK_IsHalted()
T94811700 009:420.787 - 0.641ms returns FALSE
T95012700 009:512.276 JLINK_IsHalted()
T95012700 009:512.951 - 0.674ms returns FALSE
T95012700 009:512.989 JLINK_IsHalted()
T95012700 009:513.867 - 0.874ms returns FALSE
T95012700 009:614.336 JLINK_IsHalted()
T95012700 009:615.273 - 0.935ms returns FALSE
T95012700 009:615.314 JLINK_IsHalted()
T95012700 009:616.030 - 0.713ms returns FALSE
T95012700 009:716.268 JLINK_IsHalted()
T95012700 009:717.139 - 0.869ms returns FALSE
T95012700 009:717.176 JLINK_IsHalted()
T95012700 009:717.848 - 0.669ms returns FALSE
T95012700 009:818.268 JLINK_IsHalted()
T95012700 009:819.187 - 0.918ms returns FALSE
T95012700 009:819.277 JLINK_IsHalted()
T95012700 009:820.122 - 0.843ms returns FALSE
T95012700 009:920.256 JLINK_IsHalted()
T95012700 009:921.131 - 0.874ms returns FALSE
T95012700 009:921.196 JLINK_IsHalted()
T95012700 009:921.891 - 0.693ms returns FALSE
T95012700 010:022.318 JLINK_IsHalted()
T95012700 010:023.087 - 0.768ms returns FALSE
T95012700 010:023.131 JLINK_IsHalted()
T95012700 010:023.973 - 0.840ms returns FALSE
T95012700 010:124.277 JLINK_IsHalted()
T95012700 010:125.147 - 0.869ms returns FALSE
T95012700 010:125.191 JLINK_IsHalted()
T95012700 010:125.970 - 0.776ms returns FALSE
T95012700 010:226.244 JLINK_IsHalted()
T95012700 010:226.985 - 0.741ms returns FALSE
T95012700 010:227.029 JLINK_IsHalted()
T95012700 010:227.821 - 0.791ms returns FALSE
T95012700 010:328.365 JLINK_IsHalted()
T95012700 010:329.218 - 0.853ms returns FALSE
T95012700 010:329.230 JLINK_IsHalted()
T95012700 010:329.826 - 0.596ms returns FALSE
T94811700 010:421.629 JLINK_IsHalted()
T94811700 010:422.355 - 0.725ms returns FALSE
T94811700 010:422.392 JLINK_IsHalted()
T94811700 010:423.119 - 0.726ms returns FALSE
T95012700 010:430.344 JLINK_IsHalted()
T95012700 010:431.044 - 0.699ms returns FALSE
T95012700 010:431.091 JLINK_IsHalted()
T95012700 010:431.748 - 0.656ms returns FALSE
T95012700 010:532.395 JLINK_IsHalted()
T95012700 010:533.242 - 0.845ms returns FALSE
T95012700 010:533.311 JLINK_IsHalted()
T95012700 010:534.163 - 0.851ms returns FALSE
T95012700 010:635.277 JLINK_IsHalted()
T95012700 010:635.977 - 0.701ms returns FALSE
T95012700 010:636.006 JLINK_IsHalted()
T95012700 010:636.629 - 0.623ms returns FALSE
T95012700 010:737.400 JLINK_IsHalted()
T95012700 010:738.354 - 0.951ms returns FALSE
T95012700 010:738.412 JLINK_IsHalted()
T95012700 010:739.126 - 0.711ms returns FALSE
T95012700 010:839.409 JLINK_IsHalted()
T95012700 010:840.218 - 0.807ms returns FALSE
T95012700 010:840.264 JLINK_IsHalted()
T95012700 010:841.008 - 0.743ms returns FALSE
T95012700 010:941.244 JLINK_IsHalted()
T95012700 010:941.942 - 0.697ms returns FALSE
T95012700 010:941.980 JLINK_IsHalted()
T95012700 010:942.824 - 0.843ms returns FALSE
T95012700 011:043.308 JLINK_IsHalted()
T95012700 011:044.118 - 0.809ms returns FALSE
T95012700 011:044.155 JLINK_IsHalted()
T95012700 011:044.864 - 0.707ms returns FALSE
T95012700 011:145.250 JLINK_IsHalted()
T95012700 011:146.030 - 0.779ms returns FALSE
T95012700 011:146.067 JLINK_IsHalted()
T95012700 011:146.835 - 0.766ms returns FALSE
T95012700 011:247.271 JLINK_IsHalted()
T95012700 011:248.161 - 0.889ms returns FALSE
T95012700 011:248.198 JLINK_IsHalted()
T95012700 011:248.981 - 0.781ms returns FALSE
T95012700 011:349.386 JLINK_IsHalted()
T95012700 011:350.165 - 0.779ms returns FALSE
T95012700 011:350.202 JLINK_IsHalted()
T95012700 011:350.918 - 0.715ms returns FALSE
T94811700 011:424.060 JLINK_IsHalted()
T94811700 011:424.796 - 0.735ms returns FALSE
T94811700 011:424.833 JLINK_IsHalted()
T94811700 011:425.580 - 0.745ms returns FALSE
T95012700 011:451.312 JLINK_IsHalted()
T95012700 011:452.040 - 0.727ms returns FALSE
T95012700 011:452.078 JLINK_IsHalted()
T95012700 011:452.899 - 0.820ms returns FALSE
T95012700 011:553.355 JLINK_IsHalted()
T95012700 011:554.193 - 0.836ms returns FALSE
T95012700 011:554.250 JLINK_IsHalted()
T95012700 011:555.132 - 0.880ms returns FALSE
T95012700 011:655.290 JLINK_IsHalted()
T95012700 011:656.057 - 0.767ms returns FALSE
T95012700 011:656.102 JLINK_IsHalted()
T95012700 011:656.984 - 0.879ms returns FALSE
T95012700 011:757.362 JLINK_IsHalted()
T95012700 011:758.102 - 0.739ms returns FALSE
T95012700 011:758.140 JLINK_IsHalted()
T95012700 011:758.814 - 0.673ms returns FALSE
T95012700 011:859.429 JLINK_IsHalted()
T95012700 011:860.165 - 0.735ms returns FALSE
T95012700 011:860.201 JLINK_IsHalted()
T95012700 011:860.930 - 0.726ms returns FALSE
T95012700 011:961.358 JLINK_IsHalted()
T95012700 011:962.052 - 0.693ms returns FALSE
T95012700 011:962.090 JLINK_IsHalted()
T95012700 011:962.880 - 0.786ms returns FALSE
T95012700 012:063.370 JLINK_IsHalted()
T95012700 012:064.074 - 0.703ms returns FALSE
T95012700 012:064.141 JLINK_IsHalted()
T95012700 012:065.046 - 0.903ms returns FALSE
T95012700 012:165.281 JLINK_IsHalted()
T95012700 012:166.110 - 0.828ms returns FALSE
T95012700 012:166.147 JLINK_IsHalted()
T95012700 012:166.879 - 0.730ms returns FALSE
T95012700 012:267.316 JLINK_IsHalted()
T95012700 012:268.076 - 0.759ms returns FALSE
T95012700 012:268.113 JLINK_IsHalted()
T95012700 012:268.831 - 0.715ms returns FALSE
T95012700 012:369.356 JLINK_IsHalted()
T95012700 012:370.275 - 0.917ms returns FALSE
T95012700 012:370.313 JLINK_IsHalted()
T95012700 012:371.069 - 0.755ms returns FALSE
T94811700 012:426.380 JLINK_IsHalted()
T94811700 012:427.110 - 0.729ms returns FALSE
T94811700 012:427.140 JLINK_IsHalted()
T94811700 012:427.839 - 0.699ms returns FALSE
T95012700 012:471.651 JLINK_IsHalted()
T95012700 012:472.233 - 0.582ms returns FALSE
T95012700 012:472.256 JLINK_IsHalted()
T95012700 012:472.977 - 0.721ms returns FALSE
T95012700 012:573.275 JLINK_IsHalted()
T95012700 012:574.052 - 0.777ms returns FALSE
T95012700 012:574.084 JLINK_IsHalted()
T95012700 012:574.846 - 0.759ms returns FALSE
T95012700 012:675.308 JLINK_IsHalted()
T95012700 012:676.059 - 0.750ms returns FALSE
T95012700 012:676.100 JLINK_IsHalted()
T95012700 012:676.803 - 0.701ms returns FALSE
T95012700 012:777.421 JLINK_IsHalted()
T95012700 012:778.198 - 0.776ms returns FALSE
T95012700 012:778.241 JLINK_IsHalted()
T95012700 012:778.882 - 0.640ms returns FALSE
T95012700 012:879.446 JLINK_IsHalted()
T95012700 012:880.117 - 0.670ms returns FALSE
T95012700 012:880.157 JLINK_IsHalted()
T95012700 012:880.759 - 0.600ms returns FALSE
T95012700 012:981.246 JLINK_IsHalted()
T95012700 012:982.013 - 0.766ms returns FALSE
T95012700 012:982.057 JLINK_IsHalted()
T95012700 012:982.767 - 0.708ms returns FALSE
T95012700 013:083.304 JLINK_IsHalted()
T95012700 013:084.024 - 0.719ms returns FALSE
T95012700 013:084.068 JLINK_IsHalted()
T95012700 013:084.941 - 0.871ms returns FALSE
T95012700 013:185.266 JLINK_IsHalted()
T95012700 013:186.074 - 0.807ms returns FALSE
T95012700 013:186.118 JLINK_IsHalted()
T95012700 013:186.778 - 0.658ms returns FALSE
T95012700 013:287.394 JLINK_IsHalted()
T95012700 013:288.099 - 0.703ms returns FALSE
T95012700 013:288.168 JLINK_IsHalted()
T95012700 013:288.913 - 0.743ms returns FALSE
T95012700 013:389.335 JLINK_IsHalted()
T95012700 013:389.972 - 0.637ms returns FALSE
T95012700 013:389.994 JLINK_IsHalted()
T95012700 013:390.574 - 0.580ms returns FALSE
T94811700 013:428.368 JLINK_IsHalted()
T94811700 013:428.866 - 0.498ms returns FALSE
T94811700 013:428.872 JLINK_IsHalted()
T94811700 013:429.410 - 0.538ms returns FALSE
T95012700 013:491.356 JLINK_IsHalted()
T95012700 013:491.997 - 0.641ms returns FALSE
T95012700 013:492.009 JLINK_IsHalted()
T95012700 013:492.704 - 0.694ms returns FALSE
T95012700 013:593.228 JLINK_IsHalted()
T95012700 013:593.926 - 0.698ms returns FALSE
T95012700 013:593.939 JLINK_IsHalted()
T95012700 013:594.597 - 0.657ms returns FALSE
T95012700 013:695.276 JLINK_IsHalted()
T95012700 013:696.014 - 0.737ms returns FALSE
T95012700 013:696.050 JLINK_IsHalted()
T95012700 013:696.912 - 0.860ms returns FALSE
T95012700 013:797.320 JLINK_IsHalted()
T95012700 013:798.088 - 0.767ms returns FALSE
T95012700 013:798.124 JLINK_IsHalted()
T95012700 013:798.818 - 0.692ms returns FALSE
T95012700 013:899.420 JLINK_IsHalted()
T95012700 013:900.313 - 0.892ms returns FALSE
T95012700 013:900.350 JLINK_IsHalted()
T95012700 013:901.251 - 0.899ms returns FALSE
T95012700 014:002.369 JLINK_IsHalted()
T95012700 014:003.252 - 0.881ms returns FALSE
T95012700 014:003.296 JLINK_IsHalted()
T95012700 014:003.938 - 0.640ms returns FALSE
T95012700 014:104.336 JLINK_IsHalted()
T95012700 014:105.110 - 0.773ms returns FALSE
T95012700 014:105.147 JLINK_IsHalted()
T95012700 014:105.912 - 0.762ms returns FALSE
T95012700 014:206.274 JLINK_IsHalted()
T95012700 014:207.030 - 0.755ms returns FALSE
T95012700 014:207.067 JLINK_IsHalted()
T95012700 014:207.727 - 0.657ms returns FALSE
T95012700 014:308.460 JLINK_IsHalted()
T95012700 014:309.149 - 0.688ms returns FALSE
T95012700 014:309.195 JLINK_IsHalted()
T95012700 014:309.826 - 0.629ms returns FALSE
T95012700 014:410.385 JLINK_IsHalted()
T95012700 014:411.301 - 0.914ms returns FALSE
T95012700 014:411.352 JLINK_IsHalted()
T95012700 014:412.078 - 0.724ms returns FALSE
T94811700 014:430.043 JLINK_IsHalted()
T94811700 014:430.736 - 0.692ms returns FALSE
T94811700 014:430.774 JLINK_IsHalted()
T94811700 014:431.386 - 0.610ms returns FALSE
T95012700 014:512.348 JLINK_IsHalted()
T95012700 014:513.082 - 0.733ms returns FALSE
T95012700 014:513.119 JLINK_IsHalted()
T95012700 014:513.798 - 0.678ms returns FALSE
T95012700 014:614.255 JLINK_IsHalted()
T95012700 014:614.905 - 0.648ms returns FALSE
T95012700 014:614.943 JLINK_IsHalted()
T95012700 014:615.787 - 0.842ms returns FALSE
T95012700 014:716.286 JLINK_IsHalted()
T95012700 014:717.182 - 0.895ms returns FALSE
T95012700 014:717.219 JLINK_IsHalted()
T95012700 014:717.941 - 0.720ms returns FALSE
T95012700 014:818.387 JLINK_IsHalted()
T95012700 014:819.091 - 0.704ms returns FALSE
T95012700 014:819.103 JLINK_IsHalted()
T95012700 014:819.725 - 0.621ms returns FALSE
T95012700 014:920.289 JLINK_IsHalted()
T95012700 014:921.090 - 0.800ms returns FALSE
T95012700 014:921.135 JLINK_IsHalted()
T95012700 014:921.808 - 0.671ms returns FALSE
T95012700 015:022.425 JLINK_IsHalted()
T95012700 015:023.381 - 0.956ms returns FALSE
T95012700 015:023.421 JLINK_IsHalted()
T95012700 015:024.080 - 0.657ms returns FALSE
T95012700 015:124.260 JLINK_IsHalted()
T95012700 015:124.974 - 0.713ms returns FALSE
T95012700 015:125.010 JLINK_IsHalted()
T95012700 015:125.721 - 0.709ms returns FALSE
T95012700 015:226.426 JLINK_IsHalted()
T95012700 015:227.260 - 0.833ms returns FALSE
T95012700 015:227.302 JLINK_IsHalted()
T95012700 015:227.950 - 0.646ms returns FALSE
T95012700 015:328.231 JLINK_IsHalted()
T95012700 015:328.864 - 0.633ms returns FALSE
T95012700 015:328.879 JLINK_IsHalted()
T95012700 015:329.734 - 0.854ms returns FALSE
T95012700 015:430.426 JLINK_IsHalted()
T95012700 015:431.190 - 0.763ms returns FALSE
T95012700 015:431.258 JLINK_IsHalted()
T95012700 015:431.970 - 0.709ms returns FALSE
T94811700 015:432.284 JLINK_IsHalted()
T94811700 015:432.944 - 0.658ms returns FALSE
T94811700 015:432.981 JLINK_IsHalted()
T94811700 015:433.694 - 0.710ms returns FALSE
T95012700 015:532.385 JLINK_IsHalted()
T95012700 015:533.261 - 0.876ms returns FALSE
T95012700 015:533.299 JLINK_IsHalted()
T95012700 015:534.115 - 0.814ms returns FALSE
T95012700 015:634.246 JLINK_IsHalted()
T95012700 015:634.989 - 0.743ms returns FALSE
T95012700 015:635.027 JLINK_IsHalted()
T95012700 015:635.909 - 0.879ms returns FALSE
T95012700 015:736.251 JLINK_IsHalted()
T95012700 015:737.000 - 0.747ms returns FALSE
T95012700 015:737.037 JLINK_IsHalted()
T95012700 015:737.722 - 0.682ms returns FALSE
T95012700 015:838.406 JLINK_IsHalted()
T95012700 015:839.179 - 0.772ms returns FALSE
T95012700 015:839.242 JLINK_IsHalted()
T95012700 015:840.132 - 0.887ms returns FALSE
T95012700 015:940.279 JLINK_IsHalted()
T95012700 015:941.039 - 0.759ms returns FALSE
T95012700 015:941.077 JLINK_IsHalted()
T95012700 015:941.791 - 0.711ms returns FALSE
T95012700 016:042.319 JLINK_IsHalted()
T95012700 016:043.155 - 0.835ms returns FALSE
T95012700 016:043.193 JLINK_IsHalted()
T95012700 016:043.966 - 0.772ms returns FALSE
T95012700 016:144.333 JLINK_IsHalted()
T95012700 016:145.093 - 0.759ms returns FALSE
T95012700 016:145.131 JLINK_IsHalted()
T95012700 016:145.814 - 0.679ms returns FALSE
T95012700 016:246.249 JLINK_IsHalted()
T95012700 016:247.038 - 0.788ms returns FALSE
T95012700 016:247.077 JLINK_IsHalted()
T95012700 016:247.760 - 0.680ms returns FALSE
T95012700 016:348.353 JLINK_IsHalted()
T95012700 016:349.125 - 0.771ms returns FALSE
T95012700 016:349.159 JLINK_IsHalted()
T95012700 016:349.845 - 0.683ms returns FALSE
T94811700 016:434.538 JLINK_IsHalted()
T94811700 016:435.253 - 0.714ms returns FALSE
T94811700 016:435.323 JLINK_IsHalted()
T94811700 016:435.946 - 0.621ms returns FALSE
T95012700 016:450.380 JLINK_IsHalted()
T95012700 016:451.093 - 0.712ms returns FALSE
T95012700 016:451.131 JLINK_IsHalted()
T95012700 016:451.734 - 0.601ms returns FALSE
T95012700 016:552.362 JLINK_IsHalted()
T95012700 016:553.073 - 0.709ms returns FALSE
T95012700 016:553.110 JLINK_IsHalted()
T95012700 016:553.890 - 0.777ms returns FALSE
T95012700 016:654.278 JLINK_IsHalted()
T95012700 016:654.889 - 0.611ms returns FALSE
T95012700 016:654.915 JLINK_IsHalted()
T95012700 016:655.449 - 0.533ms returns FALSE
T95012700 016:756.297 JLINK_IsHalted()
T95012700 016:757.055 - 0.756ms returns FALSE
T95012700 016:757.092 JLINK_IsHalted()
T95012700 016:757.776 - 0.683ms returns FALSE
T95012700 016:858.279 JLINK_IsHalted()
T95012700 016:859.085 - 0.805ms returns FALSE
T95012700 016:859.122 JLINK_IsHalted()
T95012700 016:859.800 - 0.675ms returns FALSE
T95012700 016:960.270 JLINK_IsHalted()
T95012700 016:961.218 - 0.945ms returns FALSE
T95012700 016:961.276 JLINK_IsHalted()
T95012700 016:962.212 - 0.933ms returns FALSE
T95012700 017:063.431 JLINK_IsHalted()
T95012700 017:064.157 - 0.726ms returns FALSE
T95012700 017:064.194 JLINK_IsHalted()
T95012700 017:064.928 - 0.731ms returns FALSE
T95012700 017:165.366 JLINK_IsHalted()
T95012700 017:166.066 - 0.700ms returns FALSE
T95012700 017:166.096 JLINK_IsHalted()
T95012700 017:166.758 - 0.660ms returns FALSE
T95012700 017:267.310 JLINK_IsHalted()
T95012700 017:268.024 - 0.714ms returns FALSE
T95012700 017:268.068 JLINK_IsHalted()
T95012700 017:268.908 - 0.838ms returns FALSE
T95012700 017:369.272 JLINK_IsHalted()
T95012700 017:370.131 - 0.858ms returns FALSE
T95012700 017:370.174 JLINK_IsHalted()
T95012700 017:370.879 - 0.703ms returns FALSE
T94811700 017:436.812 JLINK_IsHalted()
T94811700 017:437.544 - 0.732ms returns FALSE
T94811700 017:437.582 JLINK_IsHalted()
T94811700 017:438.236 - 0.652ms returns FALSE
T95012700 017:471.340 JLINK_IsHalted()
T95012700 017:472.026 - 0.684ms returns FALSE
T95012700 017:472.074 JLINK_IsHalted()
T95012700 017:472.736 - 0.660ms returns FALSE
T95012700 017:573.236 JLINK_IsHalted()
T95012700 017:573.846 - 0.609ms returns FALSE
T95012700 017:573.860 JLINK_IsHalted()
T95012700 017:574.481 - 0.621ms returns FALSE
T95012700 017:675.463 JLINK_IsHalted()
T95012700 017:676.270 - 0.806ms returns FALSE
T95012700 017:676.307 JLINK_IsHalted()
T95012700 017:677.018 - 0.709ms returns FALSE
T95012700 017:777.332 JLINK_IsHalted()
T95012700 017:777.991 - 0.658ms returns FALSE
T95012700 017:778.028 JLINK_IsHalted()
T95012700 017:778.670 - 0.639ms returns FALSE
T95012700 017:879.432 JLINK_IsHalted()
T95012700 017:880.300 - 0.867ms returns FALSE
T95012700 017:880.338 JLINK_IsHalted()
T95012700 017:881.093 - 0.752ms returns FALSE
T95012700 017:981.242 JLINK_IsHalted()
T95012700 017:982.187 - 0.944ms returns FALSE
T95012700 017:982.224 JLINK_IsHalted()
T95012700 017:983.135 - 0.909ms returns FALSE
T95012700 018:083.419 JLINK_IsHalted()
T95012700 018:084.109 - 0.689ms returns FALSE
T95012700 018:084.139 JLINK_IsHalted()
T95012700 018:084.756 - 0.617ms returns FALSE
T95012700 018:185.337 JLINK_IsHalted()
T95012700 018:186.212 - 0.874ms returns FALSE
T95012700 018:186.249 JLINK_IsHalted()
T95012700 018:187.117 - 0.866ms returns FALSE
T95012700 018:287.341 JLINK_IsHalted()
T95012700 018:288.060 - 0.718ms returns FALSE
T95012700 018:288.106 JLINK_IsHalted()
T95012700 018:288.852 - 0.744ms returns FALSE
T95012700 018:389.311 JLINK_IsHalted()
T95012700 018:390.032 - 0.721ms returns FALSE
T95012700 018:390.072 JLINK_IsHalted()
T95012700 018:390.783 - 0.710ms returns FALSE
T94811700 018:439.192 JLINK_IsHalted()
T94811700 018:439.943 - 0.750ms returns FALSE
T94811700 018:439.981 JLINK_IsHalted()
T94811700 018:440.702 - 0.720ms returns FALSE
T95012700 018:491.442 JLINK_IsHalted()
T95012700 018:492.276 - 0.833ms returns FALSE
T95012700 018:492.314 JLINK_IsHalted()
T95012700 018:493.157 - 0.842ms returns FALSE
T95012700 018:594.435 JLINK_IsHalted()
T95012700 018:595.162 - 0.726ms returns FALSE
T95012700 018:595.208 JLINK_IsHalted()
T95012700 018:596.102 - 0.893ms returns FALSE
T95012700 018:696.385 JLINK_IsHalted()
T95012700 018:697.018 - 0.632ms returns FALSE
T95012700 018:697.031 JLINK_IsHalted()
T95012700 018:697.587 - 0.555ms returns FALSE
T95012700 018:798.249 JLINK_IsHalted()
T95012700 018:799.012 - 0.762ms returns FALSE
T95012700 018:799.028 JLINK_IsHalted()
T95012700 018:799.576 - 0.547ms returns FALSE
T95012700 018:900.265 JLINK_IsHalted()
T95012700 018:900.956 - 0.689ms returns FALSE
T95012700 018:900.993 JLINK_IsHalted()
T95012700 018:901.888 - 0.891ms returns FALSE
T95012700 019:002.374 JLINK_IsHalted()
T95012700 019:003.054 - 0.678ms returns FALSE
T95012700 019:003.090 JLINK_IsHalted()
T95012700 019:003.735 - 0.642ms returns FALSE
T95012700 019:104.285 JLINK_IsHalted()
T95012700 019:104.990 - 0.705ms returns FALSE
T95012700 019:105.027 JLINK_IsHalted()
T95012700 019:105.696 - 0.668ms returns FALSE
T95012700 019:206.241 JLINK_IsHalted()
T95012700 019:206.966 - 0.723ms returns FALSE
T95012700 019:207.004 JLINK_IsHalted()
T95012700 019:207.738 - 0.732ms returns FALSE
T95012700 019:308.495 JLINK_IsHalted()
T95012700 019:309.266 - 0.770ms returns FALSE
T95012700 019:309.304 JLINK_IsHalted()
T95012700 019:309.941 - 0.635ms returns FALSE
T95012700 019:410.293 JLINK_IsHalted()
T95012700 019:411.131 - 0.838ms returns FALSE
T95012700 019:411.168 JLINK_IsHalted()
T95012700 019:411.861 - 0.692ms returns FALSE
T94811700 019:441.525 JLINK_IsHalted()
T94811700 019:442.115 - 0.589ms returns FALSE
T94811700 019:442.162 JLINK_IsHalted()
T94811700 019:442.784 - 0.619ms returns FALSE
T95012700 019:512.319 JLINK_IsHalted()
T95012700 019:513.028 - 0.708ms returns FALSE
T95012700 019:513.065 JLINK_IsHalted()
T95012700 019:513.700 - 0.633ms returns FALSE
T95012700 019:614.281 JLINK_IsHalted()
T95012700 019:614.984 - 0.703ms returns FALSE
T95012700 019:615.026 JLINK_IsHalted()
T95012700 019:615.711 - 0.682ms returns FALSE
T95012700 019:716.282 JLINK_IsHalted()
T95012700 019:717.184 - 0.900ms returns FALSE
T95012700 019:717.227 JLINK_IsHalted()
T95012700 019:717.897 - 0.668ms returns FALSE
T95012700 019:818.285 JLINK_IsHalted()
T95012700 019:818.843 - 0.559ms returns FALSE
T95012700 019:818.858 JLINK_IsHalted()
T95012700 019:819.339 - 0.480ms returns FALSE
T95012700 019:920.270 JLINK_IsHalted()
T95012700 019:921.137 - 0.867ms returns FALSE
T95012700 019:921.145 JLINK_IsHalted()
T95012700 019:921.855 - 0.709ms returns FALSE
T95012700 020:022.350 JLINK_IsHalted()
T95012700 020:023.066 - 0.715ms returns FALSE
T95012700 020:023.110 JLINK_IsHalted()
T95012700 020:023.813 - 0.701ms returns FALSE
T95012700 020:124.349 JLINK_IsHalted()
T95012700 020:125.024 - 0.674ms returns FALSE
T95012700 020:125.069 JLINK_IsHalted()
T95012700 020:125.716 - 0.644ms returns FALSE
T95012700 020:226.432 JLINK_IsHalted()
T95012700 020:227.238 - 0.778ms returns FALSE
T95012700 020:227.289 JLINK_IsHalted()
T95012700 020:228.009 - 0.718ms returns FALSE
T95012700 020:328.369 JLINK_IsHalted()
T95012700 020:329.133 - 0.763ms returns FALSE
T95012700 020:329.178 JLINK_IsHalted()
T95012700 020:330.015 - 0.835ms returns FALSE
T95012700 020:430.246 JLINK_IsHalted()
T95012700 020:431.035 - 0.788ms returns FALSE
T95012700 020:431.078 JLINK_IsHalted()
T95012700 020:431.957 - 0.878ms returns FALSE
T94811700 020:443.653 JLINK_IsHalted()
T94811700 020:444.402 - 0.747ms returns FALSE
T94811700 020:444.439 JLINK_IsHalted()
T94811700 020:445.163 - 0.722ms returns FALSE
T95012700 020:532.443 JLINK_IsHalted()
T95012700 020:533.175 - 0.732ms returns FALSE
T95012700 020:533.208 JLINK_IsHalted()
T95012700 020:533.878 - 0.669ms returns FALSE
T95012700 020:634.376 JLINK_IsHalted()
T95012700 020:635.305 - 0.927ms returns FALSE
T95012700 020:635.353 JLINK_IsHalted()
T95012700 020:636.264 - 0.909ms returns FALSE
T95012700 020:737.250 JLINK_IsHalted()
T95012700 020:738.159 - 0.907ms returns FALSE
T95012700 020:738.226 JLINK_IsHalted()
T95012700 020:739.097 - 0.868ms returns FALSE
T95012700 020:839.313 JLINK_IsHalted()
T95012700 020:840.088 - 0.774ms returns FALSE
T95012700 020:840.126 JLINK_IsHalted()
T95012700 020:840.846 - 0.718ms returns FALSE
T95012700 020:941.242 JLINK_IsHalted()
T95012700 020:941.945 - 0.702ms returns FALSE
T95012700 020:941.991 JLINK_IsHalted()
T95012700 020:942.940 - 0.946ms returns FALSE
T95012700 021:043.381 JLINK_IsHalted()
T95012700 021:044.088 - 0.705ms returns FALSE
T95012700 021:044.126 JLINK_IsHalted()
T95012700 021:044.778 - 0.649ms returns FALSE
T95012700 021:145.334 JLINK_IsHalted()
T95012700 021:146.258 - 0.923ms returns FALSE
T95012700 021:146.296 JLINK_IsHalted()
T95012700 021:147.084 - 0.787ms returns FALSE
T95012700 021:247.310 JLINK_IsHalted()
T95012700 021:248.236 - 0.925ms returns FALSE
T95012700 021:248.273 JLINK_IsHalted()
T95012700 021:249.213 - 0.937ms returns FALSE
T95012700 021:350.281 JLINK_IsHalted()
T95012700 021:350.837 - 0.556ms returns FALSE
T95012700 021:350.853 JLINK_IsHalted()
T95012700 021:351.412 - 0.558ms returns FALSE
T94811700 021:446.016 JLINK_IsHalted()
T94811700 021:446.765 - 0.748ms returns FALSE
T94811700 021:446.805 JLINK_IsHalted()
T94811700 021:447.497 - 0.690ms returns FALSE
T95012700 021:452.299 JLINK_IsHalted()
T95012700 021:453.078 - 0.777ms returns FALSE
T95012700 021:453.115 JLINK_IsHalted()
T95012700 021:453.820 - 0.702ms returns FALSE
T95012700 021:554.331 JLINK_IsHalted()
T95012700 021:555.137 - 0.805ms returns FALSE
T95012700 021:555.176 JLINK_IsHalted()
T95012700 021:556.034 - 0.857ms returns FALSE
T95012700 021:656.281 JLINK_IsHalted()
T95012700 021:657.061 - 0.779ms returns FALSE
T95012700 021:657.098 JLINK_IsHalted()
T95012700 021:657.810 - 0.711ms returns FALSE
T95012700 021:758.356 JLINK_IsHalted()
T95012700 021:759.100 - 0.744ms returns FALSE
T95012700 021:759.137 JLINK_IsHalted()
T95012700 021:759.988 - 0.849ms returns FALSE
T95012700 021:860.334 JLINK_IsHalted()
T95012700 021:861.184 - 0.850ms returns FALSE
T95012700 021:861.223 JLINK_IsHalted()
T95012700 021:861.880 - 0.654ms returns FALSE
T95012700 021:962.320 JLINK_IsHalted()
T95012700 021:963.147 - 0.825ms returns FALSE
T95012700 021:963.184 JLINK_IsHalted()
T95012700 021:964.086 - 0.901ms returns FALSE
T95012700 022:064.293 JLINK_IsHalted()
T95012700 022:065.200 - 0.905ms returns FALSE
T95012700 022:065.259 JLINK_IsHalted()
T95012700 022:066.245 - 0.983ms returns FALSE
T95012700 022:167.411 JLINK_IsHalted()
T95012700 022:168.112 - 0.700ms returns FALSE
T95012700 022:168.158 JLINK_IsHalted()
T95012700 022:168.782 - 0.623ms returns FALSE
T95012700 022:269.248 JLINK_IsHalted()
T95012700 022:270.099 - 0.848ms returns FALSE
T95012700 022:270.136 JLINK_IsHalted()
T95012700 022:270.959 - 0.821ms returns FALSE
T95012700 022:371.417 JLINK_IsHalted()
T95012700 022:372.158 - 0.739ms returns FALSE
T95012700 022:372.195 JLINK_IsHalted()
T95012700 022:372.860 - 0.663ms returns FALSE
T94811700 022:448.402 JLINK_IsHalted()
T94811700 022:449.172 - 0.768ms returns FALSE
T94811700 022:449.216 JLINK_IsHalted()
T94811700 022:449.921 - 0.703ms returns FALSE
T95012700 022:473.348 JLINK_IsHalted()
T95012700 022:474.144 - 0.796ms returns FALSE
T95012700 022:474.183 JLINK_IsHalted()
T95012700 022:474.905 - 0.720ms returns FALSE
T95012700 022:575.251 JLINK_IsHalted()
T95012700 022:575.894 - 0.643ms returns FALSE
T95012700 022:575.908 JLINK_IsHalted()
T95012700 022:576.729 - 0.821ms returns FALSE
T95012700 022:677.261 JLINK_IsHalted()
T95012700 022:678.110 - 0.848ms returns FALSE
T95012700 022:678.147 JLINK_IsHalted()
T95012700 022:678.921 - 0.772ms returns FALSE
T95012700 022:779.410 JLINK_IsHalted()
T95012700 022:780.140 - 0.728ms returns FALSE
T95012700 022:780.177 JLINK_IsHalted()
T95012700 022:780.995 - 0.814ms returns FALSE
T95012700 022:881.337 JLINK_IsHalted()
T95012700 022:882.263 - 0.924ms returns FALSE
T95012700 022:882.323 JLINK_IsHalted()
T95012700 022:883.102 - 0.776ms returns FALSE
T95012700 022:983.407 JLINK_IsHalted()
T95012700 022:984.181 - 0.773ms returns FALSE
T95012700 022:984.219 JLINK_IsHalted()
T95012700 022:984.940 - 0.719ms returns FALSE
T95012700 023:085.262 JLINK_IsHalted()
T95012700 023:086.089 - 0.823ms returns FALSE
T95012700 023:086.156 JLINK_IsHalted()
T95012700 023:087.043 - 0.885ms returns FALSE
T95012700 023:187.305 JLINK_IsHalted()
T95012700 023:188.010 - 0.705ms returns FALSE
T95012700 023:188.040 JLINK_IsHalted()
T95012700 023:188.725 - 0.684ms returns FALSE
T95012700 023:289.432 JLINK_IsHalted()
T95012700 023:290.337 - 0.903ms returns FALSE
T95012700 023:290.396 JLINK_IsHalted()
T95012700 023:291.111 - 0.713ms returns FALSE
T95012700 023:391.404 JLINK_IsHalted()
T95012700 023:392.133 - 0.726ms returns FALSE
T95012700 023:392.174 JLINK_IsHalted()
T95012700 023:392.894 - 0.718ms returns FALSE
T94811700 023:450.810 JLINK_IsHalted()
T94811700 023:451.484 - 0.671ms returns FALSE
T94811700 023:451.528 JLINK_IsHalted()
T94811700 023:452.195 - 0.665ms returns FALSE
T95012700 023:493.381 JLINK_IsHalted()
T95012700 023:494.204 - 0.823ms returns FALSE
T95012700 023:494.246 JLINK_IsHalted()
T95012700 023:494.897 - 0.650ms returns FALSE
T95012700 023:595.282 JLINK_IsHalted()
T95012700 023:596.048 - 0.765ms returns FALSE
T95012700 023:596.085 JLINK_IsHalted()
T95012700 023:596.836 - 0.749ms returns FALSE
T95012700 023:697.293 JLINK_IsHalted()
T95012700 023:698.189 - 0.892ms returns FALSE
T95012700 023:698.246 JLINK_IsHalted()
T95012700 023:699.025 - 0.777ms returns FALSE
T95012700 023:799.316 JLINK_IsHalted()
T95012700 023:800.088 - 0.771ms returns FALSE
T95012700 023:800.125 JLINK_IsHalted()
T95012700 023:800.800 - 0.672ms returns FALSE
T95012700 023:901.317 JLINK_IsHalted()
T95012700 023:902.060 - 0.741ms returns FALSE
T95012700 023:902.097 JLINK_IsHalted()
T95012700 023:902.928 - 0.829ms returns FALSE
T95012700 024:003.417 JLINK_IsHalted()
T95012700 024:004.313 - 0.895ms returns FALSE
T95012700 024:004.351 JLINK_IsHalted()
T95012700 024:005.212 - 0.858ms returns FALSE
T95012700 024:106.380 JLINK_IsHalted()
T95012700 024:107.244 - 0.863ms returns FALSE
T95012700 024:107.285 JLINK_IsHalted()
T95012700 024:107.989 - 0.702ms returns FALSE
T95012700 024:208.407 JLINK_IsHalted()
T95012700 024:209.245 - 0.838ms returns FALSE
T95012700 024:209.282 JLINK_IsHalted()
T95012700 024:210.022 - 0.738ms returns FALSE
T95012700 024:310.565 JLINK_IsHalted()
T95012700 024:311.259 - 0.692ms returns FALSE
T95012700 024:311.300 JLINK_IsHalted()
T95012700 024:311.930 - 0.628ms returns FALSE
T95012700 024:412.341 JLINK_IsHalted()
T95012700 024:413.266 - 0.924ms returns FALSE
T95012700 024:413.301 JLINK_IsHalted()
T95012700 024:414.043 - 0.739ms returns FALSE
T94811700 024:453.088 JLINK_IsHalted()
T94811700 024:453.733 - 0.643ms returns FALSE
T94811700 024:453.769 JLINK_IsHalted()
T94811700 024:454.443 - 0.672ms returns FALSE
T95012700 024:514.269 JLINK_IsHalted()
T95012700 024:515.073 - 0.804ms returns FALSE
T95012700 024:515.111 JLINK_IsHalted()
T95012700 024:515.878 - 0.765ms returns FALSE
T95012700 024:616.345 JLINK_IsHalted()
T95012700 024:617.153 - 0.807ms returns FALSE
T95012700 024:617.208 JLINK_IsHalted()
T95012700 024:617.987 - 0.777ms returns FALSE
T95012700 024:718.327 JLINK_IsHalted()
T95012700 024:719.124 - 0.794ms returns FALSE
T95012700 024:719.169 JLINK_IsHalted()
T95012700 024:719.868 - 0.698ms returns FALSE
T95012700 024:820.351 JLINK_IsHalted()
T95012700 024:821.241 - 0.888ms returns FALSE
T95012700 024:821.285 JLINK_IsHalted()
T95012700 024:821.967 - 0.679ms returns FALSE
T95012700 024:922.278 JLINK_IsHalted()
T95012700 024:923.205 - 0.927ms returns FALSE
T95012700 024:923.281 JLINK_IsHalted()
T95012700 024:923.989 - 0.706ms returns FALSE
T95012700 025:024.421 JLINK_IsHalted()
T95012700 025:025.231 - 0.810ms returns FALSE
T95012700 025:025.274 JLINK_IsHalted()
T95012700 025:026.010 - 0.734ms returns FALSE
T95012700 025:126.424 JLINK_IsHalted()
T95012700 025:127.122 - 0.697ms returns FALSE
T95012700 025:127.143 JLINK_IsHalted()
T95012700 025:127.913 - 0.768ms returns FALSE
T95012700 025:228.272 JLINK_IsHalted()
T95012700 025:229.025 - 0.751ms returns FALSE
T95012700 025:229.068 JLINK_IsHalted()
T95012700 025:229.819 - 0.750ms returns FALSE
T95012700 025:330.264 JLINK_IsHalted()
T95012700 025:331.035 - 0.772ms returns FALSE
T95012700 025:331.044 JLINK_IsHalted()
T95012700 025:331.788 - 0.745ms returns FALSE
T95012700 025:432.521 JLINK_IsHalted()
T95012700 025:433.292 - 0.770ms returns FALSE
T95012700 025:433.341 JLINK_IsHalted()
T95012700 025:434.198 - 0.856ms returns FALSE
T94811700 025:455.295 JLINK_IsHalted()
T94811700 025:455.934 - 0.638ms returns FALSE
T94811700 025:455.970 JLINK_IsHalted()
T94811700 025:456.577 - 0.606ms returns FALSE
T95012700 025:535.395 JLINK_IsHalted()
T95012700 025:536.150 - 0.755ms returns FALSE
T95012700 025:536.187 JLINK_IsHalted()
T95012700 025:536.916 - 0.728ms returns FALSE
T95012700 025:637.382 JLINK_IsHalted()
T95012700 025:638.193 - 0.810ms returns FALSE
T95012700 025:638.229 JLINK_IsHalted()
T95012700 025:638.920 - 0.690ms returns FALSE
T95012700 025:739.288 JLINK_IsHalted()
T95012700 025:739.985 - 0.696ms returns FALSE
T95012700 025:740.021 JLINK_IsHalted()
T95012700 025:740.765 - 0.742ms returns FALSE
T95012700 025:841.379 JLINK_IsHalted()
T95012700 025:842.098 - 0.718ms returns FALSE
T95012700 025:842.135 JLINK_IsHalted()
T95012700 025:842.896 - 0.759ms returns FALSE
T95012700 025:943.364 JLINK_IsHalted()
T95012700 025:944.099 - 0.733ms returns FALSE
T95012700 025:944.135 JLINK_IsHalted()
T95012700 025:944.905 - 0.767ms returns FALSE
T95012700 026:045.256 JLINK_IsHalted()
T95012700 026:046.138 - 0.880ms returns FALSE
T95012700 026:046.174 JLINK_IsHalted()
T95012700 026:046.876 - 0.700ms returns FALSE
T95012700 026:147.430 JLINK_IsHalted()
T95012700 026:148.226 - 0.794ms returns FALSE
T95012700 026:148.269 JLINK_IsHalted()
T95012700 026:149.129 - 0.858ms returns FALSE
T95012700 026:249.412 JLINK_IsHalted()
T95012700 026:250.367 - 0.953ms returns FALSE
T95012700 026:250.404 JLINK_IsHalted()
T95012700 026:251.079 - 0.673ms returns FALSE
T95012700 026:351.289 JLINK_IsHalted()
T95012700 026:352.079 - 0.789ms returns FALSE
T95012700 026:352.116 JLINK_IsHalted()
T95012700 026:352.734 - 0.617ms returns FALSE
T95012700 026:453.340 JLINK_IsHalted()
T95012700 026:454.121 - 0.780ms returns FALSE
T95012700 026:454.157 JLINK_IsHalted()
T95012700 026:454.857 - 0.697ms returns FALSE
T94811700 026:457.417 JLINK_IsHalted()
T94811700 026:458.216 - 0.798ms returns FALSE
T94811700 026:458.254 JLINK_IsHalted()
T94811700 026:458.974 - 0.719ms returns FALSE
T95012700 026:555.404 JLINK_IsHalted()
T95012700 026:556.233 - 0.828ms returns FALSE
T95012700 026:556.270 JLINK_IsHalted()
T95012700 026:557.097 - 0.825ms returns FALSE
T95012700 026:657.353 JLINK_IsHalted()
T95012700 026:658.103 - 0.748ms returns FALSE
T95012700 026:658.140 JLINK_IsHalted()
T95012700 026:658.825 - 0.682ms returns FALSE
T95012700 026:759.381 JLINK_IsHalted()
T95012700 026:759.925 - 0.544ms returns FALSE
T95012700 026:759.939 JLINK_IsHalted()
T95012700 026:760.445 - 0.505ms returns FALSE
T95012700 026:861.357 JLINK_IsHalted()
T95012700 026:862.329 - 0.970ms returns FALSE
T95012700 026:862.365 JLINK_IsHalted()
T95012700 026:863.057 - 0.690ms returns FALSE
T95012700 026:963.306 JLINK_IsHalted()
T95012700 026:964.056 - 0.748ms returns FALSE
T95012700 026:964.116 JLINK_IsHalted()
T95012700 026:964.980 - 0.863ms returns FALSE
T95012700 027:065.271 JLINK_IsHalted()
T95012700 027:066.038 - 0.765ms returns FALSE
T95012700 027:066.103 JLINK_IsHalted()
T95012700 027:066.983 - 0.877ms returns FALSE
T95012700 027:167.426 JLINK_IsHalted()
T95012700 027:168.343 - 0.916ms returns FALSE
T95012700 027:168.381 JLINK_IsHalted()
T95012700 027:169.165 - 0.782ms returns FALSE
T95012700 027:269.377 JLINK_IsHalted()
T95012700 027:270.135 - 0.756ms returns FALSE
T95012700 027:270.178 JLINK_IsHalted()
T95012700 027:270.887 - 0.707ms returns FALSE
T95012700 027:371.309 JLINK_IsHalted()
T95012700 027:372.122 - 0.813ms returns FALSE
T95012700 027:372.166 JLINK_IsHalted()
T95012700 027:372.867 - 0.698ms returns FALSE
T94811700 027:459.751 JLINK_IsHalted()
T94811700 027:460.476 - 0.723ms returns FALSE
T94811700 027:460.503 JLINK_IsHalted()
T94811700 027:461.171 - 0.667ms returns FALSE
T95012700 027:473.350 JLINK_IsHalted()
T95012700 027:474.111 - 0.760ms returns FALSE
T95012700 027:474.154 JLINK_IsHalted()
T95012700 027:474.907 - 0.751ms returns FALSE
T95012700 027:575.462 JLINK_IsHalted()
T95012700 027:576.224 - 0.761ms returns FALSE
T95012700 027:576.268 JLINK_IsHalted()
T95012700 027:576.922 - 0.652ms returns FALSE
T95012700 027:677.236 JLINK_IsHalted()
T95012700 027:678.067 - 0.829ms returns FALSE
T95012700 027:678.108 JLINK_IsHalted()
T95012700 027:678.769 - 0.659ms returns FALSE
T95012700 027:779.278 JLINK_IsHalted()
T95012700 027:780.026 - 0.748ms returns FALSE
T95012700 027:780.069 JLINK_IsHalted()
T95012700 027:780.850 - 0.778ms returns FALSE
T95012700 027:881.246 JLINK_IsHalted()
T95012700 027:882.287 - 1.039ms returns FALSE
T95012700 027:882.356 JLINK_IsHalted()
T95012700 027:883.261 - 0.903ms returns FALSE
T95012700 027:984.338 JLINK_IsHalted()
T95012700 027:985.072 - 0.733ms returns FALSE
T95012700 027:985.110 JLINK_IsHalted()
T95012700 027:985.833 - 0.722ms returns FALSE
T95012700 028:086.415 JLINK_IsHalted()
T95012700 028:087.124 - 0.707ms returns FALSE
T95012700 028:087.160 JLINK_IsHalted()
T95012700 028:087.857 - 0.694ms returns FALSE
T95012700 028:188.283 JLINK_IsHalted()
T95012700 028:189.166 - 0.882ms returns FALSE
T95012700 028:189.202 JLINK_IsHalted()
T95012700 028:189.827 - 0.623ms returns FALSE
T95012700 028:290.243 JLINK_IsHalted()
T95012700 028:291.105 - 0.860ms returns FALSE
T95012700 028:291.141 JLINK_IsHalted()
T95012700 028:291.922 - 0.778ms returns FALSE
T95012700 028:392.336 JLINK_IsHalted()
T95012700 028:393.060 - 0.723ms returns FALSE
T95012700 028:393.097 JLINK_IsHalted()
T95012700 028:393.728 - 0.629ms returns FALSE
T94811700 028:462.101 JLINK_IsHalted()
T94811700 028:462.773 - 0.672ms returns FALSE
T94811700 028:462.811 JLINK_IsHalted()
T94811700 028:463.358 - 0.544ms returns FALSE
T95012700 028:494.305 JLINK_IsHalted()
T95012700 028:495.073 - 0.768ms returns FALSE
T95012700 028:495.112 JLINK_IsHalted()
T95012700 028:495.824 - 0.709ms returns FALSE
T95012700 028:596.291 JLINK_IsHalted()
T95012700 028:597.041 - 0.750ms returns FALSE
T95012700 028:597.078 JLINK_IsHalted()
T95012700 028:597.834 - 0.755ms returns FALSE
T95012700 028:698.243 JLINK_IsHalted()
T95012700 028:699.153 - 0.909ms returns FALSE
T95012700 028:699.191 JLINK_IsHalted()
T95012700 028:699.934 - 0.740ms returns FALSE
T95012700 028:800.355 JLINK_IsHalted()
T95012700 028:801.278 - 0.922ms returns FALSE
T95012700 028:801.315 JLINK_IsHalted()
T95012700 028:802.147 - 0.829ms returns FALSE
T95012700 028:902.416 JLINK_IsHalted()
T95012700 028:903.165 - 0.747ms returns FALSE
T95012700 028:903.201 JLINK_IsHalted()
T95012700 028:903.913 - 0.709ms returns FALSE
T95012700 029:004.320 JLINK_IsHalted()
T95012700 029:005.083 - 0.761ms returns FALSE
T95012700 029:005.120 JLINK_IsHalted()
T95012700 029:005.912 - 0.789ms returns FALSE
T95012700 029:106.360 JLINK_IsHalted()
T95012700 029:106.933 - 0.573ms returns FALSE
T95012700 029:106.945 JLINK_IsHalted()
T95012700 029:107.450 - 0.504ms returns FALSE
T9841B700 029:144.206   
  ***** Error: Connection to emulator lost!
T95012700 029:208.261 JLINK_IsHalted()
T95012700 029:208.280 - 0.019ms returns ERROR
T95012700 029:208.283 JLINK_IsHalted()
T95012700 029:208.285 - 0.002ms returns ERROR
T9D0566C0 029:208.486 JLINK_Halt()
T9D0566C0 029:208.496 - 0.009ms returns 0x00
T9D0566C0 029:208.501 JLINK_ReadReg(XPSR)
T9D0566C0 029:208.503 - 0.003ms returns 0x00000000
T9D0566C0 029:215.666 JLINK_Close()
T9D0566C0 029:227.038 - 11.370ms
T9D0566C0 029:227.054   
T9D0566C0 029:227.057   Closed
