T8D0E46C0 000:001.543   SEGGER J-Link V7.96j Log File
T8D0E46C0 000:001.627   DLL Compiled: May 29 2024 15:42:37
T8D0E46C0 000:001.629   Logging started @ 2024-09-04 09:11
T8D0E46C0 000:001.632   Process: /home/truongchu/.eclipse/com.renesas.platform_626254658/DebugComp/RA/e2-server-gdb
T8D0E46C0 000:001.634 - 1.633ms
T8D0E46C0 000:001.637 JLINK_GetDLLVersion()
T8D0E46C0 000:001.639 - 0.002ms returns 79610
T8D0E46C0 000:001.877 JLINK_OpenEx(...)
T8D0E46C0 000:006.588   Firmware: J-Link OB-S124 compiled Apr 23 2024 10:48:24
T8D0E46C0 000:008.177   Firmware: J-Link OB-S124 compiled Apr 23 2024 10:48:24
T8D0E46C0 000:037.318   Hardware: V1.00
T8D0E46C0 000:037.333   S/N: 831155721
T8D0E46C0 000:037.337   OEM: SEGGER
T8D0E46C0 000:037.340   Feature(s): None
T8D0E46C0 000:038.396   Bootloader: 2019 Oct 15
T8D0E46C0 000:039.403   USB speed mode: Full speed (12 MBit/s)
T8D0E46C0 000:040.301   TELNET listener socket opened on port 19021
T8D0E46C0 000:040.500   WEBSRV WEBSRV_Init(): Starting webserver thread(s)
T8D0E46C0 000:040.713   WEBSRV Webserver running on local port 19080
T8D0E46C0 000:040.767   Looking for J-Link GUI Server exe at: ARM/Segger_v7.96.10/JLinkGUIServerExe
T8D0E46C0 000:040.786   Looking for J-Link GUI Server exe at: /opt/SEGGER/JLink/JLinkGUIServerExe
T8D0E46C0 000:040.814   Forking J-Link GUI Server: /opt/SEGGER/JLink/JLinkGUIServerExe
T8D0E46C0 000:078.884   J-Link GUI Server info: "J-Link GUI server V7.88d "
T8D0E46C0 000:079.034   J-Link GUI Server: Connection breakdown.
T8D0E46C0 000:079.112 - 77.226ms returns "O.K."
T8D0E46C0 000:079.177 JLINK_ExecCommand("ProjectFile="/home/truongchu/Academic/HK9/IoT/HS300X_Sensor/HS300X_Sensor Debug_Flat.jlink"", ...). 
T8D0E46C0 000:097.659 - 18.481ms returns 0x00
T8D0E46C0 000:097.781 JLINK_ExecCommand("device=R7FA6M5BH", ...). 
T8D0E46C0 000:099.346   Flash bank @ 0x0100A100: SFL: Parsing sectorization info from ELF file
T8D0E46C0 000:099.355     FlashDevice.SectorInfo[0]: .SectorSize = 0x00000010, .SectorStartAddr = 0x00000000
T8D0E46C0 000:099.359   FlashBank @0x0100A100: Sectorization info from SFL ELF file ignored because sectorization override from DLL / XML file is active.
T8D0E46C0 000:099.984   Flash bank @ 0x60000000: SFL: Parsing sectorization info from ELF file
T8D0E46C0 000:099.990     FlashDevice.SectorInfo[0]: .SectorSize = 0x00010000, .SectorStartAddr = 0x00000000
T8D0E46C0 000:106.349   Device "R7FA6M5BH" selected.
T8D0E46C0 000:106.440 - 8.651ms returns 0x00
T8D0E46C0 000:106.457 JLINK_TIF_GetAvailable(...)
T8D0E46C0 000:106.763 - 0.306ms
T8D0E46C0 000:106.770 JLINK_TIF_Select(JLINKARM_TIF_SWD)
T8D0E46C0 000:107.836 - 1.066ms returns 0x00
T8D0E46C0 000:107.848 JLINK_SetSpeed(4000)
T8D0E46C0 000:108.030 - 0.182ms
T8D0E46C0 000:108.048 JLINK_ReadMem(0xE000EDF0, 0x4 Bytes, ...)
T8D0E46C0 000:108.382   ConfigTargetSettings() start
T8D0E46C0 000:108.391    J-Link Script File: Executing ConfigTargetSettings()
T8D0E46C0 000:108.399   Configuring FlashDLNoRMWThreshold=0x200 in order to make sure that option bytes programming is done via read-modify-write
T8D0E46C0 000:110.080   ConfigTargetSettings() end - Took 1.68ms
T8D0E46C0 000:110.089   InitTarget() start
T8D0E46C0 000:110.093    J-Link Script File: Executing InitTarget()
T8D0E46C0 000:110.098   SWD selected. Executing JTAG -> SWD switching sequence.
T8D0E46C0 000:113.424   DAP initialized successfully.
T8D0E46C0 000:113.438   Determining TrustZone configuration...
T8D0E46C0 000:115.593     Secure Debug: Enabled (SSD)
T8D0E46C0 000:115.642   Determining currently configured transfer type by reading the AHB-AP CSW register.
T8D0E46C0 000:117.358     --> Correct transfer type configured. Done.
T8D0E46C0 000:117.429   InitTarget() end - Took 7.33ms
T8D0E46C0 000:118.432   Found SW-DP with ID 0x6BA02477
T8D0E46C0 000:122.711   DPIDR: 0x6BA02477
T8D0E46C0 000:122.725   CoreSight SoC-400 or earlier
T8D0E46C0 000:122.729   Scanning AP map to find all available APs
T8D0E46C0 000:125.070   AP[2]: Stopped AP scan as end of AP map has been reached
T8D0E46C0 000:125.082   AP[0]: AHB-AP (IDR: 0x84770001)
T8D0E46C0 000:125.096   AP[1]: APB-AP (IDR: 0x54770002)
T8D0E46C0 000:125.102   Iterating through AP map to find AHB-AP to use
T8D0E46C0 000:126.991   AP[0]: Core found
T8D0E46C0 000:127.000   AP[0]: AHB-AP ROM base: 0xE00FE000
T8D0E46C0 000:127.992   CPUID register: 0x410FD214. Implementer code: 0x41 (ARM)
T8D0E46C0 000:128.001   Feature set: Mainline
T8D0E46C0 000:128.859   Cache: No cache
T8D0E46C0 000:128.868   Found Cortex-M33 r0p4, Little endian.
T8D0E46C0 000:129.495   -- Max. mem block: 0x00001B00
T8D0E46C0 000:131.171   CPU_ReadMem(4 bytes @ 0xE000EDF0)
T8D0E46C0 000:132.226   CPU_ReadMem(4 bytes @ 0xE0002000)
T8D0E46C0 000:132.965   FPUnit: 8 code (BP) slots and 0 literal slots
T8D0E46C0 000:132.975   CPU_ReadMem(4 bytes @ 0xE000EDFC)
T8D0E46C0 000:133.720   CPU_ReadMem(4 bytes @ 0xE0001000)
T8D0E46C0 000:134.536   CPU_ReadMem(4 bytes @ 0xE0001000)
T8D0E46C0 000:135.129   CPU_ReadMem(4 bytes @ 0xE0001028)
T8D0E46C0 000:136.001   CPU_ReadMem(4 bytes @ 0xE0001038)
T8D0E46C0 000:136.747   CPU_ReadMem(4 bytes @ 0xE0001048)
T8D0E46C0 000:137.448   CPU_ReadMem(4 bytes @ 0xE0001058)
T8D0E46C0 000:138.222   CPU_WriteMem(4 bytes @ 0xE0001000)
T8D0E46C0 000:139.012   CPU_ReadMem(4 bytes @ 0xE000ED88)
T8D0E46C0 000:139.732   CPU_WriteMem(4 bytes @ 0xE000ED88)
T8D0E46C0 000:140.462   CPU_ReadMem(4 bytes @ 0xE000ED88)
T8D0E46C0 000:141.160   CPU_WriteMem(4 bytes @ 0xE000ED88)
T8D0E46C0 000:141.920   CPU_ReadMem(4 bytes @ 0xE000EFB8)
T8D0E46C0 000:142.545   Security extension: implemented
T8D0E46C0 000:142.555   Secure debug: enabled
T8D0E46C0 000:142.559   CoreSight components:
T8D0E46C0 000:142.564   ROMTbl[0] @ E00FE000
T8D0E46C0 000:142.569   CPU_ReadMem(64 bytes @ 0xE00FE000)
T8D0E46C0 000:144.091   CPU_ReadMem(32 bytes @ 0xE0044FE0)
T8D0E46C0 000:145.123   CPU_ReadMem(4 bytes @ 0xE0044FBC)
T8D0E46C0 000:145.841   CPU_ReadMem(4 bytes @ 0xE0044FCC)
T8D0E46C0 000:146.456   [0][0]: E0044000 CID B105900D PID 005BB906 DEVARCH 00000000 DEVTYPE 14 CTI (?)
T8D0E46C0 000:146.469   CPU_ReadMem(32 bytes @ 0xE0047FE0)
T8D0E46C0 000:147.432   CPU_ReadMem(4 bytes @ 0xE0047FBC)
T8D0E46C0 000:148.067   CPU_ReadMem(4 bytes @ 0xE0047FCC)
T8D0E46C0 000:148.692   [0][1]: E0047000 CID B105900D PID 003BB908 DEVARCH 00000000 DEVTYPE 12 CSTF
T8D0E46C0 000:148.704   CPU_ReadMem(32 bytes @ 0xE0048FE0)
T8D0E46C0 000:149.795   CPU_ReadMem(4 bytes @ 0xE0048FBC)
T8D0E46C0 000:150.555   CPU_ReadMem(4 bytes @ 0xE0048FCC)
T8D0E46C0 000:151.211   [0][2]: E0048000 CID B105900D PID 001BB961 DEVARCH 00000000 DEVTYPE 21 ETB
T8D0E46C0 000:151.226   CPU_ReadMem(32 bytes @ 0xE0049FE0)
T8D0E46C0 000:152.265   [0][3]: E0049000 CID B105F00D PID 001BB101 TSG
T8D0E46C0 000:152.280   CPU_ReadMem(32 bytes @ 0xE0040FE0)
T8D0E46C0 000:153.333   CPU_ReadMem(4 bytes @ 0xE0040FBC)
T8D0E46C0 000:154.039   CPU_ReadMem(4 bytes @ 0xE0040FCC)
T8D0E46C0 000:154.757   [0][4]: E0040000 CID B105900D PID 000BBD21 DEVARCH 00000000 DEVTYPE 11 TPIU
T8D0E46C0 000:154.773   CPU_ReadMem(32 bytes @ 0xE00FFFE0)
T8D0E46C0 000:155.852   [0][5]: E00FF000 CID B105100D PID 000BB4C9 ROM Table
T8D0E46C0 000:155.868   ROMTbl[1] @ E00FF000
T8D0E46C0 000:155.876   CPU_ReadMem(64 bytes @ 0xE00FF000)
T8D0E46C0 000:157.384   CPU_ReadMem(32 bytes @ 0xE000EFE0)
T8D0E46C0 000:158.454   CPU_ReadMem(4 bytes @ 0xE000EFBC)
T8D0E46C0 000:159.186   CPU_ReadMem(4 bytes @ 0xE000EFCC)
T8D0E46C0 000:159.828   [1][0]: E000E000 CID B105900D PID 000BBD21 DEVARCH 47702A04 DEVTYPE 00 Cortex-M33
T8D0E46C0 000:159.848   CPU_ReadMem(32 bytes @ 0xE0001FE0)
T8D0E46C0 000:160.978   CPU_ReadMem(4 bytes @ 0xE0001FBC)
T8D0E46C0 000:161.691   CPU_ReadMem(4 bytes @ 0xE0001FCC)
T8D0E46C0 000:162.383   [1][1]: E0001000 CID B105900D PID 000BBD21 DEVARCH 47701A02 DEVTYPE 00 DWT
T8D0E46C0 000:162.404   CPU_ReadMem(32 bytes @ 0xE0002FE0)
T8D0E46C0 000:163.388   CPU_ReadMem(4 bytes @ 0xE0002FBC)
T8D0E46C0 000:164.023   CPU_ReadMem(4 bytes @ 0xE0002FCC)
T8D0E46C0 000:164.674   [1][2]: E0002000 CID B105900D PID 000BBD21 DEVARCH 47701A03 DEVTYPE 00 FPB
T8D0E46C0 000:164.719   CPU_ReadMem(32 bytes @ 0xE0000FE0)
T8D0E46C0 000:165.710   CPU_ReadMem(4 bytes @ 0xE0000FBC)
T8D0E46C0 000:166.378   CPU_ReadMem(4 bytes @ 0xE0000FCC)
T8D0E46C0 000:167.030   [1][3]: E0000000 CID B105900D PID 000BBD21 DEVARCH 47701A01 DEVTYPE 43 ITM
T8D0E46C0 000:167.066   CPU_ReadMem(32 bytes @ 0xE0041FE0)
T8D0E46C0 000:168.131   CPU_ReadMem(4 bytes @ 0xE0041FBC)
T8D0E46C0 000:168.751   CPU_ReadMem(4 bytes @ 0xE0041FCC)
T8D0E46C0 000:169.401   [1][5]: E0041000 CID B105900D PID 002BBD21 DEVARCH 47724A13 DEVTYPE 13 ETM
T8D0E46C0 000:169.426   CPU_ReadMem(32 bytes @ 0xE0042FE0)
T8D0E46C0 000:170.473   CPU_ReadMem(4 bytes @ 0xE0042FBC)
T8D0E46C0 000:171.164   CPU_ReadMem(4 bytes @ 0xE0042FCC)
T8D0E46C0 000:171.872   [1][6]: E0042000 CID B105900D PID 000BBD21 DEVARCH 47701A14 DEVTYPE 14 CSS600-CTI
T8D0E46C0 000:172.000   CPU_ReadMem(4 bytes @ 0xE000EDF0)
T8D0E46C0 000:172.743   Data:  03 00 13 00
T8D0E46C0 000:172.763   Debug reg: DHCSR
T8D0E46C0 000:172.777 - 64.728ms returns 0
T8D0E46C0 000:172.804 JLINK_ReadMem(0x400E002C, 0x4 Bytes, ...)
T8D0E46C0 000:172.833   CPU_ReadMem(4 bytes @ 0x400E002C)
T8D0E46C0 000:173.624   Data:  02 00 00 00
T8D0E46C0 000:173.646 - 0.842ms returns 0
T8D0E46C0 000:173.742 JLINK_ReadMem(0xE000EDF0, 0x4 Bytes, ...)
T8D0E46C0 000:173.773   CPU_ReadMem(4 bytes @ 0xE000EDF0)
T8D0E46C0 000:174.496   Data:  03 00 13 00
T8D0E46C0 000:174.516   Debug reg: DHCSR
T8D0E46C0 000:174.529 - 0.789ms returns 0
T8D0E46C0 000:174.572 JLINK_ReadMem(0xE000EDF0, 0x4 Bytes, ...)
T8D0E46C0 000:174.589   CPU_ReadMem(4 bytes @ 0xE000EDF0)
T8D0E46C0 000:175.200   Data:  03 00 13 00
T8D0E46C0 000:175.224   Debug reg: DHCSR
T8D0E46C0 000:175.237 - 0.665ms returns 0
T8D0E46C0 000:175.252 JLINK_ReadMem(0x400E001C, 0x4 Bytes, ...)
T8D0E46C0 000:175.270   CPU_ReadMem(4 bytes @ 0x400E001C)
T8D0E46C0 000:175.857   Data:  00 30 00 00
T8D0E46C0 000:175.878 - 0.627ms returns 0
T8D0E46C0 000:175.902 JLINK_ReadMem(0xE000EDF0, 0x4 Bytes, ...)
T8D0E46C0 000:175.924   CPU_ReadMem(4 bytes @ 0xE000EDF0)
T8D0E46C0 000:176.609   Data:  03 00 13 00
T8D0E46C0 000:176.633   Debug reg: DHCSR
T8D0E46C0 000:176.646 - 0.745ms returns 0
T8D0E46C0 000:176.662 JLINK_ReadMem(0x400E0018, 0x4 Bytes, ...)
T8D0E46C0 000:176.681   CPU_ReadMem(4 bytes @ 0x400E0018)
T8D0E46C0 000:177.414   Data:  00 80 00 00
T8D0E46C0 000:177.447 - 0.785ms returns 0
T8D0E46C0 000:177.477 JLINK_ReadMem(0xE000EDF0, 0x4 Bytes, ...)
T8D0E46C0 000:177.500   CPU_ReadMem(4 bytes @ 0xE000EDF0)
T8D0E46C0 000:178.242   Data:  03 00 13 00
T8D0E46C0 000:178.275   Debug reg: DHCSR
T8D0E46C0 000:178.290 - 0.813ms returns 0
T8D0E46C0 000:178.308 JLINK_ReadMem(0x400E0020, 0x4 Bytes, ...)
T8D0E46C0 000:178.332   CPU_ReadMem(4 bytes @ 0x400E0020)
T8D0E46C0 000:178.990   Data:  00 00 00 00
T8D0E46C0 000:179.025 - 0.716ms returns 0
T8D0E46C0 000:179.085 JLINK_ReadMem(0xE000EDF0, 0x4 Bytes, ...)
T8D0E46C0 000:179.116   CPU_ReadMem(4 bytes @ 0xE000EDF0)
T8D0E46C0 000:179.742   Data:  03 00 13 00
T8D0E46C0 000:179.775   Debug reg: DHCSR
T8D0E46C0 000:179.790 - 0.705ms returns 0
T8D0E46C0 000:179.808 JLINK_ReadMem(0x400E0028, 0x4 Bytes, ...)
T8D0E46C0 000:179.831   CPU_ReadMem(4 bytes @ 0x400E0028)
T8D0E46C0 000:180.506   Data:  00 0C 00 00
T8D0E46C0 000:180.549 - 0.740ms returns 0
T8D0E46C0 000:180.578 JLINK_ReadMem(0xE000EDF0, 0x4 Bytes, ...)
T8D0E46C0 000:180.604   CPU_ReadMem(4 bytes @ 0xE000EDF0)
T8D0E46C0 000:181.392   Data:  03 00 13 00
T8D0E46C0 000:181.425   Debug reg: DHCSR
T8D0E46C0 000:181.439 - 0.861ms returns 0
T8D0E46C0 000:181.457 JLINK_ReadMem(0x400E0024, 0x4 Bytes, ...)
T8D0E46C0 000:181.481   CPU_ReadMem(4 bytes @ 0x400E0024)
T8D0E46C0 000:182.180   Data:  00 20 00 00
T8D0E46C0 000:182.213 - 0.756ms returns 0
T8D0E46C0 000:182.243 JLINK_ReadMem(0xE000EDF0, 0x4 Bytes, ...)
T8D0E46C0 000:182.266   CPU_ReadMem(4 bytes @ 0xE000EDF0)
T8D0E46C0 000:182.998   Data:  03 00 13 00
T8D0E46C0 000:183.031   Debug reg: DHCSR
T8D0E46C0 000:183.071 - 0.828ms returns 0
T8D0E46C0 000:183.102 JLINK_ReadMem(0x400E002C, 0x4 Bytes, ...)
T8D0E46C0 000:183.150   CPU_ReadMem(4 bytes @ 0x400E002C)
T8D0E46C0 000:183.859   Data:  02 00 00 00
T8D0E46C0 000:183.880 - 0.778ms returns 0
T8D0E46C0 000:183.907 JLINK_ReadMem(0xE000EDF0, 0x4 Bytes, ...)
T8D0E46C0 000:183.927   CPU_ReadMem(4 bytes @ 0xE000EDF0)
T8D0E46C0 000:184.562   Data:  03 00 13 00
T8D0E46C0 000:184.593   Debug reg: DHCSR
T8D0E46C0 000:184.607 - 0.700ms returns 0
T8D0E46C0 000:184.625 JLINK_ReadMem(0x400E002C, 0x4 Bytes, ...)
T8D0E46C0 000:184.649   CPU_ReadMem(4 bytes @ 0x400E002C)
T8D0E46C0 000:185.346   Data:  02 00 00 00
T8D0E46C0 000:185.370 - 0.745ms returns 0
T8D0E46C0 000:185.577 JLINK_ReadMem(0xE000EDF0, 0x4 Bytes, ...)
T8D0E46C0 000:185.614   CPU_ReadMem(4 bytes @ 0xE000EDF0)
T8D0E46C0 000:186.187   Data:  03 00 13 00
T8D0E46C0 000:186.214   Debug reg: DHCSR
T8D0E46C0 000:186.227 - 0.650ms returns 0
T8D0E46C0 000:186.244 JLINK_ReadMem(0x400E002C, 0x4 Bytes, ...)
T8D0E46C0 000:186.265   CPU_ReadMem(4 bytes @ 0x400E002C)
T8D0E46C0 000:186.923   Data:  02 00 00 00
T8D0E46C0 000:186.945 - 0.701ms returns 0
T8D0E46C0 000:186.972 JLINK_ReadMem(0xE000EDF0, 0x4 Bytes, ...)
T8D0E46C0 000:186.989   CPU_ReadMem(4 bytes @ 0xE000EDF0)
T8D0E46C0 000:187.667   Data:  03 00 13 00
T8D0E46C0 000:187.691   Debug reg: DHCSR
T8D0E46C0 000:187.703 - 0.732ms returns 0
T8D0E46C0 000:187.719 JLINK_ReadMem(0x400E001C, 0x4 Bytes, ...)
T8D0E46C0 000:187.737   CPU_ReadMem(4 bytes @ 0x400E001C)
T8D0E46C0 000:188.406   Data:  00 30 00 00
T8D0E46C0 000:188.427 - 0.709ms returns 0
T8D0E46C0 000:188.450 JLINK_ReadMem(0xE000EDF0, 0x4 Bytes, ...)
T8D0E46C0 000:188.467   CPU_ReadMem(4 bytes @ 0xE000EDF0)
T8D0E46C0 000:189.166   Data:  03 00 13 00
T8D0E46C0 000:189.187   Debug reg: DHCSR
T8D0E46C0 000:189.199 - 0.749ms returns 0
T8D0E46C0 000:189.214 JLINK_ReadMem(0x400E0018, 0x4 Bytes, ...)
T8D0E46C0 000:189.232   CPU_ReadMem(4 bytes @ 0x400E0018)
T8D0E46C0 000:189.905   Data:  00 80 00 00
T8D0E46C0 000:189.927 - 0.712ms returns 0
T8D0E46C0 000:189.951 JLINK_ReadMem(0xE000EDF0, 0x4 Bytes, ...)
T8D0E46C0 000:189.967   CPU_ReadMem(4 bytes @ 0xE000EDF0)
T8D0E46C0 000:190.649   Data:  03 00 13 00
T8D0E46C0 000:190.670   Debug reg: DHCSR
T8D0E46C0 000:190.683 - 0.732ms returns 0
T8D0E46C0 000:190.699 JLINK_ReadMem(0x400E0020, 0x4 Bytes, ...)
T8D0E46C0 000:190.715   CPU_ReadMem(4 bytes @ 0x400E0020)
T8D0E46C0 000:191.461   Data:  00 00 00 00
T8D0E46C0 000:191.485 - 0.787ms returns 0
T8D0E46C0 000:191.511 JLINK_ReadMem(0xE000EDF0, 0x4 Bytes, ...)
T8D0E46C0 000:191.529   CPU_ReadMem(4 bytes @ 0xE000EDF0)
T8D0E46C0 000:192.270   Data:  03 00 13 00
T8D0E46C0 000:192.297   Debug reg: DHCSR
T8D0E46C0 000:192.310 - 0.800ms returns 0
T8D0E46C0 000:192.326 JLINK_ReadMem(0x400E0028, 0x4 Bytes, ...)
T8D0E46C0 000:192.342   CPU_ReadMem(4 bytes @ 0x400E0028)
T8D0E46C0 000:192.985   Data:  00 0C 00 00
T8D0E46C0 000:193.011 - 0.685ms returns 0
T8D0E46C0 000:193.035 JLINK_ReadMem(0xE000EDF0, 0x4 Bytes, ...)
T8D0E46C0 000:193.054   CPU_ReadMem(4 bytes @ 0xE000EDF0)
T8D0E46C0 000:193.770   Data:  03 00 13 00
T8D0E46C0 000:193.791   Debug reg: DHCSR
T8D0E46C0 000:193.804 - 0.768ms returns 0
T8D0E46C0 000:193.819 JLINK_ReadMem(0x400E0024, 0x4 Bytes, ...)
T8D0E46C0 000:193.835   CPU_ReadMem(4 bytes @ 0x400E0024)
T8D0E46C0 000:194.492   Data:  00 20 00 00
T8D0E46C0 000:194.525 - 0.706ms returns 0
T8D0E46C0 000:194.826 JLINK_TIF_GetAvailable(...)
T8D0E46C0 000:195.215 - 0.389ms
T8D0E46C0 000:195.250 JLINK_TIF_Select(JLINKARM_TIF_SWD)
T8D0E46C0 000:195.263 - 0.014ms returns 0x00
T8D0E46C0 000:195.277 JLINK_SetSpeed(4000)
T8D0E46C0 000:195.371 - 0.094ms
T8D0E46C0 000:195.394 JLINK_SetEndian(ARM_ENDIAN_LITTLE)
T8D0E46C0 000:195.406 - 0.012ms returns 0
T8D0E46C0 000:195.433 JLINK_SetInitRegsOnReset(OFF)
T8D0E46C0 000:195.449 - 0.016ms returns 1
T8D0E46C0 000:195.465 JLINK_SetResetType(JLINKARM_CM3_RESET_TYPE_CONNECT_UNDER_RESET)
T8D0E46C0 000:195.479 - 0.014ms returns JLINKARM_CM3_RESET_TYPE_NORMAL
T8D0E46C0 000:195.500 JLINK_ExecCommand("EnableFlashBPs", ...). 
T8D0E46C0 000:195.554 - 0.002ms returns 0x00
T8D0E46C0 000:195.576 JLINK_ExecCommand("SetAllowFlashCache = 1", ...). 
T8D0E46C0 000:195.598 - 0.004ms returns 0x01
T8D0E46C0 000:195.620 JLINK_ExecCommand("SetRestartOnClose = 0", ...). 
T8D0E46C0 000:195.646 - 0.007ms returns 0x01
T8D0E46C0 000:195.662 JLINK_EnableSoftBPs(ON)
T8D0E46C0 000:195.676 - 0.015ms
T8D0E46C0 000:195.693 JLINK_Connect()
T8D0E46C0 000:196.056   ConfigTargetSettings() start
T8D0E46C0 000:196.084    J-Link Script File: Executing ConfigTargetSettings()
T8D0E46C0 000:196.101   Configuring FlashDLNoRMWThreshold=0x200 in order to make sure that option bytes programming is done via read-modify-write
T8D0E46C0 000:201.668   ConfigTargetSettings() end - Took 5.57ms
T8D0E46C0 000:201.697   InitTarget() start
T8D0E46C0 000:201.711    J-Link Script File: Executing InitTarget()
T8D0E46C0 000:201.727   SWD selected. Executing JTAG -> SWD switching sequence.
T8D0E46C0 000:205.513   DAP initialized successfully.
T8D0E46C0 000:205.548   Determining TrustZone configuration...
T8D0E46C0 000:207.863     Secure Debug: Enabled (SSD)
T8D0E46C0 000:207.899   Determining currently configured transfer type by reading the AHB-AP CSW register.
T8D0E46C0 000:209.563     --> Correct transfer type configured. Done.
T8D0E46C0 000:209.611   InitTarget() end - Took 7.89ms
T8D0E46C0 000:210.786   Found SW-DP with ID 0x6BA02477
T8D0E46C0 000:214.950   DPIDR: 0x6BA02477
T8D0E46C0 000:214.996   CoreSight SoC-400 or earlier
T8D0E46C0 000:215.017   AP map detection skipped. Manually configured AP map found.
T8D0E46C0 000:215.036   AP[0]: AHB-AP (IDR: Not set)
T8D0E46C0 000:216.724   AP[0]: Core found
T8D0E46C0 000:216.769   AP[0]: AHB-AP ROM base: 0xE00FE000
T8D0E46C0 000:217.675   CPUID register: 0x410FD214. Implementer code: 0x41 (ARM)
T8D0E46C0 000:217.708   Feature set: Mainline
T8D0E46C0 000:218.629   Cache: No cache
T8D0E46C0 000:218.663   Found Cortex-M33 r0p4, Little endian.
T8D0E46C0 000:219.041   -- Max. mem block: 0x000018A0
T8D0E46C0 000:219.134   CPU_ReadMem(4 bytes @ 0xE000EDF0)
T8D0E46C0 000:219.889   CPU_ReadMem(4 bytes @ 0xE0002000)
T8D0E46C0 000:220.624   FPUnit: 8 code (BP) slots and 0 literal slots
T8D0E46C0 000:220.661   CPU_ReadMem(4 bytes @ 0xE000EDFC)
T8D0E46C0 000:221.409   CPU_ReadMem(4 bytes @ 0xE0001000)
T8D0E46C0 000:222.247   CPU_ReadMem(4 bytes @ 0xE0001000)
T8D0E46C0 000:222.952   CPU_ReadMem(4 bytes @ 0xE0001028)
T8D0E46C0 000:223.776   CPU_ReadMem(4 bytes @ 0xE0001038)
T8D0E46C0 000:224.579   CPU_ReadMem(4 bytes @ 0xE0001048)
T8D0E46C0 000:225.337   CPU_ReadMem(4 bytes @ 0xE0001058)
T8D0E46C0 000:226.022   CPU_WriteMem(4 bytes @ 0xE0001000)
T8D0E46C0 000:226.762   CPU_ReadMem(4 bytes @ 0xE000ED88)
T8D0E46C0 000:227.556   CPU_WriteMem(4 bytes @ 0xE000ED88)
T8D0E46C0 000:228.336   CPU_ReadMem(4 bytes @ 0xE000ED88)
T8D0E46C0 000:229.023   CPU_WriteMem(4 bytes @ 0xE000ED88)
T8D0E46C0 000:229.740   CPU_ReadMem(4 bytes @ 0xE000EFB8)
T8D0E46C0 000:230.467   Security extension: implemented
T8D0E46C0 000:230.499   Secure debug: enabled
T8D0E46C0 000:230.512   CoreSight components:
T8D0E46C0 000:230.526   ROMTbl[0] @ E00FE000
T8D0E46C0 000:230.544   CPU_ReadMem(64 bytes @ 0xE00FE000)
T8D0E46C0 000:231.986   CPU_ReadMem(32 bytes @ 0xE0044FE0)
T8D0E46C0 000:233.087   CPU_ReadMem(4 bytes @ 0xE0044FBC)
T8D0E46C0 000:233.759   CPU_ReadMem(4 bytes @ 0xE0044FCC)
T8D0E46C0 000:234.537   [0][0]: E0044000 CID B105900D PID 005BB906 DEVARCH 00000000 DEVTYPE 14 CTI (?)
T8D0E46C0 000:234.574   CPU_ReadMem(32 bytes @ 0xE0047FE0)
T8D0E46C0 000:235.668   CPU_ReadMem(4 bytes @ 0xE0047FBC)
T8D0E46C0 000:236.445   CPU_ReadMem(4 bytes @ 0xE0047FCC)
T8D0E46C0 000:237.205   [0][1]: E0047000 CID B105900D PID 003BB908 DEVARCH 00000000 DEVTYPE 12 CSTF
T8D0E46C0 000:237.242   CPU_ReadMem(32 bytes @ 0xE0048FE0)
T8D0E46C0 000:238.339   CPU_ReadMem(4 bytes @ 0xE0048FBC)
T8D0E46C0 000:239.077   CPU_ReadMem(4 bytes @ 0xE0048FCC)
T8D0E46C0 000:239.795   [0][2]: E0048000 CID B105900D PID 001BB961 DEVARCH 00000000 DEVTYPE 21 ETB
T8D0E46C0 000:239.854   CPU_ReadMem(32 bytes @ 0xE0049FE0)
T8D0E46C0 000:240.900   [0][3]: E0049000 CID B105F00D PID 001BB101 TSG
T8D0E46C0 000:240.940   CPU_ReadMem(32 bytes @ 0xE0040FE0)
T8D0E46C0 000:241.966   CPU_ReadMem(4 bytes @ 0xE0040FBC)
T8D0E46C0 000:242.677   CPU_ReadMem(4 bytes @ 0xE0040FCC)
T8D0E46C0 000:243.442   [0][4]: E0040000 CID B105900D PID 000BBD21 DEVARCH 00000000 DEVTYPE 11 TPIU
T8D0E46C0 000:243.481   CPU_ReadMem(32 bytes @ 0xE00FFFE0)
T8D0E46C0 000:244.754   [0][5]: E00FF000 CID B105100D PID 000BB4C9 ROM Table
T8D0E46C0 000:244.802   ROMTbl[1] @ E00FF000
T8D0E46C0 000:244.822   CPU_ReadMem(64 bytes @ 0xE00FF000)
T8D0E46C0 000:246.339   CPU_ReadMem(32 bytes @ 0xE000EFE0)
T8D0E46C0 000:247.463   CPU_ReadMem(4 bytes @ 0xE000EFBC)
T8D0E46C0 000:248.235   CPU_ReadMem(4 bytes @ 0xE000EFCC)
T8D0E46C0 000:248.952   [1][0]: E000E000 CID B105900D PID 000BBD21 DEVARCH 47702A04 DEVTYPE 00 Cortex-M33
T8D0E46C0 000:248.991   CPU_ReadMem(32 bytes @ 0xE0001FE0)
T8D0E46C0 000:250.054   CPU_ReadMem(4 bytes @ 0xE0001FBC)
T8D0E46C0 000:250.775   CPU_ReadMem(4 bytes @ 0xE0001FCC)
T8D0E46C0 000:251.507   [1][1]: E0001000 CID B105900D PID 000BBD21 DEVARCH 47701A02 DEVTYPE 00 DWT
T8D0E46C0 000:251.547   CPU_ReadMem(32 bytes @ 0xE0002FE0)
T8D0E46C0 000:252.611   CPU_ReadMem(4 bytes @ 0xE0002FBC)
T8D0E46C0 000:253.479   CPU_ReadMem(4 bytes @ 0xE0002FCC)
T8D0E46C0 000:254.306   [1][2]: E0002000 CID B105900D PID 000BBD21 DEVARCH 47701A03 DEVTYPE 00 FPB
T8D0E46C0 000:254.344   CPU_ReadMem(32 bytes @ 0xE0000FE0)
T8D0E46C0 000:255.417   CPU_ReadMem(4 bytes @ 0xE0000FBC)
T8D0E46C0 000:256.229   CPU_ReadMem(4 bytes @ 0xE0000FCC)
T8D0E46C0 000:256.927   [1][3]: E0000000 CID B105900D PID 000BBD21 DEVARCH 47701A01 DEVTYPE 43 ITM
T8D0E46C0 000:256.966   CPU_ReadMem(32 bytes @ 0xE0041FE0)
T8D0E46C0 000:258.144   CPU_ReadMem(4 bytes @ 0xE0041FBC)
T8D0E46C0 000:258.931   CPU_ReadMem(4 bytes @ 0xE0041FCC)
T8D0E46C0 000:259.705   [1][5]: E0041000 CID B105900D PID 002BBD21 DEVARCH 47724A13 DEVTYPE 13 ETM
T8D0E46C0 000:259.744   CPU_ReadMem(32 bytes @ 0xE0042FE0)
T8D0E46C0 000:260.957   CPU_ReadMem(4 bytes @ 0xE0042FBC)
T8D0E46C0 000:261.742   CPU_ReadMem(4 bytes @ 0xE0042FCC)
T8D0E46C0 000:262.484   [1][6]: E0042000 CID B105900D PID 000BBD21 DEVARCH 47701A14 DEVTYPE 14 CSS600-CTI
T8D0E46C0 000:262.531 - 66.837ms returns 0x00
T8D0E46C0 000:262.556 JLINK_Halt()
T8D0E46C0 000:269.213 - 6.653ms returns 0x00
T8D0E46C0 000:269.258 JLINK_IsHalted()
T8D0E46C0 000:269.277 - 0.019ms returns TRUE
T8D0E46C0 000:269.297 JLINK_ResetPullsRESET(ON)
T8D0E46C0 000:269.312 - 0.015ms
T8D0E46C0 000:269.331 JLINK_Reset()
T8D0E46C0 000:269.373   CPU_WriteMem(4 bytes @ 0xE000EDF0)
T8D0E46C0 000:270.106   CPU_ReadMem(4 bytes @ 0xE000ED44)
T8D0E46C0 000:270.933   CPU_ReadMem(4 bytes @ 0xE000EE08)
T8D0E46C0 000:271.728   CPU_WriteMem(4 bytes @ 0xE000EE08)
T8D0E46C0 000:272.566   CPU_ReadMem(4 bytes @ 0xE000EE08)
T8D0E46C0 000:273.389   Reset: ARMv8M core with Security Extension enabled detected. Switch to secure domain.
T8D0E46C0 000:273.426   CPU_WriteMem(4 bytes @ 0xE000EDFC)
T8D0E46C0 000:274.214   Reset: Halt core after reset via DEMCR.VC_CORERESET.
T8D0E46C0 000:275.339   Reset: Reset device via AIRCR.SYSRESETREQ.
T8D0E46C0 000:275.381   CPU_WriteMem(4 bytes @ 0xE000ED0C)
T8D0E46C0 000:329.943   CPU_ReadMem(4 bytes @ 0xE000EDF0)
T8D0E46C0 000:330.748   CPU_ReadMem(4 bytes @ 0xE000EDF0)
T8D0E46C0 000:331.511   CPU_WriteMem(4 bytes @ 0xE000EDFC)
T8D0E46C0 000:338.037   CPU_ReadMem(4 bytes @ 0xE000EDF0)
T8D0E46C0 000:345.751   CPU_WriteMem(4 bytes @ 0xE0002000)
T8D0E46C0 000:346.578   CPU_ReadMem(4 bytes @ 0xE000EDFC)
T8D0E46C0 000:347.340   CPU_ReadMem(4 bytes @ 0xE0001000)
T8D0E46C0 000:348.126   CPU_ReadMem(4 bytes @ 0xE000EE08)
T8D0E46C0 000:348.837 - 79.504ms
T8D0E46C0 000:348.953 JLINK_ReadMem(0xE000EDF0, 0x4 Bytes, ...)
T8D0E46C0 000:348.994   CPU_ReadMem(4 bytes @ 0xE000EDF0)
T8D0E46C0 000:349.802   Data:  03 00 13 00
T8D0E46C0 000:349.834   Debug reg: DHCSR
T8D0E46C0 000:349.849 - 0.897ms returns 0
T8D0E46C0 000:349.922 JLINK_ReadMem(0x010080F0, 0x10 Bytes, ...)
T8D0E46C0 000:349.948   CPU_ReadMem(16 bytes @ 0x010080F0)
T8D0E46C0 000:350.889   Data:  52 37 46 41 36 4D 35 42 48 33 43 46 43 20 20 20
T8D0E46C0 000:350.923 - 1.001ms returns 0
T8D0E46C0 000:350.953 JLINK_IsHalted()
T8D0E46C0 000:350.966 - 0.012ms returns TRUE
T8D0E46C0 000:351.389 JLINK_ReadMem(0xE000EDF0, 0x4 Bytes, ...)
T8D0E46C0 000:351.439   CPU_ReadMem(4 bytes @ 0xE000EDF0)
T8D0E46C0 000:352.244   Data:  03 00 13 00
T8D0E46C0 000:352.277   Debug reg: DHCSR
T8D0E46C0 000:352.291 - 0.902ms returns 0
T8D0E46C0 000:352.316 JLINK_ReadMem(0x400E002C, 0x4 Bytes, ...)
T8D0E46C0 000:352.349   CPU_ReadMem(4 bytes @ 0x400E002C)
T8D0E46C0 000:353.145   Data:  02 00 00 00
T8D0E46C0 000:353.179 - 0.863ms returns 0
T8D0E46C0 000:353.219 JLINK_MeasureCPUSpeed(RAMAddr = 0x20000000)
T8D0E46C0 000:353.238   CPU_ReadMem(16 bytes @ 0x20000000)
T8D0E46C0 000:354.173   CPU_ReadMem(4 bytes @ 0xE000EDFC)
T8D0E46C0 000:355.007   CPU_ReadMem(4 bytes @ 0xE0001000)
T8D0E46C0 000:355.893   CPU_ReadMem(6 bytes @ 0x20000000)
T8D0E46C0 000:356.747   CPU_ReadMem(4 bytes @ 0xE000ED90)
T8D0E46C0 000:357.480   CPU_ReadMem(4 bytes @ 0xE000ED94)
T8D0E46C0 000:358.190   CPU_WriteMem(16 bytes @ 0x20000000)
T8D0E46C0 000:359.134   CPU_WriteMem(6 bytes @ 0x20000000)
T8D0E46C0 000:359.948   CPU_ReadMem(6 bytes @ 0x20000000)
T8D0E46C0 000:360.765   CPU_ReadMem(4 bytes @ 0xE000EE08)
T8D0E46C0 000:361.584   CPU_WriteMem(4 bytes @ 0xE0002008)
T8D0E46C0 000:361.618   CPU_WriteMem(4 bytes @ 0xE000200C)
T8D0E46C0 000:361.633   CPU_WriteMem(4 bytes @ 0xE0002010)
T8D0E46C0 000:361.647   CPU_WriteMem(4 bytes @ 0xE0002014)
T8D0E46C0 000:361.660   CPU_WriteMem(4 bytes @ 0xE0002018)
T8D0E46C0 000:361.674   CPU_WriteMem(4 bytes @ 0xE000201C)
T8D0E46C0 000:361.693   CPU_WriteMem(4 bytes @ 0xE0002020)
T8D0E46C0 000:361.713   CPU_WriteMem(4 bytes @ 0xE0002024)
T8D0E46C0 000:365.573   CPU_WriteMem(4 bytes @ 0xE0001004)
T8D0E46C0 000:376.986   CPU_ReadMem(4 bytes @ 0xE0001004)
T8D0E46C0 000:377.753   CPU_ReadMem(4 bytes @ 0xE000EE08)
T8D0E46C0 000:378.510   CPU_WriteMem(4 bytes @ 0xE0002008)
T8D0E46C0 000:379.336   CPU_WriteMem(4 bytes @ 0xE000200C)
T8D0E46C0 000:380.096   CPU_WriteMem(4 bytes @ 0xE0002010)
T8D0E46C0 000:380.956   CPU_WriteMem(4 bytes @ 0xE0002014)
T8D0E46C0 000:381.775   CPU_WriteMem(4 bytes @ 0xE0002018)
T8D0E46C0 000:382.580   CPU_WriteMem(4 bytes @ 0xE000201C)
T8D0E46C0 000:383.470   CPU_WriteMem(4 bytes @ 0xE0002020)
T8D0E46C0 000:384.319   CPU_WriteMem(4 bytes @ 0xE0002024)
T8D0E46C0 000:385.168   CPU_ReadMem(4 bytes @ 0xE000EE08)
T8D0E46C0 000:385.879   CPU_ReadMem(4 bytes @ 0xE000EE08)
T8D0E46C0 000:386.632   CPU_WriteMem(4 bytes @ 0xE0001004)
T8D0E46C0 000:418.127   CPU_ReadMem(4 bytes @ 0xE0001004)
T8D0E46C0 000:418.983   CPU_WriteMem(6 bytes @ 0x20000000)
T8D0E46C0 000:419.970   ClockFreq: 2082600 Hz
T8D0E46C0 000:420.005 - 66.785ms returns 2082600
T8D0E46C0 000:420.034 JLINK_ReadReg(XPSR)
T8D0E46C0 000:420.063   CPU_ReadMem(4 bytes @ 0xE000EE08)
T8D0E46C0 000:420.959 - 0.924ms returns 0xF9000000
T850A0700 000:440.839 JLINK_ReadReg(XPSR)
T850A0700 000:440.918   CPU_ReadMem(4 bytes @ 0xE000EE08)
T850A0700 000:441.556 - 0.718ms returns 0xF9000000
T850A0700 000:456.660 JLINK_ReadReg(XPSR)
T850A0700 000:456.696   CPU_ReadMem(4 bytes @ 0xE000EE08)
T850A0700 000:457.333 - 0.674ms returns 0xF9000000
T850A0700 000:530.957 JLINK_SetEndian(ARM_ENDIAN_LITTLE)
T850A0700 000:530.968 - 0.012ms returns 0
T850A0700 000:531.011 JLINK_BeginDownload(Flags = 0x00000000)
T850A0700 000:531.018 - 0.007ms
T850A0700 000:532.376 JLINK_ReadMem(0xE000EDF0, 0x4 Bytes, ...)
T850A0700 000:532.398   CPU_ReadMem(4 bytes @ 0xE000EDF0)
T850A0700 000:532.961   Data:  03 00 13 00
T850A0700 000:532.967   Debug reg: DHCSR
T850A0700 000:532.970 - 0.595ms returns 0
T850A0700 000:533.344 JLINK_WriteMem(0x00000000, 0xBD0 Bytes, ...)
T850A0700 000:533.351   Data:  88 08 00 20 A1 1D 00 00 C9 1B 00 00 9D 1D 00 00 ...
T850A0700 000:533.838   completely In flash
T850A0700 000:533.851 - 0.507ms returns 0xBD0
T850A0700 000:534.118 JLINK_WriteMem(0x00000BD0, 0xBB0 Bytes, ...)
T850A0700 000:534.126   Data:  0C 60 D9 69 91 F9 0B 40 04 F1 C0 01 52 F8 21 60 ...
T850A0700 000:534.139   completely In flash
T850A0700 000:534.147 - 0.029ms returns 0xBB0
T850A0700 000:534.326 JLINK_WriteMem(0x00001780, 0xB90 Bytes, ...)
T850A0700 000:534.334   Data:  20 48 03 F0 1F 03 60 32 01 FA 03 F3 40 F8 22 30 ...
T850A0700 000:534.342   completely In flash
T850A0700 000:534.348 - 0.023ms returns 0xB90
T850A0700 000:534.518 JLINK_WriteMem(0x00002310, 0xBA0 Bytes, ...)
T850A0700 000:534.526   Data:  70 47 70 47 2D E9 F0 47 16 46 98 46 8A 68 07 46 ...
T850A0700 000:534.534   completely In flash
T850A0700 000:534.540 - 0.022ms returns 0xBA0
T850A0700 000:534.620 JLINK_WriteMem(0x00002EB0, 0xB0 Bytes, ...)
T850A0700 000:534.627   Data:  10 10 10 20 00 00 00 00 00 00 00 00 00 00 00 00 ...
T850A0700 000:534.633   completely In flash
T850A0700 000:534.639 - 0.019ms returns 0xB0
T850A0700 000:534.781 JLINK_WriteMem(0x00002F60, 0x70 Bytes, ...)
T850A0700 000:534.788   Data:  FF FF FF FF 00 00 00 00 90 29 00 00 00 00 00 00 ...
T850A0700 000:534.795   completely In flash
T850A0700 000:534.801 - 0.021ms returns 0x70
T850A0700 000:535.036 JLINK_WriteMem(0x0100A100, 0x14 Bytes, ...)
T850A0700 000:535.054   Data:  FF FF FF FF FF FF FF FF FF FF FF FF FF FF FF FF ...
T850A0700 000:535.471   completely In flash
T850A0700 000:535.482 - 0.447ms returns 0x14
T850A0700 000:535.782 JLINK_WriteMem(0x0100A134, 0x4 Bytes, ...)
T850A0700 000:535.790   Data:  FF FF FF FF
T850A0700 000:535.797   completely In flash
T850A0700 000:535.801 - 0.019ms returns 0x4
T850A0700 000:535.977 JLINK_WriteMem(0x0100A200, 0xD0 Bytes, ...)
T850A0700 000:535.982   Data:  FF FD FF FF FF FF FF FF FF FF FF FF FF FF FF FF ...
T850A0700 000:535.987   completely In flash
T850A0700 000:535.991 - 0.014ms returns 0xD0
T850A0700 000:536.838 JLINK_EndDownload()
T850A0700 000:537.117   CPU_ReadMem(4 bytes @ 0xE000ED90)
T850A0700 000:537.707   CPU_ReadMem(4 bytes @ 0xE000ED94)
T850A0700 000:538.326    -- --------------------------------------
T850A0700 000:538.337    -- Start of determining flash info (Bank @ 0x0100A100)
T850A0700 000:538.349    -- End of determining flash info
T850A0700 000:538.353    -- Start of determining dirty areas in flash cache
T850A0700 000:538.358    -- Filling invalid ranges in sector buffer (flash cache) for sector @ 0x0100A100 if necessary
T850A0700 000:538.363    -- Filling invalid ranges in sector buffer (flash cache) for sector @ 0x0100A110 if necessary
T850A0700 000:538.368    -- Filling invalid ranges in sector buffer (flash cache) for sector @ 0x0100A130 if necessary
T850A0700 000:538.372    -- Filling invalid ranges in sector buffer (flash cache) for sector @ 0x0100A200 if necessary
T850A0700 000:538.376    -- Filling invalid ranges in sector buffer (flash cache) for sector @ 0x0100A210 if necessary
T850A0700 000:538.380    -- Filling invalid ranges in sector buffer (flash cache) for sector @ 0x0100A220 if necessary
T850A0700 000:538.384    -- Filling invalid ranges in sector buffer (flash cache) for sector @ 0x0100A230 if necessary
T850A0700 000:538.388    -- Filling invalid ranges in sector buffer (flash cache) for sector @ 0x0100A240 if necessary
T850A0700 000:538.392    -- Filling invalid ranges in sector buffer (flash cache) for sector @ 0x0100A250 if necessary
T850A0700 000:538.396    -- Filling invalid ranges in sector buffer (flash cache) for sector @ 0x0100A260 if necessary
T850A0700 000:538.400    -- Filling invalid ranges in sector buffer (flash cache) for sector @ 0x0100A270 if necessary
T850A0700 000:538.404    -- Filling invalid ranges in sector buffer (flash cache) for sector @ 0x0100A280 if necessary
T850A0700 000:538.407    -- Filling invalid ranges in sector buffer (flash cache) for sector @ 0x0100A290 if necessary
T850A0700 000:538.412    -- Filling invalid ranges in sector buffer (flash cache) for sector @ 0x0100A2A0 if necessary
T850A0700 000:538.422    -- Filling invalid ranges in sector buffer (flash cache) for sector @ 0x0100A2B0 if necessary
T850A0700 000:538.426    -- Filling invalid ranges in sector buffer (flash cache) for sector @ 0x0100A2C0 if necessary
T850A0700 000:538.430    -- End of determining dirty areas
T850A0700 000:538.433    -- Start of preparing flash programming
T850A0700 000:538.437    -- Preparing RAMCode
T850A0700 000:538.441    -- Calculating RAM usage
T850A0700 000:538.445    -- RAM usage = 5120 Bytes
T850A0700 000:538.449    -- Preserving CPU registers
T850A0700 000:556.089    -- Preparing memory
T850A0700 000:556.104    -- Determining CPU clock frequency
T850A0700 000:615.939    -- CPU frequency = 2081 kHz
T850A0700 000:615.953    -- Preparing target
T850A0700 000:615.957    -- Preserving target RAM temporarily used for programming
T850A0700 000:676.247    -- Downloading RAMCode
T850A0700 000:757.713    -- Initializing RAMCode (InitType: 3 = Verify)
T850A0700 000:757.729    -- Executing Init(3)
T850A0700 000:776.956    -- End of preparing flash programming
T850A0700 000:776.973   
  ***** Warning: 
T850A0700 000:776.977   CPU is running at low speed (2081 kHz).
T850A0700 000:776.981    -- CPU is running at 2081 kHz.
T850A0700 000:776.986    -- Start of comparing flash
T850A0700 000:776.990    -- Flash algorithm supports a native verify function which is used to compare the flash content.
T850A0700 000:776.996    -- Comparing range 0x100A100 - 0x100A11F (2 Sectors, 32 Bytes), using verify function of the RAMCode
T850A0700 000:779.515    -- Data matches for sectors 0-1
T850A0700 000:779.529    -- Comparing range 0x100A130 - 0x100A13F (1 Sector, 16 Bytes), using verify function of the RAMCode
T850A0700 000:781.874    -- Data matches for sector 3
T850A0700 000:781.888    -- Comparing range 0x100A200 - 0x100A2CF (13 Sectors, 208 Bytes), using verify function of the RAMCode
T850A0700 000:787.172    -- Data matches for sectors 16-28
T850A0700 000:787.187    -- End of comparing flash
T850A0700 000:787.193    -- Start of erasing sectors
T850A0700 000:787.198    -- End of erasing sectors
T850A0700 000:787.202    -- Start of flash programming
T850A0700 000:787.207    -- End of flash programming
T850A0700 000:787.211    -- Start of verifying flash
T850A0700 000:787.216    -- End of verifying flash
T850A0700 000:787.220    -- Start of restoring
T850A0700 000:787.225    -- Executing UnInit()
T850A0700 000:795.553    -- Restoring target memory
T850A0700 000:847.773    -- Restoring CPU registers
T850A0700 000:848.424    -- End of restoring
T850A0700 000:848.434    -- Bank 0 @ 0x0100A100: Skipped. Contents already match
T850A0700 000:848.438    -- Bank 0 @ 0x0100A100: Skipped. Contents already match
T850A0700 000:848.444    -- --------------------------------------
T850A0700 000:848.448    -- Flash bank @ 0x00000000: Default: L2 verify disabled because algorithm performs L1 verify
T850A0700 000:848.452    -- Start of determining dirty areas in flash cache
T850A0700 000:848.457    -- Filling invalid ranges in sector buffer (flash cache) for sector @ 0x00000000 if necessary
T850A0700 000:848.462    -- Filling invalid ranges in sector buffer (flash cache) for sector @ 0x00002000 if necessary
T850A0700 000:848.850    -- End of determining dirty areas
T850A0700 000:848.855    -- Start of preparing flash programming
T850A0700 000:848.858    -- Calculating RAM usage
T850A0700 000:848.873    -- RAM usage = 3476 Bytes
T850A0700 000:848.877    -- Preserving CPU registers
T850A0700 000:848.898    -- Determining CPU clock frequency
T850A0700 000:903.649    -- Preparing target
T850A0700 000:903.673    -- Preserving target RAM temporarily used for programming
T850A0700 000:944.624    -- Downloading RAMCode
T850A0700 000:991.835    -- Preparing RAMCode
T850A0700 001:011.158    -- CPU frequency = 100000 kHz
T850A0700 001:011.179    -- End of preparing flash programming
T850A0700 001:011.188    -- CPU is running at 100000 kHz.
T850A0700 001:011.195    -- Start of comparing flash
T850A0700 001:011.212    -- CRC check was estimated as fastest method
T850A0700 001:011.221    -- Comparing range 0x0000 - 0x3FFF (2 Sectors, 16 KB), using multi-block CRC calculation
T850A0700 001:020.330    -- All CRCs match
T850A0700 001:020.345    -- Comparing range 0x0000 - 0x3FFF (2 Sectors, 16 KB), using alternative multi-block CRC calculation
T850A0700 001:029.688    -- All CRCs match
T850A0700 001:029.703    -- End of comparing flash
T850A0700 001:029.708    -- Start of erasing sectors
T850A0700 001:029.712    -- End of erasing sectors
T850A0700 001:029.716    -- Start of flash programming
T850A0700 001:029.720    -- End of flash programming
T850A0700 001:029.724    -- Start of restoring
T850A0700 001:029.729    -- Restoring RAMCode
T850A0700 001:038.076    -- Restoring target memory
T850A0700 001:073.876    -- Restore target
T850A0700 001:073.892    -- Restoring CPU registers
T850A0700 001:074.505    -- End of restoring
T850A0700 001:074.515    -- Bank 1 @ 0x00000000: Skipped. Contents already match
T850A0700 001:074.519    -- Bank 1 @ 0x00000000: Skipped. Contents already match
T850A0700 001:086.617 - 549.778ms returns 0 (0x0)
T850A0700 001:087.399 JLINK_WriteReg(R15 (PC), 0x00001DA0)
T850A0700 001:087.416 - 0.017ms returns 0
T850A0700 001:087.420 JLINK_WriteReg(XPSR, 0x01000000)
T850A0700 001:087.423 - 0.003ms returns 0
T850A0700 001:087.431 JLINK_ResetPullsRESET(ON)
T850A0700 001:087.433 - 0.002ms
T850A0700 001:087.436 JLINK_Halt()
T850A0700 001:087.438 - 0.002ms returns 0x00
T850A0700 001:087.441 JLINK_IsHalted()
T850A0700 001:087.443 - 0.003ms returns TRUE
T850A0700 001:087.446 JLINK_Reset()
T850A0700 001:087.453   CPU_WriteMem(4 bytes @ 0xE000EDF0)
T850A0700 001:088.086   CPU_ReadMem(4 bytes @ 0xE000ED44)
T850A0700 001:088.683   CPU_ReadMem(4 bytes @ 0xE000EE08)
T850A0700 001:089.313   CPU_WriteMem(4 bytes @ 0xE000EE08)
T850A0700 001:089.960   CPU_ReadMem(4 bytes @ 0xE000EE08)
T850A0700 001:090.597   Reset: ARMv8M core with Security Extension enabled detected. Switch to secure domain.
T850A0700 001:090.605   CPU_WriteMem(4 bytes @ 0xE000EDFC)
T850A0700 001:091.269   Reset: Halt core after reset via DEMCR.VC_CORERESET.
T850A0700 001:092.066   Reset: Reset device via AIRCR.SYSRESETREQ.
T850A0700 001:092.081   CPU_WriteMem(4 bytes @ 0xE000ED0C)
T850A0700 001:145.834   CPU_ReadMem(4 bytes @ 0xE000EDF0)
T850A0700 001:146.487   CPU_ReadMem(4 bytes @ 0xE000EDF0)
T850A0700 001:147.133   CPU_WriteMem(4 bytes @ 0xE000EDFC)
T850A0700 001:153.340   CPU_ReadMem(4 bytes @ 0xE000EDF0)
T850A0700 001:160.593   CPU_WriteMem(4 bytes @ 0xE0002000)
T850A0700 001:161.489   CPU_ReadMem(4 bytes @ 0xE000EDFC)
T850A0700 001:162.451   CPU_ReadMem(4 bytes @ 0xE0001000)
T850A0700 001:163.153   CPU_ReadMem(4 bytes @ 0xE000EE08)
T850A0700 001:163.751 - 76.304ms
T850A0700 001:163.765 JLINK_SetEndian(ARM_ENDIAN_LITTLE)
T850A0700 001:163.771 - 0.005ms returns 0
T850A0700 001:164.371 JLINK_ResetPullsRESET(ON)
T850A0700 001:164.387 - 0.015ms
T850A0700 001:164.390 JLINK_Halt()
T850A0700 001:164.396 - 0.005ms returns 0x00
T850A0700 001:164.402 JLINK_IsHalted()
T850A0700 001:164.412 - 0.011ms returns TRUE
T850A0700 001:164.415 JLINK_Reset()
T850A0700 001:164.436   CPU_WriteMem(4 bytes @ 0xE000EDF0)
T850A0700 001:165.103   CPU_ReadMem(4 bytes @ 0xE000ED44)
T850A0700 001:165.703   CPU_ReadMem(4 bytes @ 0xE000EE08)
T850A0700 001:166.368   CPU_WriteMem(4 bytes @ 0xE000EE08)
T850A0700 001:167.074   CPU_ReadMem(4 bytes @ 0xE000EE08)
T850A0700 001:167.713   Reset: ARMv8M core with Security Extension enabled detected. Switch to secure domain.
T850A0700 001:167.723   CPU_WriteMem(4 bytes @ 0xE000EDFC)
T850A0700 001:168.492   Reset: Halt core after reset via DEMCR.VC_CORERESET.
T850A0700 001:169.324   Reset: Reset device via AIRCR.SYSRESETREQ.
T850A0700 001:169.334   CPU_WriteMem(4 bytes @ 0xE000ED0C)
T850A0700 001:223.570   CPU_ReadMem(4 bytes @ 0xE000EDF0)
T850A0700 001:224.310   CPU_ReadMem(4 bytes @ 0xE000EDF0)
T850A0700 001:225.062   CPU_WriteMem(4 bytes @ 0xE000EDFC)
T850A0700 001:231.247   CPU_ReadMem(4 bytes @ 0xE000EDF0)
T850A0700 001:238.493   CPU_WriteMem(4 bytes @ 0xE0002000)
T850A0700 001:239.239   CPU_ReadMem(4 bytes @ 0xE000EDFC)
T850A0700 001:240.033   CPU_ReadMem(4 bytes @ 0xE0001000)
T850A0700 001:240.699   CPU_ReadMem(4 bytes @ 0xE000EE08)
T850A0700 001:241.382 - 76.966ms
T850A0700 001:241.399 JLINK_SetEndian(ARM_ENDIAN_LITTLE)
T850A0700 001:241.403 - 0.005ms returns 0
T850A0700 001:241.975 JLINK_ReadReg(XPSR)
T850A0700 001:241.996   CPU_ReadMem(4 bytes @ 0xE000EE08)
T850A0700 001:242.564 - 0.588ms returns 0xF9000000
T850A0700 001:245.513 JLINK_ReadReg(XPSR)
T850A0700 001:245.543 - 0.030ms returns 0xF9000000
T850A0700 001:246.051 JLINK_ReadMem(0x00001DA0, 0x4 Bytes, ...)
T850A0700 001:246.071    -- Read from flash cache (4 bytes @ 0x00001DA0)
T850A0700 001:246.078   Data:  08 B5 00 F0
T850A0700 001:246.084 - 0.034ms returns 0
T850A0700 001:246.977 JLINK_ReadMem(0x00001DA0, 0x4 Bytes, ...)
T850A0700 001:247.000    -- Read from flash cache (4 bytes @ 0x00001DA0)
T850A0700 001:247.008   Data:  08 B5 00 F0
T850A0700 001:247.017 - 0.041ms returns 0
T850A0700 001:247.856 JLINK_ReadReg(XPSR)
T850A0700 001:247.891 - 0.036ms returns 0xF9000000
T850A0700 001:248.234 JLINK_ReadMem(0x00001DA0, 0x4 Bytes, ...)
T850A0700 001:248.250    -- Read from flash cache (4 bytes @ 0x00001DA0)
T850A0700 001:248.260   Data:  08 B5 00 F0
T850A0700 001:248.268 - 0.035ms returns 0
T850A0700 001:403.809 JLINK_ReadReg(XPSR)
T850A0700 001:403.832 - 0.023ms returns 0xF9000000
T850A0700 001:435.566 JLINK_GetNumBPUnits(Type = 0xFFFFFF00)
T850A0700 001:435.601 - 0.038ms returns 0x08
T850A0700 001:435.610 JLINK_GetNumWPUnits()
T850A0700 001:435.615 - 0.005ms returns 4
T850A0700 001:435.619 JLINK_GetNumWPUnits()
T850A0700 001:435.624 - 0.005ms returns 4
T850A0700 001:435.638 JLINK_GetNumBPUnits(Type = 0xFFFFFF00)
T850A0700 001:435.643 - 0.005ms returns 0x08
T850A0700 001:435.649 JLINK_GetNumWPUnits()
T850A0700 001:435.654 - 0.004ms returns 4
T850A0700 001:435.658 JLINK_GetNumWPUnits()
T850A0700 001:435.663 - 0.005ms returns 4
T850A0700 001:435.673 JLINK_GetNumBPUnits(Type = 0xFFFFFF00)
T850A0700 001:435.678 - 0.006ms returns 0x08
T850A0700 001:435.682 JLINK_GetNumWPUnits()
T850A0700 001:435.687 - 0.005ms returns 4
T850A0700 001:435.692 JLINK_GetNumWPUnits()
T850A0700 001:435.696 - 0.004ms returns 4
T850A0700 001:435.740 JLINK_SetBPEx(Addr = 0x000005C0, Type = 0xFFFFFF00)
T850A0700 001:435.753 - 0.013ms returns 0x00000001
T850A0700 001:435.763 JLINK_ClrBPEx(BPHandle = 0x00000001)
T850A0700 001:435.769 - 0.007ms returns 0x00
T850A0700 001:436.958 JLINK_ReadMem(0x000005C0, 0x40 Bytes, ...)
T850A0700 001:436.982    -- Read from flash cache (64 bytes @ 0x000005C0)
T850A0700 001:436.987   Data:  08 B5 FF F7 ED FE 00 20 08 BD 00 BF 4F F0 00 0C ...
T850A0700 001:436.990 - 0.033ms returns 0
T850A0700 001:437.099 JLINK_ReadMem(0x000005C0, 0x2 Bytes, ...)
T850A0700 001:437.104    -- Read from flash cache (2 bytes @ 0x000005C0)
T850A0700 001:437.108   Data:  08 B5
T850A0700 001:437.112 - 0.013ms returns 0
T850A0700 001:437.217 JLINK_SetBPEx(Addr = 0x000005C0, Type = 0xFFFFFF00)
T850A0700 001:437.224 - 0.007ms returns 0x00000002
T850A0700 001:439.461 JLINK_ReadRegs(NumRegs = 22, Indexes: 0, 1, 2, 3, 4, 5, 6, 7, 8, 9, 10, 11, 12, 13, 14, 15, 16, 17, 18, 86, 87, 20)
T850A0700 001:439.494    -- R0=0x00, R1=0x00, R2=0x00, R3=0x00, R4=0x00, R5=0x00, R6=0x00, R7=0x00, R8=0x00, R9=0x2970, R10=0x2DF4, R11=0x6626AB3F, R12=0x2000D888, R13 (SP)=0x20000888, R14=0xFFFFFFFF, R15 (PC)=0x1DA0, XPSR=0xF9000000, MSP=0x20000888, PSP=0x00, MSPLIM=0x00, PSPLIM=0x00, CFBP=0x00
T850A0700 001:439.500 - 0.038ms returns 0x00
T850A0700 001:439.625 JLINK_ReadReg(XPSR)
T850A0700 001:439.633 - 0.009ms returns 0xF9000000
T850A0700 001:439.892 JLINK_ReadMem(0x00001DA0, 0x4 Bytes, ...)
T850A0700 001:439.902    -- Read from flash cache (4 bytes @ 0x00001DA0)
T850A0700 001:439.906   Data:  08 B5 00 F0
T850A0700 001:439.910 - 0.018ms returns 0
T8489F700 001:503.864 JLINK_GetNumBPUnits(Type = 0xFFFFFF00)
T8489F700 001:503.892 - 0.029ms returns 0x08
T8489F700 001:503.897 JLINK_GetNumWPUnits()
T8489F700 001:503.901 - 0.004ms returns 4
T8489F700 001:503.905 JLINK_GetNumWPUnits()
T8489F700 001:503.909 - 0.003ms returns 4
T8489F700 001:504.025 JLINK_GetNumBPUnits(Type = 0xFFFFFF00)
T8489F700 001:504.037 - 0.011ms returns 0x08
T8489F700 001:504.042 JLINK_GetNumWPUnits()
T8489F700 001:504.045 - 0.004ms returns 4
T8489F700 001:504.049 JLINK_GetNumWPUnits()
T8489F700 001:504.054 - 0.004ms returns 4
T8489F700 001:504.181 JLINK_GetNumBPUnits(Type = 0xFFFFFF00)
T8489F700 001:504.188 - 0.008ms returns 0x08
T8489F700 001:504.192 JLINK_GetNumWPUnits()
T8489F700 001:504.196 - 0.004ms returns 4
T8489F700 001:504.200 JLINK_GetNumWPUnits()
T8489F700 001:504.204 - 0.004ms returns 4
T8489F700 001:504.361 JLINK_GetNumBPUnits(Type = 0xFFFFFF00)
T8489F700 001:504.368 - 0.008ms returns 0x08
T8489F700 001:504.372 JLINK_GetNumWPUnits()
T8489F700 001:504.376 - 0.004ms returns 4
T8489F700 001:504.380 JLINK_GetNumWPUnits()
T8489F700 001:504.384 - 0.004ms returns 4
T8489F700 001:504.609 JLINK_GetNumBPUnits(Type = 0xFFFFFF00)
T8489F700 001:504.619 - 0.010ms returns 0x08
T8489F700 001:504.622 JLINK_GetNumWPUnits()
T8489F700 001:504.625 - 0.002ms returns 4
T8489F700 001:504.627 JLINK_GetNumWPUnits()
T8489F700 001:504.630 - 0.003ms returns 4
T8489F700 001:504.984 JLINK_GetNumBPUnits(Type = 0xFFFFFF00)
T8489F700 001:504.996 - 0.011ms returns 0x08
T8489F700 001:504.998 JLINK_GetNumWPUnits()
T8489F700 001:505.001 - 0.003ms returns 4
T8489F700 001:505.003 JLINK_GetNumWPUnits()
T8489F700 001:505.006 - 0.003ms returns 4
T8489F700 001:505.152 JLINK_ReadReg(XPSR)
T8489F700 001:505.171 - 0.018ms returns 0xF9000000
T8489F700 001:505.174 JLINK_ReadReg(R15 (PC))
T8489F700 001:505.178 - 0.004ms returns 0x00001DA0
T8489F700 001:505.264 JLINK_GetNumBPUnits(Type = 0xFFFFFF00)
T8489F700 001:505.273 - 0.009ms returns 0x08
T8489F700 001:505.277 JLINK_GetNumWPUnits()
T8489F700 001:505.281 - 0.004ms returns 4
T8489F700 001:505.284 JLINK_GetNumWPUnits()
T8489F700 001:505.287 - 0.003ms returns 4
T8489F700 001:505.399 JLINK_GetNumBPUnits(Type = 0xFFFFFF00)
T8489F700 001:505.405 - 0.007ms returns 0x08
T8489F700 001:505.408 JLINK_GetNumWPUnits()
T8489F700 001:505.410 - 0.002ms returns 4
T8489F700 001:505.413 JLINK_GetNumWPUnits()
T8489F700 001:505.415 - 0.002ms returns 4
T850A0700 001:558.818 JLINK_ReadMem(0x00001DA0, 0x4 Bytes, ...)
T850A0700 001:558.837    -- Read from flash cache (4 bytes @ 0x00001DA0)
T850A0700 001:558.841   Data:  08 B5 00 F0
T850A0700 001:558.846 - 0.028ms returns 0
T850A0700 001:592.943 JLINK_ReadReg(XPSR)
T850A0700 001:592.966 - 0.023ms returns 0xF9000000
T850A0700 001:593.261 JLINK_ReadReg(XPSR)
T850A0700 001:593.271 - 0.010ms returns 0xF9000000
T850A0700 003:109.739 JLINK_STRACE_Read(..., NumItems = 0x10000)
T850A0700 003:110.136 - 0.397ms NumItemsRead = 0x00
T850A0700 003:110.146 JLINK_IsHalted()
T850A0700 003:110.669 - 0.522ms returns TRUE
T850A0700 003:110.684 JLINK_STRACE_Read(..., NumItems = 0x10000)
T850A0700 003:110.691 - 0.006ms NumItemsRead = 0x00
T850A0700 003:110.696 JLINK_GoEx(MaxEmulInsts = 0, Flags = 0x01)
T850A0700 003:110.709   CPU_WriteMem(4 bytes @ 0xE0002000)
T850A0700 003:111.340   CPU_ReadMem(4 bytes @ 0xE0001000)
T850A0700 003:111.981   CPU_WriteMem(4 bytes @ 0xE0002008)
T850A0700 003:111.992   CPU_WriteMem(4 bytes @ 0xE000200C)
T850A0700 003:111.996   CPU_WriteMem(4 bytes @ 0xE0002010)
T850A0700 003:112.001   CPU_WriteMem(4 bytes @ 0xE0002014)
T850A0700 003:112.005   CPU_WriteMem(4 bytes @ 0xE0002018)
T850A0700 003:112.009   CPU_WriteMem(4 bytes @ 0xE000201C)
T850A0700 003:112.014   CPU_WriteMem(4 bytes @ 0xE0002020)
T850A0700 003:112.018   CPU_WriteMem(4 bytes @ 0xE0002024)
T850A0700 003:115.845   CPU_WriteMem(4 bytes @ 0xE0001004)
T850A0700 003:117.533   Memory map 'after startup completion point' is active
T850A0700 003:117.543 - 6.848ms
T850A0700 003:218.123 JLINK_IsHalted()
T850A0700 003:224.718 - 6.593ms returns TRUE
T850A0700 003:224.751 JLINK_ReadReg(XPSR)
T850A0700 003:224.784   CPU_ReadMem(4 bytes @ 0xE000EE08)
T850A0700 003:225.553 - 0.801ms returns 0x69000000
T850A0700 003:225.576 JLINK_ReadReg(R15 (PC))
T850A0700 003:225.590 - 0.014ms returns 0x000005C0
T850A0700 003:225.604 JLINK_ReadReg(XPSR)
T850A0700 003:225.612 - 0.009ms returns 0x69000000
T850A0700 003:225.620 JLINK_ReadReg(XPSR)
T850A0700 003:225.628 - 0.007ms returns 0x69000000
T850A0700 003:225.634 JLINK_ReadReg(R15 (PC))
T850A0700 003:225.642 - 0.008ms returns 0x000005C0
T850A0700 003:225.650 JLINK_ReadReg(XPSR)
T850A0700 003:225.657 - 0.007ms returns 0x69000000
T850A0700 003:225.664 JLINK_ReadReg(XPSR)
T850A0700 003:225.672 - 0.008ms returns 0x69000000
T850A0700 003:225.681 JLINK_ReadMem(0x000005C0, 0x1 Bytes, ...)
T850A0700 003:225.692    -- Read from flash cache (1 bytes @ 0x000005C0)
T850A0700 003:225.702   Data:  08
T850A0700 003:225.712 - 0.031ms returns 0
T850A0700 003:225.720 JLINK_IsHalted()
T850A0700 003:225.727 - 0.007ms returns TRUE
T850A0700 003:225.735 JLINK_ReadReg(XPSR)
T850A0700 003:225.743 - 0.008ms returns 0x69000000
T850A0700 003:225.750 JLINK_ReadReg(XPSR)
T850A0700 003:225.757 - 0.007ms returns 0x69000000
T850A0700 003:225.764 JLINK_ReadReg(R15 (PC))
T850A0700 003:225.772 - 0.008ms returns 0x000005C0
T850A0700 003:225.780 JLINK_ReadReg(XPSR)
T850A0700 003:225.787 - 0.008ms returns 0x69000000
T850A0700 003:225.794 JLINK_ReadReg(XPSR)
T850A0700 003:225.802 - 0.008ms returns 0x69000000
T850A0700 003:225.809 JLINK_ReadMem(0x000005C0, 0x1 Bytes, ...)
T850A0700 003:225.816    -- Read from flash cache (1 bytes @ 0x000005C0)
T850A0700 003:225.825   Data:  08
T850A0700 003:225.834 - 0.026ms returns 0
T850A0700 003:226.681 JLINK_ReadRegs(NumRegs = 22, Indexes: 0, 1, 2, 3, 4, 5, 6, 7, 8, 9, 10, 11, 12, 13, 14, 15, 16, 17, 18, 86, 87, 20)
T850A0700 003:226.748    -- R0=0x00, R1=0x11F, R2=0x00, R3=0x60, R4=0x00, R5=0x00, R6=0x00, R7=0x00, R8=0x00, R9=0x2970, R10=0x2DF4, R11=0x6626AB3F, R12=0x80, R13 (SP)=0x20000880, R14=0x1DAB, R15 (PC)=0x5C0, XPSR=0x69000000, MSP=0x20000880, PSP=0x00, MSPLIM=0x20000488, PSPLIM=0x00, CFBP=0x00
T850A0700 003:226.759 - 0.079ms returns 0x00
T850A0700 003:228.080 JLINK_ReadReg(XPSR)
T850A0700 003:228.116 - 0.037ms returns 0x69000000
T850A0700 003:228.646 JLINK_ReadMem(0x000005C0, 0x4 Bytes, ...)
T850A0700 003:228.680    -- Read from flash cache (4 bytes @ 0x000005C0)
T850A0700 003:228.696   Data:  08 B5 FF F7
T850A0700 003:228.711 - 0.066ms returns 0
T850A0700 003:229.845 JLINK_ClrBPEx(BPHandle = 0x00000002)
T850A0700 003:229.879 - 0.035ms returns 0x00
T850A0700 003:249.791 JLINK_ReadMem(0x000005C0, 0x4 Bytes, ...)
T850A0700 003:249.842    -- Read from flash cache (4 bytes @ 0x000005C0)
T850A0700 003:249.858   Data:  08 B5 FF F7
T850A0700 003:249.878 - 0.089ms returns 0
T850A0700 003:291.976 JLINK_ReadReg(XPSR)
T850A0700 003:292.000 - 0.024ms returns 0x69000000
T850A0700 003:292.330 JLINK_ReadReg(XPSR)
T850A0700 003:292.345 - 0.014ms returns 0x69000000
T850A0700 003:582.389 JLINK_STRACE_Read(..., NumItems = 0x10000)
T850A0700 003:582.424 - 0.036ms NumItemsRead = 0x00
T850A0700 003:582.469 JLINK_IsHalted()
T850A0700 003:582.476 - 0.007ms returns TRUE
T850A0700 003:582.483 JLINK_STRACE_Read(..., NumItems = 0x10000)
T850A0700 003:582.489 - 0.006ms NumItemsRead = 0x00
T850A0700 003:582.495 JLINK_GoEx(MaxEmulInsts = 0, Flags = 0x01)
T850A0700 003:582.525   CPU_ReadMem(4 bytes @ 0xE0001000)
T850A0700 003:583.143   CPU_WriteMem(4 bytes @ 0xE0002008)
T850A0700 003:584.998 - 2.501ms
T850A0700 003:686.074 JLINK_IsHalted()
T850A0700 003:686.873 - 0.800ms returns FALSE
T850A0700 003:686.882 JLINK_IsHalted()
T850A0700 003:687.436 - 0.554ms returns FALSE
T850A0700 003:788.102 JLINK_IsHalted()
T850A0700 003:788.932 - 0.829ms returns FALSE
T850A0700 003:788.968 JLINK_IsHalted()
T850A0700 003:789.894 - 0.924ms returns FALSE
T850A0700 003:890.178 JLINK_IsHalted()
T850A0700 003:890.919 - 0.740ms returns FALSE
T850A0700 003:890.957 JLINK_IsHalted()
T850A0700 003:891.569 - 0.610ms returns FALSE
T850A0700 003:992.196 JLINK_IsHalted()
T850A0700 003:992.756 - 0.559ms returns FALSE
T850A0700 003:992.764 JLINK_IsHalted()
T850A0700 003:993.401 - 0.637ms returns FALSE
T850A0700 004:094.132 JLINK_IsHalted()
T850A0700 004:094.795 - 0.663ms returns FALSE
T850A0700 004:094.805 JLINK_IsHalted()
T850A0700 004:095.403 - 0.598ms returns FALSE
T850A0700 004:196.105 JLINK_IsHalted()
T850A0700 004:196.751 - 0.646ms returns FALSE
T850A0700 004:196.763 JLINK_IsHalted()
T850A0700 004:197.393 - 0.630ms returns FALSE
T8489F700 004:231.780 JLINK_ReadReg(XPSR)
T8489F700 004:232.403   CPU is running
T8489F700 004:232.414   
  ***** Error: 
T8489F700 004:232.419   Cannot read register 16 (XPSR) while CPU is running
T8489F700 004:232.424 - 0.644ms returns 0x00000000
T8489F700 004:232.430 JLINK_ReadReg(R15 (PC))
T8489F700 004:232.984   CPU is running
T8489F700 004:232.996   
  ***** Error: 
T8489F700 004:233.001   Cannot read register 15 (R15) while CPU is running
T8489F700 004:233.008 - 0.578ms returns 0x00000000
T8489F700 004:233.475 JLINK_IsHalted()
T8489F700 004:234.013 - 0.537ms returns FALSE
T8489F700 004:234.020 JLINK_IsHalted()
T8489F700 004:234.585 - 0.564ms returns FALSE
T850A0700 004:298.119 JLINK_IsHalted()
T850A0700 004:298.689 - 0.569ms returns FALSE
T850A0700 004:298.695 JLINK_IsHalted()
T850A0700 004:299.202 - 0.507ms returns FALSE
T850A0700 004:400.205 JLINK_IsHalted()
T850A0700 004:400.869 - 0.664ms returns FALSE
T850A0700 004:400.878 JLINK_IsHalted()
T850A0700 004:401.619 - 0.740ms returns FALSE
T850A0700 004:502.187 JLINK_IsHalted()
T850A0700 004:502.828 - 0.640ms returns FALSE
T850A0700 004:502.851 JLINK_IsHalted()
T850A0700 004:503.468 - 0.616ms returns FALSE
T8489F700 004:583.867 JLINK_IsHalted()
T8489F700 004:584.524 - 0.657ms returns FALSE
T8489F700 004:584.552 JLINK_IsHalted()
T8489F700 004:585.101 - 0.547ms returns FALSE
T850A0700 004:604.097 JLINK_IsHalted()
T850A0700 004:604.786 - 0.689ms returns FALSE
T850A0700 004:604.809 JLINK_IsHalted()
T850A0700 004:605.443 - 0.632ms returns FALSE
T850A0700 004:706.252 JLINK_IsHalted()
T850A0700 004:707.033 - 0.780ms returns FALSE
T850A0700 004:707.088 JLINK_IsHalted()
T850A0700 004:707.734 - 0.645ms returns FALSE
T850A0700 004:808.068 JLINK_IsHalted()
T850A0700 004:808.789 - 0.722ms returns FALSE
T850A0700 004:808.813 JLINK_IsHalted()
T850A0700 004:809.513 - 0.700ms returns FALSE
T850A0700 004:910.068 JLINK_IsHalted()
T850A0700 004:910.850 - 0.783ms returns FALSE
T850A0700 004:910.876 JLINK_IsHalted()
T850A0700 004:911.613 - 0.736ms returns FALSE
T850A0700 005:012.117 JLINK_IsHalted()
T850A0700 005:012.883 - 0.766ms returns FALSE
T850A0700 005:012.903 JLINK_IsHalted()
T850A0700 005:013.529 - 0.625ms returns FALSE
T850A0700 005:114.135 JLINK_IsHalted()
T850A0700 005:114.760 - 0.625ms returns FALSE
T850A0700 005:114.773 JLINK_IsHalted()
T850A0700 005:115.378 - 0.603ms returns FALSE
T850A0700 005:216.200 JLINK_IsHalted()
T850A0700 005:216.904 - 0.704ms returns FALSE
T850A0700 005:216.923 JLINK_IsHalted()
T850A0700 005:217.550 - 0.625ms returns FALSE
T850A0700 005:318.070 JLINK_IsHalted()
T850A0700 005:318.741 - 0.669ms returns FALSE
T850A0700 005:318.766 JLINK_IsHalted()
T850A0700 005:319.470 - 0.703ms returns FALSE
T850A0700 005:420.244 JLINK_IsHalted()
T850A0700 005:420.911 - 0.666ms returns FALSE
T850A0700 005:420.945 JLINK_IsHalted()
T850A0700 005:421.624 - 0.678ms returns FALSE
T850A0700 005:522.074 JLINK_IsHalted()
T850A0700 005:522.634 - 0.560ms returns FALSE
T850A0700 005:522.648 JLINK_IsHalted()
T850A0700 005:523.179 - 0.529ms returns FALSE
T8489F700 005:585.688 JLINK_IsHalted()
T8489F700 005:586.424 - 0.736ms returns FALSE
T8489F700 005:586.446 JLINK_IsHalted()
T8489F700 005:587.133 - 0.685ms returns FALSE
T850A0700 005:624.187 JLINK_IsHalted()
T850A0700 005:624.945 - 0.759ms returns FALSE
T850A0700 005:624.972 JLINK_IsHalted()
T850A0700 005:625.766 - 0.791ms returns FALSE
T850A0700 005:726.093 JLINK_IsHalted()
T850A0700 005:726.825 - 0.731ms returns FALSE
T850A0700 005:726.862 JLINK_IsHalted()
T850A0700 005:727.610 - 0.747ms returns FALSE
T850A0700 005:828.178 JLINK_IsHalted()
T850A0700 005:828.733 - 0.554ms returns FALSE
T850A0700 005:828.743 JLINK_IsHalted()
T850A0700 005:829.266 - 0.522ms returns FALSE
T850A0700 005:930.173 JLINK_IsHalted()
T850A0700 005:930.799 - 0.625ms returns FALSE
T850A0700 005:930.819 JLINK_IsHalted()
T850A0700 005:931.475 - 0.654ms returns FALSE
T850A0700 006:032.199 JLINK_IsHalted()
T850A0700 006:032.766 - 0.567ms returns FALSE
T850A0700 006:032.775 JLINK_IsHalted()
T850A0700 006:033.339 - 0.563ms returns FALSE
T850A0700 006:134.078 JLINK_IsHalted()
T850A0700 006:134.814 - 0.735ms returns FALSE
T850A0700 006:134.846 JLINK_IsHalted()
T850A0700 006:135.539 - 0.692ms returns FALSE
T850A0700 006:236.270 JLINK_IsHalted()
T850A0700 006:236.920 - 0.650ms returns FALSE
T850A0700 006:236.959 JLINK_IsHalted()
T850A0700 006:237.575 - 0.614ms returns FALSE
T850A0700 006:338.111 JLINK_IsHalted()
T850A0700 006:338.867 - 0.756ms returns FALSE
T850A0700 006:338.888 JLINK_IsHalted()
T850A0700 006:339.568 - 0.679ms returns FALSE
T850A0700 006:440.068 JLINK_IsHalted()
T850A0700 006:440.663 - 0.594ms returns FALSE
T850A0700 006:440.685 JLINK_IsHalted()
T850A0700 006:441.348 - 0.663ms returns FALSE
T850A0700 006:542.117 JLINK_IsHalted()
T850A0700 006:542.876 - 0.758ms returns FALSE
T850A0700 006:542.905 JLINK_IsHalted()
T850A0700 006:543.596 - 0.690ms returns FALSE
T8489F700 006:587.825 JLINK_IsHalted()
T8489F700 006:588.470 - 0.645ms returns FALSE
T8489F700 006:588.493 JLINK_IsHalted()
T8489F700 006:589.068 - 0.572ms returns FALSE
T850A0700 006:644.127 JLINK_IsHalted()
T850A0700 006:644.833 - 0.706ms returns FALSE
T850A0700 006:644.859 JLINK_IsHalted()
T850A0700 006:645.525 - 0.665ms returns FALSE
T850A0700 006:746.074 JLINK_IsHalted()
T850A0700 006:746.753 - 0.678ms returns FALSE
T850A0700 006:746.776 JLINK_IsHalted()
T850A0700 006:747.344 - 0.568ms returns FALSE
T850A0700 006:848.197 JLINK_IsHalted()
T850A0700 006:848.917 - 0.718ms returns FALSE
T850A0700 006:848.966 JLINK_IsHalted()
T850A0700 006:849.609 - 0.640ms returns FALSE
T850A0700 006:950.238 JLINK_IsHalted()
T850A0700 006:950.953 - 0.714ms returns FALSE
T850A0700 006:951.004 JLINK_IsHalted()
T850A0700 006:951.664 - 0.658ms returns FALSE
T850A0700 007:052.105 JLINK_IsHalted()
T850A0700 007:052.803 - 0.698ms returns FALSE
T850A0700 007:052.834 JLINK_IsHalted()
T850A0700 007:053.514 - 0.678ms returns FALSE
T850A0700 007:154.254 JLINK_IsHalted()
T850A0700 007:154.931 - 0.677ms returns FALSE
T850A0700 007:154.955 JLINK_IsHalted()
T850A0700 007:155.669 - 0.713ms returns FALSE
T850A0700 007:256.107 JLINK_IsHalted()
T850A0700 007:256.838 - 0.731ms returns FALSE
T850A0700 007:256.874 JLINK_IsHalted()
T850A0700 007:257.589 - 0.713ms returns FALSE
T850A0700 007:358.147 JLINK_IsHalted()
T850A0700 007:358.807 - 0.659ms returns FALSE
T850A0700 007:358.825 JLINK_IsHalted()
T850A0700 007:359.516 - 0.689ms returns FALSE
T850A0700 007:460.215 JLINK_IsHalted()
T850A0700 007:460.924 - 0.710ms returns FALSE
T850A0700 007:460.940 JLINK_IsHalted()
T850A0700 007:461.635 - 0.694ms returns FALSE
T850A0700 007:562.229 JLINK_IsHalted()
T850A0700 007:562.914 - 0.685ms returns FALSE
T850A0700 007:562.934 JLINK_IsHalted()
T850A0700 007:563.658 - 0.722ms returns FALSE
T8489F700 007:589.756 JLINK_IsHalted()
T8489F700 007:590.384 - 0.628ms returns FALSE
T8489F700 007:590.404 JLINK_IsHalted()
T8489F700 007:590.985 - 0.579ms returns FALSE
T850A0700 007:664.105 JLINK_IsHalted()
T850A0700 007:664.771 - 0.665ms returns FALSE
T850A0700 007:664.795 JLINK_IsHalted()
T850A0700 007:665.381 - 0.584ms returns FALSE
T850A0700 007:766.222 JLINK_IsHalted()
T850A0700 007:766.908 - 0.685ms returns FALSE
T850A0700 007:766.933 JLINK_IsHalted()
T850A0700 007:767.568 - 0.635ms returns FALSE
T850A0700 007:868.067 JLINK_IsHalted()
T850A0700 007:868.778 - 0.711ms returns FALSE
T850A0700 007:868.806 JLINK_IsHalted()
T850A0700 007:869.407 - 0.600ms returns FALSE
T850A0700 007:970.128 JLINK_IsHalted()
T850A0700 007:970.848 - 0.720ms returns FALSE
T850A0700 007:970.886 JLINK_IsHalted()
T850A0700 007:971.552 - 0.664ms returns FALSE
T850A0700 008:072.068 JLINK_IsHalted()
T850A0700 008:072.825 - 0.756ms returns FALSE
T850A0700 008:072.842 JLINK_IsHalted()
T850A0700 008:073.465 - 0.622ms returns FALSE
T850A0700 008:174.180 JLINK_IsHalted()
T850A0700 008:174.773 - 0.592ms returns FALSE
T850A0700 008:174.796 JLINK_IsHalted()
T850A0700 008:175.354 - 0.557ms returns FALSE
T850A0700 008:276.147 JLINK_IsHalted()
T850A0700 008:276.919 - 0.772ms returns FALSE
T850A0700 008:276.927 JLINK_IsHalted()
T850A0700 008:277.601 - 0.673ms returns FALSE
T850A0700 008:378.151 JLINK_IsHalted()
T850A0700 008:379.029 - 0.878ms returns FALSE
T850A0700 008:379.037 JLINK_IsHalted()
T850A0700 008:379.678 - 0.641ms returns FALSE
T850A0700 008:480.171 JLINK_IsHalted()
T850A0700 008:480.924 - 0.748ms returns FALSE
T850A0700 008:480.948 JLINK_IsHalted()
T850A0700 008:481.597 - 0.649ms returns FALSE
T850A0700 008:582.167 JLINK_IsHalted()
T850A0700 008:582.814 - 0.647ms returns FALSE
T850A0700 008:582.842 JLINK_IsHalted()
T850A0700 008:583.532 - 0.689ms returns FALSE
T8489F700 008:591.710 JLINK_IsHalted()
T8489F700 008:592.386 - 0.676ms returns FALSE
T8489F700 008:592.419 JLINK_IsHalted()
T8489F700 008:592.964 - 0.543ms returns FALSE
T850A0700 008:684.182 JLINK_IsHalted()
T850A0700 008:684.971 - 0.789ms returns FALSE
T850A0700 008:685.007 JLINK_IsHalted()
T850A0700 008:685.720 - 0.711ms returns FALSE
T850A0700 008:786.282 JLINK_IsHalted()
T850A0700 008:787.088 - 0.806ms returns FALSE
T850A0700 008:787.131 JLINK_IsHalted()
T850A0700 008:787.864 - 0.730ms returns FALSE
T850A0700 008:888.235 JLINK_IsHalted()
T850A0700 008:889.054 - 0.819ms returns FALSE
T850A0700 008:889.089 JLINK_IsHalted()
T850A0700 008:890.022 - 0.931ms returns FALSE
T850A0700 008:991.134 JLINK_IsHalted()
T850A0700 008:992.049 - 0.914ms returns FALSE
T850A0700 008:992.087 JLINK_IsHalted()
T850A0700 008:992.903 - 0.814ms returns FALSE
T850A0700 009:093.180 JLINK_IsHalted()
T850A0700 009:093.867 - 0.686ms returns FALSE
T850A0700 009:093.905 JLINK_IsHalted()
T850A0700 009:094.693 - 0.786ms returns FALSE
T850A0700 009:195.151 JLINK_IsHalted()
T850A0700 009:195.932 - 0.779ms returns FALSE
T850A0700 009:195.977 JLINK_IsHalted()
T850A0700 009:196.709 - 0.729ms returns FALSE
T850A0700 009:297.214 JLINK_IsHalted()
T850A0700 009:298.010 - 0.796ms returns FALSE
T850A0700 009:298.051 JLINK_IsHalted()
T850A0700 009:298.724 - 0.671ms returns FALSE
T850A0700 009:399.145 JLINK_IsHalted()
T850A0700 009:399.867 - 0.719ms returns FALSE
T850A0700 009:399.906 JLINK_IsHalted()
T850A0700 009:400.705 - 0.798ms returns FALSE
T850A0700 009:501.112 JLINK_IsHalted()
T850A0700 009:501.693 - 0.581ms returns FALSE
T850A0700 009:501.716 JLINK_IsHalted()
T850A0700 009:502.342 - 0.624ms returns FALSE
T8489F700 009:593.541 JLINK_IsHalted()
T8489F700 009:594.166 - 0.624ms returns FALSE
T8489F700 009:594.188 JLINK_IsHalted()
T8489F700 009:594.772 - 0.583ms returns FALSE
T850A0700 009:603.177 JLINK_IsHalted()
T850A0700 009:603.840 - 0.662ms returns FALSE
T850A0700 009:603.868 JLINK_IsHalted()
T850A0700 009:604.425 - 0.556ms returns FALSE
T850A0700 009:705.100 JLINK_IsHalted()
T850A0700 009:705.764 - 0.663ms returns FALSE
T850A0700 009:705.787 JLINK_IsHalted()
T850A0700 009:706.467 - 0.680ms returns FALSE
T884A9700 009:773.723   
  ***** Error: Connection to emulator lost!
T850A0700 009:807.161 JLINK_IsHalted()
T850A0700 009:807.180 - 0.019ms returns ERROR
T850A0700 009:807.185 JLINK_IsHalted()
T850A0700 009:807.188 - 0.004ms returns ERROR
T8D0E46C0 009:817.290 JLINK_Halt()
T8D0E46C0 009:817.304 - 0.015ms returns 0x00
T8D0E46C0 009:817.310 JLINK_ReadReg(XPSR)
T8D0E46C0 009:817.312 - 0.003ms returns 0x00000000
T8D0E46C0 009:826.013 JLINK_Close()
T8D0E46C0 009:836.535 - 10.521ms
T8D0E46C0 009:836.548   
T8D0E46C0 009:836.551   Closed
