T730F96C0 000:001.477   SEGGER J-Link V7.96j Log File
T730F96C0 000:001.545   DLL Compiled: May 29 2024 15:42:37
T730F96C0 000:001.548   Logging started @ 2024-08-28 09:00
T730F96C0 000:001.550   Process: /home/truongchu/.eclipse/com.renesas.platform_626254658/DebugComp/RA/e2-server-gdb
T730F96C0 000:001.552 - 1.552ms
T730F96C0 000:001.555 JLINK_GetDLLVersion()
T730F96C0 000:001.558 - 0.002ms returns 79610
T730F96C0 000:001.822 JLINK_OpenEx(...)
T730F96C0 000:008.157   Firmware: J-Link OB-S124 compiled Apr 23 2024 10:48:24
T730F96C0 000:010.007   Firmware: J-Link OB-S124 compiled Apr 23 2024 10:48:24
T730F96C0 000:041.886   Hardware: V1.00
T730F96C0 000:041.921   S/N: 831155721
T730F96C0 000:041.925   OEM: SEGGER
T730F96C0 000:041.928   Feature(s): None
T730F96C0 000:044.612   Bootloader: 2019 Oct 15
T730F96C0 000:046.021   USB speed mode: Full speed (12 MBit/s)
T730F96C0 000:046.904   TELNET listener socket opened on port 19021
T730F96C0 000:046.951   WEBSRV WEBSRV_Init(): Starting webserver thread(s)
T730F96C0 000:046.998   WEBSRV Webserver running on local port 19080
T730F96C0 000:047.011   Looking for J-Link GUI Server exe at: ARM/Segger_v7.96.10/JLinkGUIServerExe
T730F96C0 000:047.018   Looking for J-Link GUI Server exe at: /opt/SEGGER/JLink/JLinkGUIServerExe
T730F96C0 000:047.029   Forking J-Link GUI Server: /opt/SEGGER/JLink/JLinkGUIServerExe
T730F96C0 000:061.400   J-Link GUI Server info: "J-Link GUI server V7.88d "
T730F96C0 000:061.521   J-Link GUI Server: Connection breakdown.
T730F96C0 000:061.564 - 59.741ms returns "O.K."
T730F96C0 000:061.617 JLINK_ExecCommand("ProjectFile="/home/truongchu/Academic/HK9/IoT/UART/UART Debug_Flat.jlink"", ...). 
T730F96C0 000:076.257 - 14.639ms returns 0x00
T730F96C0 000:076.372 JLINK_ExecCommand("device=R7FA6M5BH", ...). 
T730F96C0 000:077.729   Flash bank @ 0x0100A100: SFL: Parsing sectorization info from ELF file
T730F96C0 000:077.737     FlashDevice.SectorInfo[0]: .SectorSize = 0x00000010, .SectorStartAddr = 0x00000000
T730F96C0 000:077.741   FlashBank @0x0100A100: Sectorization info from SFL ELF file ignored because sectorization override from DLL / XML file is active.
T730F96C0 000:078.284   Flash bank @ 0x60000000: SFL: Parsing sectorization info from ELF file
T730F96C0 000:078.289     FlashDevice.SectorInfo[0]: .SectorSize = 0x00010000, .SectorStartAddr = 0x00000000
T730F96C0 000:083.764   Device "R7FA6M5BH" selected.
T730F96C0 000:083.848 - 7.470ms returns 0x00
T730F96C0 000:083.862 JLINK_TIF_GetAvailable(...)
T730F96C0 000:084.196 - 0.334ms
T730F96C0 000:084.204 JLINK_TIF_Select(JLINKARM_TIF_SWD)
T730F96C0 000:086.685 - 2.480ms returns 0x00
T730F96C0 000:086.694 JLINK_SetSpeed(4000)
T730F96C0 000:087.054 - 0.359ms
T730F96C0 000:087.069 JLINK_ReadMem(0xE000EDF0, 0x4 Bytes, ...)
T730F96C0 000:087.327   ConfigTargetSettings() start
T730F96C0 000:087.334    J-Link Script File: Executing ConfigTargetSettings()
T730F96C0 000:087.338   Configuring FlashDLNoRMWThreshold=0x200 in order to make sure that option bytes programming is done via read-modify-write
T730F96C0 000:088.889   ConfigTargetSettings() end - Took 1.55ms
T730F96C0 000:088.895   InitTarget() start
T730F96C0 000:088.900    J-Link Script File: Executing InitTarget()
T730F96C0 000:088.904   SWD selected. Executing JTAG -> SWD switching sequence.
T730F96C0 000:092.595   DAP initialized successfully.
T730F96C0 000:092.623   Determining TrustZone configuration...
T730F96C0 000:094.945     Secure Debug: Enabled (SSD)
T730F96C0 000:094.974   Determining currently configured transfer type by reading the AHB-AP CSW register.
T730F96C0 000:096.948     --> Correct transfer type configured. Done.
T730F96C0 000:096.977   InitTarget() end - Took 8.07ms
T730F96C0 000:098.300   Found SW-DP with ID 0x6BA02477
T730F96C0 000:102.879   DPIDR: 0x6BA02477
T730F96C0 000:102.905   CoreSight SoC-400 or earlier
T730F96C0 000:102.918   Scanning AP map to find all available APs
T730F96C0 000:104.962   AP[2]: Stopped AP scan as end of AP map has been reached
T730F96C0 000:104.987   AP[0]: AHB-AP (IDR: 0x84770001)
T730F96C0 000:105.015   AP[1]: APB-AP (IDR: 0x54770002)
T730F96C0 000:105.026   Iterating through AP map to find AHB-AP to use
T730F96C0 000:106.928   AP[0]: Core found
T730F96C0 000:106.955   AP[0]: AHB-AP ROM base: 0xE00FE000
T730F96C0 000:107.944   CPUID register: 0x410FD214. Implementer code: 0x41 (ARM)
T730F96C0 000:107.970   Feature set: Mainline
T730F96C0 000:108.948   Cache: No cache
T730F96C0 000:108.974   Found Cortex-M33 r0p4, Little endian.
T730F96C0 000:109.844   -- Max. mem block: 0x00001B00
T730F96C0 000:111.677   CPU_ReadMem(4 bytes @ 0xE000EDF0)
T730F96C0 000:112.740   CPU_WriteMem(4 bytes @ 0xE000EDF0)
T730F96C0 000:113.591   CPU_ReadMem(4 bytes @ 0xE0002000)
T730F96C0 000:114.340   FPUnit: 8 code (BP) slots and 0 literal slots
T730F96C0 000:114.388   CPU_ReadMem(4 bytes @ 0xE000EDFC)
T730F96C0 000:115.105   CPU_WriteMem(4 bytes @ 0xE000EDFC)
T730F96C0 000:115.850   CPU_ReadMem(4 bytes @ 0xE0001000)
T730F96C0 000:116.648   CPU_ReadMem(4 bytes @ 0xE0001000)
T730F96C0 000:117.448   CPU_ReadMem(4 bytes @ 0xE0001028)
T730F96C0 000:118.257   CPU_ReadMem(4 bytes @ 0xE0001038)
T730F96C0 000:118.951   CPU_ReadMem(4 bytes @ 0xE0001048)
T730F96C0 000:119.789   CPU_ReadMem(4 bytes @ 0xE0001058)
T730F96C0 000:120.559   CPU_WriteMem(4 bytes @ 0xE0001000)
T730F96C0 000:121.381   CPU_ReadMem(4 bytes @ 0xE000ED88)
T730F96C0 000:122.144   CPU_WriteMem(4 bytes @ 0xE000ED88)
T730F96C0 000:122.934   CPU_ReadMem(4 bytes @ 0xE000ED88)
T730F96C0 000:123.797   CPU_WriteMem(4 bytes @ 0xE000ED88)
T730F96C0 000:124.553   CPU_ReadMem(4 bytes @ 0xE000EFB8)
T730F96C0 000:125.337   Security extension: implemented
T730F96C0 000:125.365   Secure debug: enabled
T730F96C0 000:125.377   CoreSight components:
T730F96C0 000:125.389   ROMTbl[0] @ E00FE000
T730F96C0 000:125.404   CPU_ReadMem(64 bytes @ 0xE00FE000)
T730F96C0 000:126.898   CPU_ReadMem(32 bytes @ 0xE0044FE0)
T730F96C0 000:128.156   CPU_ReadMem(4 bytes @ 0xE0044FBC)
T730F96C0 000:128.883   CPU_ReadMem(4 bytes @ 0xE0044FCC)
T730F96C0 000:129.665   [0][0]: E0044000 CID B105900D PID 005BB906 DEVARCH 00000000 DEVTYPE 14 CTI (?)
T730F96C0 000:129.697   CPU_ReadMem(32 bytes @ 0xE0047FE0)
T730F96C0 000:130.763   CPU_ReadMem(4 bytes @ 0xE0047FBC)
T730F96C0 000:131.505   CPU_ReadMem(4 bytes @ 0xE0047FCC)
T730F96C0 000:132.281   [0][1]: E0047000 CID B105900D PID 003BB908 DEVARCH 00000000 DEVTYPE 12 CSTF
T730F96C0 000:132.313   CPU_ReadMem(32 bytes @ 0xE0048FE0)
T730F96C0 000:133.469   CPU_ReadMem(4 bytes @ 0xE0048FBC)
T730F96C0 000:134.201   CPU_ReadMem(4 bytes @ 0xE0048FCC)
T730F96C0 000:134.968   [0][2]: E0048000 CID B105900D PID 001BB961 DEVARCH 00000000 DEVTYPE 21 ETB
T730F96C0 000:135.002   CPU_ReadMem(32 bytes @ 0xE0049FE0)
T730F96C0 000:136.077   [0][3]: E0049000 CID B105F00D PID 001BB101 TSG
T730F96C0 000:136.108   CPU_ReadMem(32 bytes @ 0xE0040FE0)
T730F96C0 000:137.117   CPU_ReadMem(4 bytes @ 0xE0040FBC)
T730F96C0 000:137.803   CPU_ReadMem(4 bytes @ 0xE0040FCC)
T730F96C0 000:138.493   [0][4]: E0040000 CID B105900D PID 000BBD21 DEVARCH 00000000 DEVTYPE 11 TPIU
T730F96C0 000:138.524   CPU_ReadMem(32 bytes @ 0xE00FFFE0)
T730F96C0 000:139.613   [0][5]: E00FF000 CID B105100D PID 000BB4C9 ROM Table
T730F96C0 000:139.638   ROMTbl[1] @ E00FF000
T730F96C0 000:139.652   CPU_ReadMem(64 bytes @ 0xE00FF000)
T730F96C0 000:141.118   CPU_ReadMem(32 bytes @ 0xE000EFE0)
T730F96C0 000:142.305   CPU_ReadMem(4 bytes @ 0xE000EFBC)
T730F96C0 000:142.965   CPU_ReadMem(4 bytes @ 0xE000EFCC)
T730F96C0 000:143.576   [1][0]: E000E000 CID B105900D PID 000BBD21 DEVARCH 47702A04 DEVTYPE 00 Cortex-M33
T730F96C0 000:143.612   CPU_ReadMem(32 bytes @ 0xE0001FE0)
T730F96C0 000:144.707   CPU_ReadMem(4 bytes @ 0xE0001FBC)
T730F96C0 000:145.467   CPU_ReadMem(4 bytes @ 0xE0001FCC)
T730F96C0 000:146.154   [1][1]: E0001000 CID B105900D PID 000BBD21 DEVARCH 47701A02 DEVTYPE 00 DWT
T730F96C0 000:146.186   CPU_ReadMem(32 bytes @ 0xE0002FE0)
T730F96C0 000:147.434   CPU_ReadMem(4 bytes @ 0xE0002FBC)
T730F96C0 000:148.109   CPU_ReadMem(4 bytes @ 0xE0002FCC)
T730F96C0 000:148.877   [1][2]: E0002000 CID B105900D PID 000BBD21 DEVARCH 47701A03 DEVTYPE 00 FPB
T730F96C0 000:148.909   CPU_ReadMem(32 bytes @ 0xE0000FE0)
T730F96C0 000:150.001   CPU_ReadMem(4 bytes @ 0xE0000FBC)
T730F96C0 000:150.733   CPU_ReadMem(4 bytes @ 0xE0000FCC)
T730F96C0 000:151.499   [1][3]: E0000000 CID B105900D PID 000BBD21 DEVARCH 47701A01 DEVTYPE 43 ITM
T730F96C0 000:151.530   CPU_ReadMem(32 bytes @ 0xE0041FE0)
T730F96C0 000:152.538   CPU_ReadMem(4 bytes @ 0xE0041FBC)
T730F96C0 000:153.246   CPU_ReadMem(4 bytes @ 0xE0041FCC)
T730F96C0 000:154.033   [1][5]: E0041000 CID B105900D PID 002BBD21 DEVARCH 47724A13 DEVTYPE 13 ETM
T730F96C0 000:154.066   CPU_ReadMem(32 bytes @ 0xE0042FE0)
T730F96C0 000:155.316   CPU_ReadMem(4 bytes @ 0xE0042FBC)
T730F96C0 000:156.023   CPU_ReadMem(4 bytes @ 0xE0042FCC)
T730F96C0 000:156.807   [1][6]: E0042000 CID B105900D PID 000BBD21 DEVARCH 47701A14 DEVTYPE 14 CSS600-CTI
T730F96C0 000:156.927   CPU_ReadMem(4 bytes @ 0xE000EDF0)
T730F96C0 000:157.571   Data:  01 00 10 01
T730F96C0 000:157.600   Debug reg: DHCSR
T730F96C0 000:157.613 - 70.543ms returns 0
T730F96C0 000:157.636 JLINK_ReadMem(0x400E002C, 0x4 Bytes, ...)
T730F96C0 000:157.658   CPU_ReadMem(4 bytes @ 0x400E002C)
T730F96C0 000:158.325   Data:  02 00 00 00
T730F96C0 000:158.355 - 0.719ms returns 0
T730F96C0 000:158.428 JLINK_ReadMem(0xE000EDF0, 0x4 Bytes, ...)
T730F96C0 000:158.453   CPU_ReadMem(4 bytes @ 0xE000EDF0)
T730F96C0 000:159.085   Data:  01 00 10 01
T730F96C0 000:159.114   Debug reg: DHCSR
T730F96C0 000:159.127 - 0.700ms returns 0
T730F96C0 000:159.168 JLINK_ReadMem(0xE000EDF0, 0x4 Bytes, ...)
T730F96C0 000:159.189   CPU_ReadMem(4 bytes @ 0xE000EDF0)
T730F96C0 000:160.011   Data:  01 00 10 01
T730F96C0 000:160.040   Debug reg: DHCSR
T730F96C0 000:160.053 - 0.885ms returns 0
T730F96C0 000:160.074 JLINK_ReadMem(0x400E001C, 0x4 Bytes, ...)
T730F96C0 000:160.096   CPU_ReadMem(4 bytes @ 0x400E001C)
T730F96C0 000:160.895   Data:  00 10 00 00
T730F96C0 000:160.925 - 0.850ms returns 0
T730F96C0 000:160.954 JLINK_ReadMem(0xE000EDF0, 0x4 Bytes, ...)
T730F96C0 000:160.975   CPU_ReadMem(4 bytes @ 0xE000EDF0)
T730F96C0 000:161.709   Data:  01 00 10 01
T730F96C0 000:161.737   Debug reg: DHCSR
T730F96C0 000:161.750 - 0.796ms returns 0
T730F96C0 000:161.770 JLINK_ReadMem(0x400E0018, 0x4 Bytes, ...)
T730F96C0 000:161.791   CPU_ReadMem(4 bytes @ 0x400E0018)
T730F96C0 000:162.530   Data:  00 80 00 00
T730F96C0 000:162.568 - 0.797ms returns 0
T730F96C0 000:162.605 JLINK_ReadMem(0xE000EDF0, 0x4 Bytes, ...)
T730F96C0 000:162.636   CPU_ReadMem(4 bytes @ 0xE000EDF0)
T730F96C0 000:163.358   Data:  01 00 10 01
T730F96C0 000:163.386   Debug reg: DHCSR
T730F96C0 000:163.400 - 0.796ms returns 0
T730F96C0 000:163.420 JLINK_ReadMem(0x400E0020, 0x4 Bytes, ...)
T730F96C0 000:163.441   CPU_ReadMem(4 bytes @ 0x400E0020)
T730F96C0 000:164.171   Data:  00 00 00 00
T730F96C0 000:164.200 - 0.780ms returns 0
T730F96C0 000:164.232 JLINK_ReadMem(0xE000EDF0, 0x4 Bytes, ...)
T730F96C0 000:164.253   CPU_ReadMem(4 bytes @ 0xE000EDF0)
T730F96C0 000:164.976   Data:  01 00 10 01
T730F96C0 000:165.005   Debug reg: DHCSR
T730F96C0 000:165.017 - 0.785ms returns 0
T730F96C0 000:165.038 JLINK_ReadMem(0x400E0028, 0x4 Bytes, ...)
T730F96C0 000:165.059   CPU_ReadMem(4 bytes @ 0x400E0028)
T730F96C0 000:165.805   Data:  00 08 00 00
T730F96C0 000:165.835 - 0.796ms returns 0
T730F96C0 000:165.866 JLINK_ReadMem(0xE000EDF0, 0x4 Bytes, ...)
T730F96C0 000:165.887   CPU_ReadMem(4 bytes @ 0xE000EDF0)
T730F96C0 000:166.538   Data:  01 00 10 01
T730F96C0 000:166.569   Debug reg: DHCSR
T730F96C0 000:166.582 - 0.717ms returns 0
T730F96C0 000:166.601 JLINK_ReadMem(0x400E0024, 0x4 Bytes, ...)
T730F96C0 000:166.623   CPU_ReadMem(4 bytes @ 0x400E0024)
T730F96C0 000:167.313   Data:  00 20 00 00
T730F96C0 000:167.342 - 0.741ms returns 0
T730F96C0 000:167.371 JLINK_ReadMem(0xE000EDF0, 0x4 Bytes, ...)
T730F96C0 000:167.393   CPU_ReadMem(4 bytes @ 0xE000EDF0)
T730F96C0 000:168.064   Data:  01 00 10 01
T730F96C0 000:168.108   Debug reg: DHCSR
T730F96C0 000:168.121 - 0.750ms returns 0
T730F96C0 000:168.142 JLINK_ReadMem(0x400E002C, 0x4 Bytes, ...)
T730F96C0 000:168.163   CPU_ReadMem(4 bytes @ 0x400E002C)
T730F96C0 000:168.859   Data:  02 00 00 00
T730F96C0 000:168.889 - 0.747ms returns 0
T730F96C0 000:168.917 JLINK_ReadMem(0xE000EDF0, 0x4 Bytes, ...)
T730F96C0 000:168.939   CPU_ReadMem(4 bytes @ 0xE000EDF0)
T730F96C0 000:169.575   Data:  01 00 10 01
T730F96C0 000:169.603   Debug reg: DHCSR
T730F96C0 000:169.616 - 0.699ms returns 0
T730F96C0 000:169.637 JLINK_ReadMem(0x400E002C, 0x4 Bytes, ...)
T730F96C0 000:169.657   CPU_ReadMem(4 bytes @ 0x400E002C)
T730F96C0 000:170.339   Data:  02 00 00 00
T730F96C0 000:170.399 - 0.762ms returns 0
T730F96C0 000:178.735 JLINK_Close()
T730F96C0 000:200.993 - 22.256ms
T730F96C0 000:201.027   
T730F96C0 000:201.035   Closed
